1.000000e-03 0.000000e+00
1.039300e-03 0.000000e+00
1.080100e-03 0.000000e+00
1.122500e-03 2.110024e+18
1.166500e-03 0.000000e+00
1.212300e-03 0.000000e+00
1.259900e-03 0.000000e+00
1.309400e-03 0.000000e+00
1.360800e-03 0.000000e+00
1.414200e-03 0.000000e+00
1.469700e-03 0.000000e+00
1.527400e-03 0.000000e+00
1.587300e-03 0.000000e+00
1.649600e-03 0.000000e+00
1.714400e-03 0.000000e+00
1.781700e-03 0.000000e+00
1.851600e-03 0.000000e+00
1.924300e-03 0.000000e+00
1.999900e-03 0.000000e+00
2.078400e-03 0.000000e+00
2.160000e-03 -1.094607e+18
2.244800e-03 0.000000e+00
2.332900e-03 0.000000e+00
2.424500e-03 0.000000e+00
2.519600e-03 0.000000e+00
2.618500e-03 9.040431e+17
2.721300e-03 8.680641e+17
2.828200e-03 0.000000e+00
2.939200e-03 0.000000e+00
3.054600e-03 0.000000e+00
3.174500e-03 0.000000e+00
3.299100e-03 -7.169308e+17
3.428600e-03 0.000000e+00
3.563200e-03 0.000000e+00
3.703100e-03 0.000000e+00
3.848400e-03 0.000000e+00
3.999500e-03 0.000000e+00
4.156500e-03 0.000000e+00
4.319700e-03 0.000000e+00
4.489300e-03 0.000000e+00
4.665500e-03 0.000000e+00
4.848600e-03 0.000000e+00
5.039000e-03 0.000000e+00
5.236800e-03 0.000000e+00
5.442300e-03 0.000000e+00
5.656000e-03 0.000000e+00
5.878000e-03 8.048980e+17
6.108800e-03 0.000000e+00
6.348600e-03 7.446003e+17
6.597800e-03 0.000000e+00
6.856800e-03 6.898014e+17
7.126000e-03 0.000000e+00
7.405700e-03 0.000000e+00
7.696400e-03 3.068687e+17
7.998500e-03 2.954223e+17
8.312500e-03 2.844740e+17
8.638800e-03 0.000000e+00
8.978000e-03 2.636709e+17
9.330400e-03 5.071404e+17
9.696700e-03 9.762193e+17
1.007700e-02 1.321932e+14
1.047300e-02 0.000000e+00
1.088400e-02 2.170980e+17
1.131100e-02 2.090643e+17
1.175500e-02 0.000000e+00
1.221700e-02 1.935705e+17
1.269600e-02 1.861479e+17
1.319500e-02 3.582268e+17
1.371300e-02 1.727107e+17
1.425100e-02 3.324872e+17
1.481000e-02 1.600972e+17
1.539200e-02 6.150393e+17
1.599600e-02 7.396257e+17
1.662400e-02 4.263602e+17
1.727700e-02 2.743720e+17
1.795500e-02 7.903349e+17
1.866000e-02 8.876671e+17
1.939200e-02 3.660611e+17
2.015300e-02 5.860054e+17
2.094500e-02 1.469059e+18
2.176700e-02 8.695486e+17
2.262100e-02 1.254812e+18
2.350900e-02 9.051248e+17
2.443200e-02 1.355062e+18
2.539100e-02 1.490251e+18
2.638800e-02 1.165447e+18
2.742400e-02 1.121609e+18
2.850000e-02 1.244704e+18
2.961900e-02 1.037501e+18
3.078200e-02 1.383115e+18
3.199000e-02 1.700256e+18
3.324600e-02 1.565783e+18
3.455100e-02 1.437917e+18
3.590700e-02 1.975099e+18
3.731700e-02 1.647740e+18
3.878200e-02 2.745538e+18
4.030400e-02 1.995892e+18
4.188600e-02 2.370105e+18
4.353100e-02 3.042704e+18
4.524000e-02 2.667633e+18
4.701500e-02 2.917889e+18
4.886100e-02 3.243083e+18
5.077900e-02 3.724794e+18
5.277300e-02 3.720000e+18
5.484400e-02 3.752396e+18
5.699700e-02 4.272950e+18
5.923500e-02 4.273570e+18
6.156000e-02 4.688631e+18
6.397600e-02 4.657191e+18
6.648800e-02 5.514137e+18
6.909800e-02 6.129009e+18
7.181000e-02 6.456259e+18
7.462900e-02 6.686507e+18
7.755900e-02 6.282046e+18
8.060400e-02 6.045360e+18
8.376801e-02 8.133689e+18
8.705600e-02 7.144611e+18
9.047400e-02 8.106369e+18
9.402500e-02 8.627431e+18
9.771600e-02 9.227160e+18
1.015500e-01 8.936046e+18
1.055400e-01 9.979681e+18
1.096800e-01 9.586696e+18
1.139900e-01 1.028242e+19
1.184600e-01 1.004541e+19
1.231100e-01 1.126167e+19
1.279500e-01 1.220742e+19
1.329700e-01 1.209601e+19
1.381900e-01 1.327733e+19
1.436100e-01 1.280856e+19
1.492500e-01 1.367433e+19
1.551100e-01 1.414868e+19
1.612000e-01 1.386136e+19
1.675300e-01 1.450066e+19
1.741000e-01 1.470229e+19
1.809400e-01 1.543142e+19
1.880400e-01 1.584049e+19
1.954200e-01 1.587101e+19
2.030900e-01 1.665890e+19
2.110600e-01 1.690131e+19
2.193500e-01 1.768759e+19
2.279600e-01 1.668352e+19
2.369100e-01 1.694328e+19
2.462100e-01 1.802324e+19
2.558700e-01 1.721977e+19
2.659200e-01 1.791337e+19
2.763600e-01 1.779399e+19
2.872100e-01 1.800280e+19
2.984800e-01 1.723947e+19
3.102000e-01 1.777746e+19
3.223700e-01 1.862961e+19
3.350300e-01 1.820994e+19
3.481800e-01 1.758605e+19
3.618500e-01 1.743314e+19
3.760500e-01 1.747534e+19
3.908200e-01 1.700892e+19
4.061600e-01 1.681051e+19
4.221000e-01 1.671686e+19
4.386700e-01 1.582243e+19
4.558900e-01 1.574503e+19
4.737900e-01 1.491639e+19
4.923900e-01 1.470191e+19
5.117200e-01 1.406995e+19
5.318100e-01 1.390759e+19
5.526800e-01 1.338962e+19
5.743800e-01 1.280700e+19
5.969200e-01 1.233690e+19
6.203600e-01 1.191332e+19
6.447100e-01 1.090565e+19
6.700200e-01 1.038322e+19
6.963200e-01 1.015910e+19
7.236600e-01 9.576898e+18
7.520600e-01 8.837006e+18
7.815900e-01 8.222642e+18
8.122700e-01 7.577304e+18
8.441500e-01 7.058390e+18
8.772900e-01 6.329396e+18
9.117300e-01 6.111062e+18
9.475200e-01 5.462160e+18
9.847200e-01 5.045990e+18
1.023400e+00 4.456006e+18
1.063500e+00 4.030924e+18
1.105300e+00 3.660304e+18
1.148700e+00 3.348724e+18
1.193800e+00 2.932691e+18
1.240600e+00 2.668951e+18
1.289300e+00 2.283257e+18
1.340000e+00 1.960364e+18
1.392600e+00 1.848924e+18
1.447200e+00 1.489602e+18
1.504000e+00 1.301465e+18
1.563100e+00 1.171436e+18
1.624400e+00 9.764601e+17
1.688200e+00 8.014534e+17
1.754500e+00 6.429943e+17
1.823300e+00 5.455932e+17
1.894900e+00 4.549891e+17
1.969300e+00 3.575798e+17
2.046600e+00 2.930470e+17
2.127000e+00 2.502364e+17
2.210500e+00 2.021144e+17
2.297200e+00 1.153107e+17
2.387400e+00 8.597179e+16
2.481100e+00 6.923562e+16
2.578500e+00 4.393073e+16
2.679700e+00 3.078600e+16
2.784900e+00 1.582979e+16
2.894300e+00 1.238273e+16
3.007900e+00 1.073262e+16
3.126000e+00 7.295350e+15
3.248700e+00 6.072349e+15
3.376200e+00 2.786790e+15
3.508700e+00 3.568428e+15
3.646500e+00 4.989065e+15
3.789600e+00 4.631612e+15
3.938400e+00 6.337875e+15
4.093000e+00 1.107493e+16
4.253700e+00 1.182525e+16
4.420600e+00 9.856168e+15
4.594200e+00 2.037487e+16
4.774500e+00 1.710270e+16
4.961900e+00 1.808661e+16
5.156700e+00 1.327884e+16
5.359200e+00 2.167870e+16
5.569500e+00 1.819704e+16
5.788200e+00 7.775266e+15
6.015400e+00 4.576703e+15
6.251500e+00 3.964828e+14
6.496900e+00 0.000000e+00
6.752000e+00 7.573621e+13
7.017000e+00 0.000000e+00
7.292500e+00 0.000000e+00
7.578800e+00 0.000000e+00
7.876300e+00 0.000000e+00
8.185500e+00 0.000000e+00
8.506800e+00 0.000000e+00
8.840700e+00 0.000000e+00
9.187801e+00 0.000000e+00
9.548500e+00 0.000000e+00
9.923300e+00 0.000000e+00
1.031300e+01 0.000000e+00
1.071800e+01 0.000000e+00
1.113800e+01 0.000000e+00
1.157600e+01 0.000000e+00
1.203000e+01 0.000000e+00
1.250200e+01 0.000000e+00
1.299300e+01 0.000000e+00
1.350300e+01 0.000000e+00
1.403300e+01 0.000000e+00
1.458400e+01 0.000000e+00
1.515700e+01 0.000000e+00
1.575200e+01 0.000000e+00
1.637000e+01 0.000000e+00
1.701300e+01 0.000000e+00
1.768000e+01 0.000000e+00
1.837400e+01 0.000000e+00
1.909600e+01 0.000000e+00
1.984500e+01 0.000000e+00
2.062400e+01 0.000000e+00
2.143400e+01 0.000000e+00
2.227500e+01 0.000000e+00
2.315000e+01 0.000000e+00
2.405900e+01 0.000000e+00
2.500300e+01 0.000000e+00
2.598500e+01 0.000000e+00
2.700500e+01 0.000000e+00
2.806500e+01 0.000000e+00
2.916600e+01 0.000000e+00
3.031100e+01 0.000000e+00
3.150100e+01 0.000000e+00
3.273800e+01 0.000000e+00
3.402300e+01 0.000000e+00
3.535900e+01 0.000000e+00
3.674700e+01 0.000000e+00
3.818900e+01 0.000000e+00
3.968800e+01 0.000000e+00
4.124600e+01 0.000000e+00
4.286500e+01 0.000000e+00
4.454800e+01 0.000000e+00
4.629700e+01 0.000000e+00
4.811400e+01 0.000000e+00
5.000300e+01 0.000000e+00
5.196600e+01 0.000000e+00
5.400600e+01 0.000000e+00
5.612600e+01 0.000000e+00
5.832900e+01 0.000000e+00
6.061900e+01 0.000000e+00
6.299900e+01 0.000000e+00
6.547200e+01 0.000000e+00
6.804200e+01 0.000000e+00
7.071300e+01 0.000000e+00
7.348900e+01 0.000000e+00
7.637400e+01 0.000000e+00
7.937200e+01 0.000000e+00
8.248700e+01 0.000000e+00
8.572600e+01 0.000000e+00
8.909100e+01 0.000000e+00
9.258800e+01 0.000000e+00
9.622300e+01 0.000000e+00
