1.000000e-03 0.000000e+00
1.039300e-03 0.000000e+00
1.080100e-03 0.000000e+00
1.122500e-03 0.000000e+00
1.166500e-03 0.000000e+00
1.212300e-03 0.000000e+00
1.259900e-03 0.000000e+00
1.309400e-03 0.000000e+00
1.360800e-03 0.000000e+00
1.414200e-03 0.000000e+00
1.469700e-03 0.000000e+00
1.527400e-03 0.000000e+00
1.587300e-03 0.000000e+00
1.649600e-03 0.000000e+00
1.714400e-03 0.000000e+00
1.781700e-03 0.000000e+00
1.851600e-03 0.000000e+00
1.924300e-03 0.000000e+00
1.999900e-03 0.000000e+00
2.078400e-03 0.000000e+00
2.160000e-03 0.000000e+00
2.244800e-03 0.000000e+00
2.332900e-03 0.000000e+00
2.424500e-03 0.000000e+00
2.519600e-03 0.000000e+00
2.618500e-03 0.000000e+00
2.721300e-03 0.000000e+00
2.828200e-03 0.000000e+00
2.939200e-03 0.000000e+00
3.054600e-03 0.000000e+00
3.174500e-03 0.000000e+00
3.299100e-03 0.000000e+00
3.428600e-03 0.000000e+00
3.563200e-03 0.000000e+00
3.703100e-03 0.000000e+00
3.848400e-03 0.000000e+00
3.999500e-03 0.000000e+00
4.156500e-03 1.159078e+18
4.319700e-03 1.113162e+18
4.489300e-03 1.072182e+18
4.665500e-03 0.000000e+00
4.848600e-03 -7.889159e+14
5.039000e-03 0.000000e+00
5.236800e-03 0.000000e+00
5.442300e-03 0.000000e+00
5.656000e-03 0.000000e+00
5.878000e-03 0.000000e+00
6.108800e-03 7.885609e+17
6.348600e-03 0.000000e+00
6.597800e-03 7.296894e+17
6.856800e-03 0.000000e+00
7.126000e-03 6.745508e+17
7.405700e-03 0.000000e+00
7.696400e-03 6.250420e+17
7.998500e-03 -7.373994e+14
8.312500e-03 0.000000e+00
8.638800e-03 0.000000e+00
8.978000e-03 0.000000e+00
9.330400e-03 0.000000e+00
9.696700e-03 0.000000e+00
1.007700e-02 -1.429763e+18
1.047300e-02 4.601059e+17
1.088400e-02 0.000000e+00
1.131100e-02 0.000000e+00
1.175500e-02 4.084928e+17
1.221700e-02 0.000000e+00
1.269600e-02 1.134641e+18
1.319500e-02 1.157438e+15
1.371300e-02 0.000000e+00
1.425100e-02 6.751819e+17
1.481000e-02 6.487127e+17
1.539200e-02 9.380843e+17
1.599600e-02 3.008145e+17
1.662400e-02 2.892656e+17
1.727700e-02 1.671807e+18
1.795500e-02 1.339531e+18
1.866000e-02 1.548653e+18
1.939200e-02 4.966099e+17
2.015300e-02 2.386087e+17
2.094500e-02 2.292121e+17
2.176700e-02 1.327015e+18
2.262100e-02 1.489008e+18
2.350900e-02 1.432466e+18
2.443200e-02 1.575765e+18
2.539100e-02 1.705127e+18
2.638800e-02 2.372554e+18
2.742400e-02 1.931554e+18
2.850000e-02 1.351031e+18
2.961900e-02 1.462475e+18
3.078200e-02 2.033648e+18
3.199000e-02 3.159008e+18
3.324600e-02 1.882124e+18
3.455100e-02 2.786415e+18
3.590700e-02 2.143684e+18
3.731700e-02 3.224614e+18
3.878200e-02 2.978979e+18
4.030400e-02 2.626737e+18
4.188600e-02 3.446009e+18
4.353100e-02 3.758452e+18
4.524000e-02 4.150631e+18
4.701500e-02 4.399779e+18
4.886100e-02 6.302389e+18
5.077900e-02 4.169145e+18
5.277300e-02 6.568584e+18
5.484400e-02 6.318945e+18
5.699700e-02 5.486744e+18
5.923500e-02 5.200127e+18
6.156000e-02 5.003893e+18
6.397600e-02 6.994324e+18
6.648800e-02 7.453967e+18
6.909800e-02 9.264964e+18
7.181000e-02 9.515517e+18
7.462900e-02 9.541571e+18
7.755900e-02 1.011398e+19
8.060400e-02 1.152094e+19
8.376801e-02 1.131745e+19
8.705600e-02 9.672838e+18
9.047400e-02 1.159873e+19
9.402500e-02 1.228493e+19
9.771600e-02 1.369865e+19
1.015500e-01 1.396868e+19
1.055400e-01 1.446446e+19
1.096800e-01 1.503396e+19
1.139900e-01 1.593204e+19
1.184600e-01 1.535564e+19
1.231100e-01 1.631513e+19
1.279500e-01 1.779880e+19
1.329700e-01 1.986875e+19
1.381900e-01 2.178494e+19
1.436100e-01 2.147136e+19
1.492500e-01 2.224536e+19
1.551100e-01 2.276759e+19
1.612000e-01 2.306927e+19
1.675300e-01 2.429616e+19
1.741000e-01 2.502307e+19
1.809400e-01 2.647443e+19
1.880400e-01 2.675193e+19
1.954200e-01 2.783000e+19
2.030900e-01 2.744929e+19
2.110600e-01 2.885054e+19
2.193500e-01 3.065050e+19
2.279600e-01 3.149522e+19
2.369100e-01 3.175024e+19
2.462100e-01 3.283772e+19
2.558700e-01 3.306256e+19
2.659200e-01 3.362224e+19
2.763600e-01 3.443917e+19
2.872100e-01 3.496547e+19
2.984800e-01 3.584897e+19
3.102000e-01 3.654190e+19
3.223700e-01 3.478530e+19
3.350300e-01 3.561629e+19
3.481800e-01 3.593460e+19
3.618500e-01 3.687828e+19
3.760500e-01 3.599188e+19
3.908200e-01 3.635421e+19
4.061600e-01 3.627605e+19
4.221000e-01 3.722174e+19
4.386700e-01 3.603761e+19
4.558900e-01 3.625333e+19
4.737900e-01 3.529695e+19
4.923900e-01 3.524048e+19
5.117200e-01 3.491302e+19
5.318100e-01 3.253486e+19
5.526800e-01 3.230863e+19
5.743800e-01 3.121432e+19
5.969200e-01 3.142921e+19
6.203600e-01 2.935698e+19
6.447100e-01 2.811668e+19
6.700200e-01 2.801712e+19
6.963200e-01 2.717748e+19
7.236600e-01 2.532920e+19
7.520600e-01 2.402826e+19
7.815900e-01 2.350168e+19
8.122700e-01 2.260841e+19
8.441500e-01 2.098251e+19
8.772900e-01 1.984087e+19
9.117300e-01 1.803624e+19
9.475200e-01 1.701944e+19
9.847200e-01 1.607432e+19
1.023400e+00 1.417769e+19
1.063500e+00 1.324979e+19
1.105300e+00 1.192135e+19
1.148700e+00 1.063073e+19
1.193800e+00 1.016642e+19
1.240600e+00 8.914790e+18
1.289300e+00 8.305418e+18
1.340000e+00 7.087716e+18
1.392600e+00 6.452406e+18
1.447200e+00 5.672625e+18
1.504000e+00 4.676206e+18
1.563100e+00 4.193503e+18
1.624400e+00 3.687970e+18
1.688200e+00 3.188241e+18
1.754500e+00 2.667323e+18
1.823300e+00 2.258301e+18
1.894900e+00 1.855761e+18
1.969300e+00 1.521557e+18
2.046600e+00 1.359543e+18
2.127000e+00 1.037721e+18
2.210500e+00 8.691213e+17
2.297200e+00 6.061517e+17
2.387400e+00 5.777756e+17
2.481100e+00 4.683782e+17
2.578500e+00 3.255432e+17
2.679700e+00 2.411802e+17
2.784900e+00 1.795727e+17
2.894300e+00 1.280625e+17
3.007900e+00 9.461467e+16
3.126000e+00 5.768369e+16
3.248700e+00 4.480118e+16
3.376200e+00 2.410637e+16
3.508700e+00 1.935443e+16
3.646500e+00 9.769704e+15
3.789600e+00 6.995713e+15
3.938400e+00 7.203962e+15
4.093000e+00 5.267818e+15
4.253700e+00 8.013360e+15
4.420600e+00 1.172430e+16
4.594200e+00 1.397373e+16
4.774500e+00 5.475842e+15
4.961900e+00 2.350621e+16
5.156700e+00 2.734985e+16
5.359200e+00 2.695620e+16
5.569500e+00 2.925016e+16
5.788200e+00 3.289340e+16
6.015400e+00 3.769427e+16
6.251500e+00 4.244169e+16
6.496900e+00 2.901159e+16
6.752000e+00 2.557303e+16
7.017000e+00 2.231675e+16
7.292500e+00 5.618178e+15
7.578800e+00 2.772663e+15
7.876300e+00 0.000000e+00
8.185500e+00 0.000000e+00
8.506800e+00 0.000000e+00
8.840700e+00 0.000000e+00
9.187801e+00 0.000000e+00
9.548500e+00 0.000000e+00
9.923300e+00 0.000000e+00
1.031300e+01 0.000000e+00
1.071800e+01 0.000000e+00
1.113800e+01 0.000000e+00
1.157600e+01 0.000000e+00
1.203000e+01 0.000000e+00
1.250200e+01 0.000000e+00
1.299300e+01 0.000000e+00
1.350300e+01 0.000000e+00
1.403300e+01 0.000000e+00
1.458400e+01 0.000000e+00
1.515700e+01 0.000000e+00
1.575200e+01 0.000000e+00
1.637000e+01 0.000000e+00
1.701300e+01 0.000000e+00
1.768000e+01 0.000000e+00
1.837400e+01 0.000000e+00
1.909600e+01 0.000000e+00
1.984500e+01 0.000000e+00
2.062400e+01 0.000000e+00
2.143400e+01 0.000000e+00
2.227500e+01 0.000000e+00
2.315000e+01 0.000000e+00
2.405900e+01 0.000000e+00
2.500300e+01 0.000000e+00
2.598500e+01 0.000000e+00
2.700500e+01 0.000000e+00
2.806500e+01 0.000000e+00
2.916600e+01 0.000000e+00
3.031100e+01 0.000000e+00
3.150100e+01 0.000000e+00
3.273800e+01 0.000000e+00
3.402300e+01 0.000000e+00
3.535900e+01 0.000000e+00
3.674700e+01 0.000000e+00
3.818900e+01 0.000000e+00
3.968800e+01 0.000000e+00
4.124600e+01 0.000000e+00
4.286500e+01 0.000000e+00
4.454800e+01 0.000000e+00
4.629700e+01 0.000000e+00
4.811400e+01 0.000000e+00
5.000300e+01 0.000000e+00
5.196600e+01 0.000000e+00
5.400600e+01 0.000000e+00
5.612600e+01 0.000000e+00
5.832900e+01 0.000000e+00
6.061900e+01 0.000000e+00
6.299900e+01 0.000000e+00
6.547200e+01 0.000000e+00
6.804200e+01 0.000000e+00
7.071300e+01 0.000000e+00
7.348900e+01 0.000000e+00
7.637400e+01 0.000000e+00
7.937200e+01 0.000000e+00
8.248700e+01 0.000000e+00
8.572600e+01 0.000000e+00
8.909100e+01 0.000000e+00
9.258800e+01 0.000000e+00
9.622300e+01 0.000000e+00
