1.000000e-03 0.000000e+00
1.039300e-03 0.000000e+00
1.080100e-03 0.000000e+00
1.122500e-03 0.000000e+00
1.166500e-03 0.000000e+00
1.212300e-03 0.000000e+00
1.259900e-03 0.000000e+00
1.309400e-03 0.000000e+00
1.360800e-03 0.000000e+00
1.414200e-03 0.000000e+00
1.469700e-03 0.000000e+00
1.527400e-03 0.000000e+00
1.587300e-03 0.000000e+00
1.649600e-03 0.000000e+00
1.714400e-03 0.000000e+00
1.781700e-03 1.848933e+18
1.851600e-03 0.000000e+00
1.924300e-03 0.000000e+00
1.999900e-03 0.000000e+00
2.078400e-03 0.000000e+00
2.160000e-03 0.000000e+00
2.244800e-03 0.000000e+00
2.332900e-03 0.000000e+00
2.424500e-03 0.000000e+00
2.519600e-03 0.000000e+00
2.618500e-03 0.000000e+00
2.721300e-03 0.000000e+00
2.828200e-03 -1.163899e+18
2.939200e-03 0.000000e+00
3.054600e-03 0.000000e+00
3.174500e-03 0.000000e+00
3.299100e-03 0.000000e+00
3.428600e-03 0.000000e+00
3.563200e-03 0.000000e+00
3.703100e-03 0.000000e+00
3.848400e-03 0.000000e+00
3.999500e-03 0.000000e+00
4.156500e-03 0.000000e+00
4.319700e-03 0.000000e+00
4.489300e-03 0.000000e+00
4.665500e-03 0.000000e+00
4.848600e-03 0.000000e+00
5.039000e-03 0.000000e+00
5.236800e-03 6.301104e+17
5.442300e-03 6.042831e+17
5.656000e-03 5.820290e+17
5.878000e-03 0.000000e+00
6.108800e-03 1.077648e+18
6.348600e-03 -5.183387e+17
6.597800e-03 0.000000e+00
6.856800e-03 4.801383e+17
7.126000e-03 0.000000e+00
7.405700e-03 4.441376e+17
7.696400e-03 4.281268e+17
7.998500e-03 0.000000e+00
8.312500e-03 -3.960776e+17
8.638800e-03 3.807549e+17
8.978000e-03 0.000000e+00
9.330400e-03 0.000000e+00
9.696700e-03 3.395427e+17
1.007700e-02 3.250820e+17
1.047300e-02 9.434646e+17
1.088400e-02 9.073729e+17
1.131100e-02 2.908744e+17
1.175500e-02 0.000000e+00
1.221700e-02 -8.756378e+12
1.269600e-02 2.587274e+17
1.319500e-02 2.493001e+17
1.371300e-02 2.401906e+17
1.425100e-02 2.306000e+17
1.481000e-02 4.435760e+17
1.539200e-02 6.417346e+17
1.599600e-02 4.115683e+17
1.662400e-02 7.916738e+17
1.727700e-02 3.812255e+17
1.795500e-02 3.670039e+17
1.866000e-02 5.295194e+17
1.939200e-02 1.697563e+17
2.015300e-02 6.518541e+17
2.094500e-02 4.710807e+17
2.176700e-02 6.049985e+17
2.262100e-02 7.275681e+17
2.350900e-02 2.238835e+18
2.443200e-02 2.691995e+17
2.539100e-02 1.165892e+18
2.638800e-02 1.246808e+18
2.742400e-02 1.321322e+18
2.850000e-02 1.385764e+18
2.961900e-02 1.998530e+18
3.078200e-02 1.711146e+18
3.199000e-02 2.159213e+18
3.324600e-02 1.682928e+18
3.455100e-02 1.333959e+18
3.590700e-02 2.748128e+18
3.731700e-02 1.586818e+18
3.878200e-02 1.952153e+18
4.030400e-02 2.286932e+18
4.188600e-02 3.062954e+18
4.353100e-02 2.418467e+18
4.524000e-02 2.983911e+18
4.701500e-02 2.869491e+18
4.886100e-02 2.963623e+18
5.077900e-02 3.368195e+18
5.277300e-02 4.865120e+18
5.484400e-02 3.539231e+18
5.699700e-02 5.136668e+18
5.923500e-02 4.944055e+18
6.156000e-02 5.346434e+18
6.397600e-02 4.679365e+18
6.648800e-02 4.453798e+18
6.909800e-02 5.715702e+18
7.181000e-02 5.957586e+18
7.462900e-02 7.008829e+18
7.755900e-02 6.617547e+18
8.060400e-02 7.185319e+18
8.376801e-02 6.874916e+18
8.705600e-02 7.634433e+18
9.047400e-02 7.966219e+18
9.402500e-02 9.028184e+18
9.771600e-02 8.962115e+18
1.015500e-01 8.773058e+18
1.055400e-01 1.014188e+19
1.096800e-01 9.831302e+18
1.139900e-01 1.075078e+19
1.184600e-01 1.119397e+19
1.231100e-01 1.115590e+19
1.279500e-01 1.217060e+19
1.329700e-01 1.319103e+19
1.381900e-01 1.306068e+19
1.436100e-01 1.223128e+19
1.492500e-01 1.309370e+19
1.551100e-01 1.253588e+19
1.612000e-01 1.375331e+19
1.675300e-01 1.466773e+19
1.741000e-01 1.480574e+19
1.809400e-01 1.455471e+19
1.880400e-01 1.580498e+19
1.954200e-01 1.588093e+19
2.030900e-01 1.654731e+19
2.110600e-01 1.667276e+19
2.193500e-01 1.638295e+19
2.279600e-01 1.718931e+19
2.369100e-01 1.634627e+19
2.462100e-01 1.623567e+19
2.558700e-01 1.690427e+19
2.659200e-01 1.728625e+19
2.763600e-01 1.880201e+19
2.872100e-01 1.708998e+19
2.984800e-01 1.743690e+19
3.102000e-01 1.762097e+19
3.223700e-01 1.816149e+19
3.350300e-01 1.753222e+19
3.481800e-01 1.717983e+19
3.618500e-01 1.733075e+19
3.760500e-01 1.654793e+19
3.908200e-01 1.707443e+19
4.061600e-01 1.730179e+19
4.221000e-01 1.708829e+19
4.386700e-01 1.562585e+19
4.558900e-01 1.651234e+19
4.737900e-01 1.552351e+19
4.923900e-01 1.444190e+19
5.117200e-01 1.424698e+19
5.318100e-01 1.371604e+19
5.526800e-01 1.354844e+19
5.743800e-01 1.309020e+19
5.969200e-01 1.237868e+19
6.203600e-01 1.153383e+19
6.447100e-01 1.121964e+19
6.700200e-01 1.065355e+19
6.963200e-01 9.808241e+18
7.236600e-01 9.274116e+18
7.520600e-01 8.520332e+18
7.815900e-01 7.931400e+18
8.122700e-01 7.382623e+18
8.441500e-01 6.544386e+18
8.772900e-01 6.477104e+18
9.117300e-01 5.961382e+18
9.475200e-01 5.386690e+18
9.847200e-01 5.147036e+18
1.023400e+00 4.349906e+18
1.063500e+00 4.061684e+18
1.105300e+00 3.668945e+18
1.148700e+00 3.156272e+18
1.193800e+00 3.014636e+18
1.240600e+00 2.563833e+18
1.289300e+00 2.262843e+18
1.340000e+00 2.000796e+18
1.392600e+00 1.667438e+18
1.447200e+00 1.573798e+18
1.504000e+00 1.421252e+18
1.563100e+00 1.139242e+18
1.624400e+00 9.758139e+17
1.688200e+00 7.744164e+17
1.754500e+00 6.901764e+17
1.823300e+00 6.235550e+17
1.894900e+00 4.350373e+17
1.969300e+00 3.874900e+17
2.046600e+00 3.078973e+17
2.127000e+00 2.090654e+17
2.210500e+00 1.685938e+17
2.297200e+00 1.264938e+17
2.387400e+00 1.109391e+17
2.481100e+00 7.064490e+16
2.578500e+00 4.441294e+16
2.679700e+00 3.267637e+16
2.784900e+00 2.197071e+16
2.894300e+00 1.457250e+16
3.007900e+00 7.461483e+15
3.126000e+00 7.678147e+15
3.248700e+00 2.636079e+15
3.376200e+00 5.398765e+15
3.508700e+00 4.997953e+15
3.646500e+00 5.008781e+15
3.789600e+00 7.955558e+15
3.938400e+00 5.532690e+15
4.093000e+00 7.450216e+15
4.253700e+00 9.879746e+15
4.420600e+00 1.350564e+16
4.594200e+00 1.544725e+16
4.774500e+00 1.688091e+16
4.961900e+00 1.950335e+16
5.156700e+00 2.344232e+16
5.359200e+00 1.724528e+16
5.569500e+00 1.207320e+16
5.788200e+00 1.409385e+16
6.015400e+00 4.422598e+15
6.251500e+00 0.000000e+00
6.496900e+00 6.038470e+14
6.752000e+00 0.000000e+00
7.017000e+00 0.000000e+00
7.292500e+00 0.000000e+00
7.578800e+00 0.000000e+00
7.876300e+00 0.000000e+00
8.185500e+00 0.000000e+00
8.506800e+00 0.000000e+00
8.840700e+00 0.000000e+00
9.187801e+00 0.000000e+00
9.548500e+00 0.000000e+00
9.923300e+00 0.000000e+00
1.031300e+01 0.000000e+00
1.071800e+01 0.000000e+00
1.113800e+01 0.000000e+00
1.157600e+01 0.000000e+00
1.203000e+01 0.000000e+00
1.250200e+01 0.000000e+00
1.299300e+01 0.000000e+00
1.350300e+01 0.000000e+00
1.403300e+01 0.000000e+00
1.458400e+01 0.000000e+00
1.515700e+01 0.000000e+00
1.575200e+01 0.000000e+00
1.637000e+01 0.000000e+00
1.701300e+01 0.000000e+00
1.768000e+01 0.000000e+00
1.837400e+01 0.000000e+00
1.909600e+01 0.000000e+00
1.984500e+01 0.000000e+00
2.062400e+01 0.000000e+00
2.143400e+01 0.000000e+00
2.227500e+01 0.000000e+00
2.315000e+01 0.000000e+00
2.405900e+01 0.000000e+00
2.500300e+01 0.000000e+00
2.598500e+01 0.000000e+00
2.700500e+01 0.000000e+00
2.806500e+01 0.000000e+00
2.916600e+01 0.000000e+00
3.031100e+01 0.000000e+00
3.150100e+01 0.000000e+00
3.273800e+01 0.000000e+00
3.402300e+01 0.000000e+00
3.535900e+01 0.000000e+00
3.674700e+01 0.000000e+00
3.818900e+01 0.000000e+00
3.968800e+01 0.000000e+00
4.124600e+01 0.000000e+00
4.286500e+01 0.000000e+00
4.454800e+01 0.000000e+00
4.629700e+01 0.000000e+00
4.811400e+01 0.000000e+00
5.000300e+01 0.000000e+00
5.196600e+01 0.000000e+00
5.400600e+01 0.000000e+00
5.612600e+01 0.000000e+00
5.832900e+01 0.000000e+00
6.061900e+01 0.000000e+00
6.299900e+01 0.000000e+00
6.547200e+01 0.000000e+00
6.804200e+01 0.000000e+00
7.071300e+01 0.000000e+00
7.348900e+01 0.000000e+00
7.637400e+01 0.000000e+00
7.937200e+01 0.000000e+00
8.248700e+01 0.000000e+00
8.572600e+01 0.000000e+00
8.909100e+01 0.000000e+00
9.258800e+01 0.000000e+00
9.622300e+01 0.000000e+00
