1.000000e-03 0.000000e+00
1.039300e-03 0.000000e+00
1.080100e-03 0.000000e+00
1.122500e-03 0.000000e+00
1.166500e-03 0.000000e+00
1.212300e-03 0.000000e+00
1.259900e-03 0.000000e+00
1.309400e-03 0.000000e+00
1.360800e-03 0.000000e+00
1.414200e-03 0.000000e+00
1.469700e-03 0.000000e+00
1.527400e-03 0.000000e+00
1.587300e-03 0.000000e+00
1.649600e-03 2.100222e+18
1.714400e-03 0.000000e+00
1.781700e-03 0.000000e+00
1.851600e-03 0.000000e+00
1.924300e-03 0.000000e+00
1.999900e-03 0.000000e+00
2.078400e-03 0.000000e+00
2.160000e-03 0.000000e+00
2.244800e-03 0.000000e+00
2.332900e-03 0.000000e+00
2.424500e-03 0.000000e+00
2.519600e-03 0.000000e+00
2.618500e-03 0.000000e+00
2.721300e-03 0.000000e+00
2.828200e-03 0.000000e+00
2.939200e-03 0.000000e+00
3.054600e-03 0.000000e+00
3.174500e-03 0.000000e+00
3.299100e-03 0.000000e+00
3.428600e-03 0.000000e+00
3.563200e-03 0.000000e+00
3.703100e-03 9.369403e+17
3.848400e-03 0.000000e+00
3.999500e-03 0.000000e+00
4.156500e-03 0.000000e+00
4.319700e-03 8.026840e+17
4.489300e-03 0.000000e+00
4.665500e-03 7.438335e+17
4.848600e-03 0.000000e+00
5.039000e-03 0.000000e+00
5.236800e-03 0.000000e+00
5.442300e-03 0.000000e+00
5.656000e-03 0.000000e+00
5.878000e-03 0.000000e+00
6.108800e-03 0.000000e+00
6.348600e-03 0.000000e+00
6.597800e-03 0.000000e+00
6.856800e-03 5.046112e+17
7.126000e-03 9.725011e+17
7.405700e-03 9.356257e+17
7.696400e-03 0.000000e+00
7.998500e-03 0.000000e+00
8.312500e-03 4.169829e+17
8.638800e-03 4.006637e+17
8.978000e-03 7.721450e+17
9.330400e-03 0.000000e+00
9.696700e-03 0.000000e+00
1.007700e-02 0.000000e+00
1.047300e-02 6.624640e+17
1.088400e-02 3.184438e+17
1.131100e-02 3.063883e+17
1.175500e-02 2.940356e+17
1.221700e-02 2.842670e+17
1.269600e-02 2.731523e+17
1.319500e-02 5.246457e+17
1.371300e-02 5.055222e+17
1.425100e-02 2.433050e+17
1.481000e-02 7.018305e+17
1.539200e-02 2.258141e+17
1.599600e-02 6.495653e+17
1.662400e-02 8.331605e+17
1.727700e-02 2.006734e+18
1.795500e-02 7.717588e+17
1.866000e-02 1.486718e+18
1.939200e-02 1.788229e+18
2.015300e-02 1.201445e+18
2.094500e-02 9.926577e+17
2.176700e-02 9.561261e+17
2.262100e-02 1.072251e+18
2.350900e-02 8.847145e+17
2.443200e-02 1.560419e+18
2.539100e-02 1.364568e+18
2.638800e-02 1.312888e+18
2.742400e-02 2.022286e+18
2.850000e-02 2.066815e+18
2.961900e-02 2.690532e+18
3.078200e-02 2.027158e+18
3.199000e-02 1.624444e+18
3.324600e-02 2.502912e+18
3.455100e-02 2.407948e+18
3.590700e-02 3.473935e+18
3.731700e-02 3.250119e+18
3.878200e-02 3.218039e+18
4.030400e-02 3.182365e+18
4.188600e-02 3.142399e+18
4.353100e-02 3.422494e+18
4.524000e-02 3.985174e+18
4.701500e-02 4.348041e+18
4.886100e-02 4.185112e+18
5.077900e-02 4.843817e+18
5.277300e-02 4.992048e+18
5.484400e-02 6.128758e+18
5.699700e-02 6.807559e+18
5.923500e-02 6.728566e+18
6.156000e-02 6.532809e+18
6.397600e-02 7.527720e+18
6.648800e-02 7.765273e+18
6.909800e-02 8.126253e+18
7.181000e-02 7.142730e+18
7.462900e-02 9.286125e+18
7.755900e-02 9.114459e+18
8.060400e-02 9.845685e+18
8.376801e-02 9.599302e+18
8.705600e-02 1.142671e+19
9.047400e-02 1.049888e+19
9.402500e-02 1.223832e+19
9.771600e-02 1.287961e+19
1.015500e-01 1.254726e+19
1.055400e-01 1.376845e+19
1.096800e-01 1.521423e+19
1.139900e-01 1.549056e+19
1.184600e-01 1.629502e+19
1.231100e-01 1.945183e+19
1.279500e-01 1.823806e+19
1.329700e-01 1.899925e+19
1.381900e-01 2.043159e+19
1.436100e-01 1.934572e+19
1.492500e-01 2.265821e+19
1.551100e-01 2.318668e+19
1.612000e-01 2.308216e+19
1.675300e-01 2.451658e+19
1.741000e-01 2.464243e+19
1.809400e-01 2.642260e+19
1.880400e-01 2.694982e+19
1.954200e-01 2.674794e+19
2.030900e-01 2.758601e+19
2.110600e-01 2.771894e+19
2.193500e-01 3.122142e+19
2.279600e-01 3.136042e+19
2.369100e-01 3.133531e+19
2.462100e-01 3.349106e+19
2.558700e-01 3.212403e+19
2.659200e-01 3.354153e+19
2.763600e-01 3.232515e+19
2.872100e-01 3.446471e+19
2.984800e-01 3.431353e+19
3.102000e-01 3.381349e+19
3.223700e-01 3.605128e+19
3.350300e-01 3.621773e+19
3.481800e-01 3.621171e+19
3.618500e-01 3.596507e+19
3.760500e-01 3.623491e+19
3.908200e-01 3.575966e+19
4.061600e-01 3.496106e+19
4.221000e-01 3.558231e+19
4.386700e-01 3.560290e+19
4.558900e-01 3.440746e+19
4.737900e-01 3.450693e+19
4.923900e-01 3.442093e+19
5.117200e-01 3.374243e+19
5.318100e-01 3.242441e+19
5.526800e-01 3.245135e+19
5.743800e-01 3.140649e+19
5.969200e-01 3.066575e+19
6.203600e-01 2.890717e+19
6.447100e-01 2.842798e+19
6.700200e-01 2.754620e+19
6.963200e-01 2.663026e+19
7.236600e-01 2.536371e+19
7.520600e-01 2.442929e+19
7.815900e-01 2.296331e+19
8.122700e-01 2.208703e+19
8.441500e-01 2.044205e+19
8.772900e-01 1.961791e+19
9.117300e-01 1.810774e+19
9.475200e-01 1.698930e+19
9.847200e-01 1.587901e+19
1.023400e+00 1.467635e+19
1.063500e+00 1.333925e+19
1.105300e+00 1.220229e+19
1.148700e+00 1.096525e+19
1.193800e+00 9.846830e+18
1.240600e+00 9.261620e+18
1.289300e+00 8.345126e+18
1.340000e+00 7.188801e+18
1.392600e+00 6.411768e+18
1.447200e+00 5.649528e+18
1.504000e+00 4.925093e+18
1.563100e+00 4.368872e+18
1.624400e+00 3.888189e+18
1.688200e+00 3.316835e+18
1.754500e+00 2.748503e+18
1.823300e+00 2.456651e+18
1.894900e+00 2.163908e+18
1.969300e+00 1.727050e+18
2.046600e+00 1.428977e+18
2.127000e+00 1.244593e+18
2.210500e+00 9.230167e+17
2.297200e+00 8.131476e+17
2.387400e+00 6.751236e+17
2.481100e+00 4.665632e+17
2.578500e+00 3.474002e+17
2.679700e+00 2.514243e+17
2.784900e+00 2.047352e+17
2.894300e+00 1.497902e+17
3.007900e+00 8.831079e+16
3.126000e+00 7.089046e+16
3.248700e+00 3.830226e+16
3.376200e+00 2.135969e+16
3.508700e+00 1.746147e+16
3.646500e+00 7.746037e+15
3.789600e+00 7.884551e+15
3.938400e+00 1.015199e+16
4.093000e+00 7.529088e+15
4.253700e+00 5.663630e+15
4.420600e+00 1.245948e+16
4.594200e+00 8.276695e+15
4.774500e+00 1.121590e+16
4.961900e+00 1.754488e+16
5.156700e+00 2.124184e+16
5.359200e+00 2.517974e+16
5.569500e+00 3.752717e+16
5.788200e+00 3.387807e+16
6.015400e+00 4.420730e+16
6.251500e+00 4.428905e+16
6.496900e+00 4.520259e+16
6.752000e+00 3.055660e+16
7.017000e+00 1.636210e+16
7.292500e+00 7.829059e+15
7.578800e+00 0.000000e+00
7.876300e+00 4.794705e+14
8.185500e+00 0.000000e+00
8.506800e+00 0.000000e+00
8.840700e+00 0.000000e+00
9.187801e+00 0.000000e+00
9.548500e+00 0.000000e+00
9.923300e+00 0.000000e+00
1.031300e+01 0.000000e+00
1.071800e+01 0.000000e+00
1.113800e+01 0.000000e+00
1.157600e+01 0.000000e+00
1.203000e+01 0.000000e+00
1.250200e+01 0.000000e+00
1.299300e+01 0.000000e+00
1.350300e+01 0.000000e+00
1.403300e+01 0.000000e+00
1.458400e+01 0.000000e+00
1.515700e+01 0.000000e+00
1.575200e+01 0.000000e+00
1.637000e+01 0.000000e+00
1.701300e+01 0.000000e+00
1.768000e+01 0.000000e+00
1.837400e+01 0.000000e+00
1.909600e+01 0.000000e+00
1.984500e+01 0.000000e+00
2.062400e+01 0.000000e+00
2.143400e+01 0.000000e+00
2.227500e+01 0.000000e+00
2.315000e+01 0.000000e+00
2.405900e+01 0.000000e+00
2.500300e+01 0.000000e+00
2.598500e+01 0.000000e+00
2.700500e+01 0.000000e+00
2.806500e+01 0.000000e+00
2.916600e+01 0.000000e+00
3.031100e+01 0.000000e+00
3.150100e+01 0.000000e+00
3.273800e+01 0.000000e+00
3.402300e+01 0.000000e+00
3.535900e+01 0.000000e+00
3.674700e+01 0.000000e+00
3.818900e+01 0.000000e+00
3.968800e+01 0.000000e+00
4.124600e+01 0.000000e+00
4.286500e+01 0.000000e+00
4.454800e+01 0.000000e+00
4.629700e+01 0.000000e+00
4.811400e+01 0.000000e+00
5.000300e+01 0.000000e+00
5.196600e+01 0.000000e+00
5.400600e+01 0.000000e+00
5.612600e+01 0.000000e+00
5.832900e+01 0.000000e+00
6.061900e+01 0.000000e+00
6.299900e+01 0.000000e+00
6.547200e+01 0.000000e+00
6.804200e+01 0.000000e+00
7.071300e+01 0.000000e+00
7.348900e+01 0.000000e+00
7.637400e+01 0.000000e+00
7.937200e+01 0.000000e+00
8.248700e+01 0.000000e+00
8.572600e+01 0.000000e+00
8.909100e+01 0.000000e+00
9.258800e+01 0.000000e+00
9.622300e+01 0.000000e+00
