1.000000e-03 0.000000e+00
1.039300e-03 0.000000e+00
1.080100e-03 0.000000e+00
1.122500e-03 0.000000e+00
1.166500e-03 0.000000e+00
1.212300e-03 0.000000e+00
1.259900e-03 0.000000e+00
1.309400e-03 0.000000e+00
1.360800e-03 0.000000e+00
1.414200e-03 0.000000e+00
1.469700e-03 0.000000e+00
1.527400e-03 0.000000e+00
1.587300e-03 0.000000e+00
1.649600e-03 0.000000e+00
1.714400e-03 0.000000e+00
1.781700e-03 0.000000e+00
1.851600e-03 0.000000e+00
1.924300e-03 0.000000e+00
1.999900e-03 0.000000e+00
2.078400e-03 0.000000e+00
2.160000e-03 0.000000e+00
2.244800e-03 0.000000e+00
2.332900e-03 0.000000e+00
2.424500e-03 0.000000e+00
2.519600e-03 -2.642649e+18
2.618500e-03 0.000000e+00
2.721300e-03 0.000000e+00
2.828200e-03 0.000000e+00
2.939200e-03 0.000000e+00
3.054600e-03 0.000000e+00
3.174500e-03 0.000000e+00
3.299100e-03 0.000000e+00
3.428600e-03 0.000000e+00
3.563200e-03 0.000000e+00
3.703100e-03 0.000000e+00
3.848400e-03 0.000000e+00
3.999500e-03 0.000000e+00
4.156500e-03 0.000000e+00
4.319700e-03 0.000000e+00
4.489300e-03 0.000000e+00
4.665500e-03 0.000000e+00
4.848600e-03 0.000000e+00
5.039000e-03 1.317888e+18
5.236800e-03 0.000000e+00
5.442300e-03 0.000000e+00
5.656000e-03 0.000000e+00
5.878000e-03 1.134255e+18
6.108800e-03 0.000000e+00
6.348600e-03 1.046169e+18
6.597800e-03 0.000000e+00
6.856800e-03 1.943002e+18
7.126000e-03 9.324163e+17
7.405700e-03 0.000000e+00
7.696400e-03 0.000000e+00
7.998500e-03 0.000000e+00
8.312500e-03 7.994359e+17
8.638800e-03 0.000000e+00
8.978000e-03 0.000000e+00
9.330400e-03 -7.120397e+17
9.696700e-03 0.000000e+00
1.007700e-02 0.000000e+00
1.047300e-02 6.351447e+17
1.088400e-02 0.000000e+00
1.131100e-02 1.176561e+18
1.175500e-02 5.651912e+17
1.221700e-02 1.089834e+18
1.269600e-02 5.230783e+17
1.319500e-02 0.000000e+00
1.371300e-02 4.873197e+17
1.425100e-02 0.000000e+00
1.481000e-02 4.481347e+17
1.539200e-02 0.000000e+00
1.599600e-02 4.165400e+17
1.662400e-02 8.000947e+17
1.727700e-02 3.851333e+17
1.795500e-02 7.411001e+17
1.866000e-02 1.070236e+18
1.939200e-02 3.432893e+17
2.015300e-02 3.297706e+17
2.094500e-02 9.527511e+17
2.176700e-02 6.113671e+17
2.262100e-02 1.764222e+18
2.350900e-02 1.413590e+18
2.443200e-02 1.362030e+18
2.539100e-02 7.865486e+17
2.638800e-02 2.016999e+18
2.742400e-02 1.697630e+18
2.850000e-02 1.867190e+18
2.961900e-02 2.918278e+18
3.078200e-02 1.513690e+18
3.199000e-02 1.872143e+18
3.324600e-02 3.201714e+18
3.455100e-02 3.660102e+18
3.590700e-02 2.779500e+18
3.731700e-02 2.674178e+18
3.878200e-02 2.058808e+18
4.030400e-02 1.816101e+18
4.188600e-02 3.652227e+18
4.353100e-02 4.583322e+18
4.524000e-02 2.648531e+18
4.701500e-02 4.243772e+18
4.886100e-02 4.763002e+18
5.077900e-02 4.453777e+18
5.277300e-02 3.531510e+18
5.484400e-02 6.063389e+18
5.699700e-02 4.667136e+18
5.923500e-02 5.166758e+18
6.156000e-02 6.593269e+18
6.397600e-02 6.651552e+18
6.648800e-02 7.905026e+18
6.909800e-02 7.799560e+18
7.181000e-02 9.170939e+18
7.462900e-02 1.105360e+19
7.755900e-02 9.774982e+18
8.060400e-02 9.244304e+18
8.376801e-02 1.104040e+19
8.705600e-02 1.145951e+19
9.047400e-02 1.103084e+19
9.402500e-02 1.082514e+19
9.771600e-02 1.362286e+19
1.015500e-01 1.309023e+19
1.055400e-01 1.268191e+19
1.096800e-01 1.526884e+19
1.139900e-01 1.746702e+19
1.184600e-01 1.662323e+19
1.231100e-01 1.764546e+19
1.279500e-01 2.018370e+19
1.329700e-01 2.006095e+19
1.381900e-01 2.144243e+19
1.436100e-01 2.064984e+19
1.492500e-01 2.322054e+19
1.551100e-01 2.199743e+19
1.612000e-01 2.364038e+19
1.675300e-01 2.532022e+19
1.741000e-01 2.581065e+19
1.809400e-01 2.703445e+19
1.880400e-01 2.653836e+19
1.954200e-01 2.969354e+19
2.030900e-01 2.752159e+19
2.110600e-01 2.942197e+19
2.193500e-01 3.154677e+19
2.279600e-01 3.145556e+19
2.369100e-01 3.288395e+19
2.462100e-01 3.190276e+19
2.558700e-01 3.365232e+19
2.659200e-01 3.357006e+19
2.763600e-01 3.396065e+19
2.872100e-01 3.621857e+19
2.984800e-01 3.447237e+19
3.102000e-01 3.635038e+19
3.223700e-01 3.546379e+19
3.350300e-01 3.769523e+19
3.481800e-01 3.671807e+19
3.618500e-01 3.816368e+19
3.760500e-01 3.599974e+19
3.908200e-01 3.786219e+19
4.061600e-01 3.717456e+19
4.221000e-01 3.716314e+19
4.386700e-01 3.663089e+19
4.558900e-01 3.634068e+19
4.737900e-01 3.637797e+19
4.923900e-01 3.391302e+19
5.117200e-01 3.416138e+19
5.318100e-01 3.331522e+19
5.526800e-01 3.252335e+19
5.743800e-01 3.154011e+19
5.969200e-01 3.133224e+19
6.203600e-01 2.947597e+19
6.447100e-01 2.932667e+19
6.700200e-01 2.822476e+19
6.963200e-01 2.728090e+19
7.236600e-01 2.495575e+19
7.520600e-01 2.441853e+19
7.815900e-01 2.257703e+19
8.122700e-01 2.136928e+19
8.441500e-01 2.047189e+19
8.772900e-01 1.948481e+19
9.117300e-01 1.811765e+19
9.475200e-01 1.650147e+19
9.847200e-01 1.523202e+19
1.023400e+00 1.432416e+19
1.063500e+00 1.315801e+19
1.105300e+00 1.171432e+19
1.148700e+00 1.043323e+19
1.193800e+00 9.861599e+18
1.240600e+00 8.685538e+18
1.289300e+00 7.478100e+18
1.340000e+00 6.758131e+18
1.392600e+00 5.865855e+18
1.447200e+00 5.379422e+18
1.504000e+00 4.715486e+18
1.563100e+00 3.943523e+18
1.624400e+00 3.327087e+18
1.688200e+00 3.110850e+18
1.754500e+00 2.517664e+18
1.823300e+00 2.035265e+18
1.894900e+00 1.863301e+18
1.969300e+00 1.384529e+18
2.046600e+00 1.139753e+18
2.127000e+00 1.046948e+18
2.210500e+00 7.445680e+17
2.297200e+00 6.698029e+17
2.387400e+00 5.629690e+17
2.481100e+00 4.718681e+17
2.578500e+00 3.127489e+17
2.679700e+00 1.924057e+17
2.784900e+00 1.814175e+17
2.894300e+00 1.134193e+17
3.007900e+00 7.454928e+16
3.126000e+00 6.190248e+16
3.248700e+00 3.238529e+16
3.376200e+00 2.573508e+16
3.508700e+00 1.939848e+16
3.646500e+00 1.335956e+16
3.789600e+00 6.498502e+15
3.938400e+00 9.524542e+15
4.093000e+00 6.924376e+15
4.253700e+00 6.778765e+15
4.420600e+00 1.600255e+15
4.594200e+00 2.214843e+16
4.774500e+00 1.681859e+16
4.961900e+00 2.397527e+16
5.156700e+00 1.536051e+16
5.359200e+00 3.314856e+16
5.569500e+00 3.090847e+16
5.788200e+00 2.773573e+16
6.015400e+00 4.205815e+16
6.251500e+00 2.619215e+16
6.496900e+00 2.171995e+16
6.752000e+00 1.534366e+16
7.017000e+00 8.253930e+15
7.292500e+00 9.901355e+15
7.578800e+00 2.713334e+15
7.876300e+00 0.000000e+00
8.185500e+00 0.000000e+00
8.506800e+00 0.000000e+00
8.840700e+00 0.000000e+00
9.187801e+00 0.000000e+00
9.548500e+00 0.000000e+00
9.923300e+00 0.000000e+00
1.031300e+01 0.000000e+00
1.071800e+01 0.000000e+00
1.113800e+01 0.000000e+00
1.157600e+01 0.000000e+00
1.203000e+01 0.000000e+00
1.250200e+01 0.000000e+00
1.299300e+01 0.000000e+00
1.350300e+01 0.000000e+00
1.403300e+01 0.000000e+00
1.458400e+01 0.000000e+00
1.515700e+01 0.000000e+00
1.575200e+01 0.000000e+00
1.637000e+01 0.000000e+00
1.701300e+01 0.000000e+00
1.768000e+01 0.000000e+00
1.837400e+01 0.000000e+00
1.909600e+01 0.000000e+00
1.984500e+01 0.000000e+00
2.062400e+01 0.000000e+00
2.143400e+01 0.000000e+00
2.227500e+01 0.000000e+00
2.315000e+01 0.000000e+00
2.405900e+01 0.000000e+00
2.500300e+01 0.000000e+00
2.598500e+01 0.000000e+00
2.700500e+01 0.000000e+00
2.806500e+01 0.000000e+00
2.916600e+01 0.000000e+00
3.031100e+01 0.000000e+00
3.150100e+01 0.000000e+00
3.273800e+01 0.000000e+00
3.402300e+01 0.000000e+00
3.535900e+01 0.000000e+00
3.674700e+01 0.000000e+00
3.818900e+01 0.000000e+00
3.968800e+01 0.000000e+00
4.124600e+01 0.000000e+00
4.286500e+01 0.000000e+00
4.454800e+01 0.000000e+00
4.629700e+01 0.000000e+00
4.811400e+01 0.000000e+00
5.000300e+01 0.000000e+00
5.196600e+01 0.000000e+00
5.400600e+01 0.000000e+00
5.612600e+01 0.000000e+00
5.832900e+01 0.000000e+00
6.061900e+01 0.000000e+00
6.299900e+01 0.000000e+00
6.547200e+01 0.000000e+00
6.804200e+01 0.000000e+00
7.071300e+01 0.000000e+00
7.348900e+01 0.000000e+00
7.637400e+01 0.000000e+00
7.937200e+01 0.000000e+00
8.248700e+01 0.000000e+00
8.572600e+01 0.000000e+00
8.909100e+01 0.000000e+00
9.258800e+01 0.000000e+00
9.622300e+01 0.000000e+00
