9.999999e-05 0.000000e+00
1.039300e-04 0.000000e+00
1.080100e-04 0.000000e+00
1.122500e-04 0.000000e+00
1.166500e-04 0.000000e+00
1.212300e-04 0.000000e+00
1.259900e-04 0.000000e+00
1.309400e-04 0.000000e+00
1.360800e-04 0.000000e+00
1.414200e-04 0.000000e+00
1.469700e-04 0.000000e+00
1.527400e-04 0.000000e+00
1.587300e-04 0.000000e+00
1.649600e-04 0.000000e+00
1.714400e-04 0.000000e+00
1.781700e-04 0.000000e+00
1.851600e-04 0.000000e+00
1.924300e-04 0.000000e+00
1.999900e-04 0.000000e+00
2.078400e-04 0.000000e+00
2.160000e-04 0.000000e+00
2.244800e-04 0.000000e+00
2.332900e-04 0.000000e+00
2.424500e-04 0.000000e+00
2.519600e-04 0.000000e+00
2.618500e-04 0.000000e+00
2.721300e-04 0.000000e+00
2.828200e-04 0.000000e+00
2.939200e-04 0.000000e+00
3.054600e-04 0.000000e+00
3.174500e-04 0.000000e+00
3.299100e-04 0.000000e+00
3.428600e-04 0.000000e+00
3.563200e-04 0.000000e+00
3.703100e-04 0.000000e+00
3.848400e-04 0.000000e+00
3.999500e-04 0.000000e+00
4.156500e-04 0.000000e+00
4.319700e-04 0.000000e+00
4.489300e-04 0.000000e+00
4.665500e-04 0.000000e+00
4.848600e-04 0.000000e+00
5.039000e-04 6.907296e+16
5.236800e-04 0.000000e+00
5.442300e-04 0.000000e+00
5.656000e-04 0.000000e+00
5.878000e-04 0.000000e+00
6.108800e-04 0.000000e+00
6.348600e-04 0.000000e+00
6.597800e-04 0.000000e+00
6.856800e-04 0.000000e+00
7.126000e-04 0.000000e+00
7.405700e-04 0.000000e+00
7.696400e-04 0.000000e+00
7.998500e-04 0.000000e+00
8.312500e-04 0.000000e+00
8.638800e-04 0.000000e+00
8.978000e-04 0.000000e+00
9.330400e-04 0.000000e+00
9.696700e-04 0.000000e+00
1.007700e-03 0.000000e+00
1.047300e-03 0.000000e+00
1.088400e-03 0.000000e+00
1.131100e-03 0.000000e+00
1.175500e-03 0.000000e+00
1.221700e-03 0.000000e+00
1.269600e-03 0.000000e+00
1.319500e-03 0.000000e+00
1.371300e-03 0.000000e+00
1.425100e-03 0.000000e+00
1.481000e-03 0.000000e+00
1.539200e-03 0.000000e+00
1.599600e-03 0.000000e+00
1.662400e-03 0.000000e+00
1.727700e-03 0.000000e+00
1.795500e-03 0.000000e+00
1.866000e-03 0.000000e+00
1.939200e-03 0.000000e+00
2.015300e-03 0.000000e+00
2.094500e-03 1.661251e+16
2.176700e-03 0.000000e+00
2.262100e-03 0.000000e+00
2.350900e-03 0.000000e+00
2.443200e-03 0.000000e+00
2.539100e-03 0.000000e+00
2.638800e-03 3.963605e+16
2.742400e-03 0.000000e+00
2.850000e-03 1.226313e+16
2.961900e-03 0.000000e+00
3.078200e-03 2.261339e+16
3.199000e-03 0.000000e+00
3.324600e-03 0.000000e+00
3.455100e-03 0.000000e+00
3.590700e-03 0.000000e+00
3.731700e-03 0.000000e+00
3.878200e-03 1.797227e+16
4.030400e-03 3.461654e+16
4.188600e-03 1.662048e+16
4.353100e-03 3.997983e+16
4.524000e-03 3.857459e+16
4.701500e-03 2.219108e+16
4.886100e-03 6.418889e+16
5.077900e-03 4.802288e+16
5.277300e-03 4.615469e+16
5.484400e-03 1.268626e+16
5.699700e-03 3.053694e+16
5.923500e-03 2.940381e+16
6.156000e-03 5.665320e+16
6.397600e-03 8.167631e+16
6.648800e-03 5.243694e+16
6.909800e-03 3.526738e+16
7.181000e-03 7.278084e+16
7.462900e-03 5.596742e+16
7.755900e-03 3.142258e+16
8.060400e-03 6.909085e+16
8.376801e-03 7.480133e+16
8.705600e-03 4.398212e+16
9.047400e-03 5.773484e+16
9.402500e-03 8.521189e+16
9.771601e-03 6.773484e+16
1.015500e-02 5.825192e+16
1.055400e-02 7.261906e+16
1.096800e-02 8.246554e+16
1.139900e-02 7.951026e+16
1.184600e-02 4.701468e+16
1.231100e-02 8.478399e+16
1.279500e-02 9.532488e+16
1.329700e-02 6.812123e+16
1.381900e-02 7.313565e+16
1.436100e-02 1.163674e+17
1.492500e-02 6.997889e+16
1.551100e-02 9.203046e+16
1.612000e-02 1.166190e+17
1.675300e-02 1.207301e+17
1.741000e-02 1.119567e+17
1.809400e-02 1.020779e+17
1.880400e-02 1.185052e+17
1.954200e-02 1.301576e+17
2.030900e-02 1.389819e+17
2.110600e-02 1.269956e+17
2.193500e-02 1.381298e+17
2.279600e-02 1.573387e+17
2.369100e-02 1.896730e+17
2.462100e-02 1.953096e+17
2.558700e-02 1.687249e+17
2.659200e-02 1.741761e+17
2.763600e-02 1.675917e+17
2.872100e-02 2.147220e+17
2.984800e-02 1.901378e+17
3.102000e-02 1.876492e+17
3.223700e-02 2.160063e+17
3.350300e-02 2.464621e+17
3.481800e-02 2.410852e+17
3.618500e-02 2.926808e+17
3.760500e-02 2.388119e+17
3.908200e-02 2.522265e+17
4.061600e-02 3.199165e+17
4.221000e-02 2.987025e+17
4.386700e-02 3.009300e+17
4.558900e-02 2.963876e+17
4.737900e-02 3.278828e+17
4.923900e-02 3.437920e+17
5.117200e-02 3.028515e+17
5.318100e-02 3.491801e+17
5.526800e-02 3.364922e+17
5.743800e-02 3.633773e+17
5.969200e-02 3.634423e+17
6.203600e-02 3.548604e+17
6.447100e-02 3.614196e+17
6.700200e-02 3.638807e+17
6.963200e-02 3.550812e+17
7.236600e-02 3.702764e+17
7.520599e-02 3.986359e+17
7.815900e-02 3.734441e+17
8.122700e-02 3.765488e+17
8.441500e-02 3.626558e+17
8.772900e-02 3.783293e+17
9.117300e-02 3.579923e+17
9.475200e-02 3.510056e+17
9.847200e-02 3.602432e+17
1.023400e-01 3.525779e+17
1.063500e-01 3.378795e+17
1.105300e-01 3.358370e+17
1.148700e-01 3.370997e+17
1.193800e-01 3.295726e+17
1.240600e-01 3.464530e+17
1.289300e-01 3.136309e+17
1.340000e-01 3.098376e+17
1.392600e-01 2.799869e+17
1.447200e-01 2.850030e+17
1.504000e-01 2.762678e+17
1.563100e-01 2.682997e+17
1.624400e-01 2.590795e+17
1.688200e-01 2.524240e+17
1.754500e-01 2.329277e+17
1.823300e-01 2.287803e+17
1.894900e-01 2.210863e+17
1.969300e-01 2.080190e+17
2.046600e-01 1.943830e+17
2.127000e-01 1.801232e+17
2.210500e-01 1.700243e+17
2.297200e-01 1.672425e+17
2.387400e-01 1.579040e+17
2.481100e-01 1.395341e+17
2.578500e-01 1.321295e+17
2.679700e-01 1.249034e+17
2.784900e-01 1.131183e+17
2.894300e-01 1.078605e+17
3.007900e-01 9.806527e+16
3.126000e-01 9.505940e+16
3.248700e-01 8.975701e+16
3.376200e-01 8.082324e+16
3.508700e-01 7.820143e+16
3.646500e-01 6.488983e+16
3.789600e-01 6.634291e+16
3.938400e-01 6.067001e+16
4.093000e-01 5.790178e+16
4.253700e-01 5.265279e+16
4.420600e-01 4.805014e+16
4.594200e-01 4.683159e+16
4.774500e-01 3.983691e+16
4.961900e-01 4.119848e+16
5.156700e-01 3.642184e+16
5.359200e-01 3.757367e+16
5.569500e-01 3.009316e+16
5.788200e-01 2.973820e+16
6.015400e-01 2.690329e+16
6.251500e-01 2.170363e+16
6.496900e-01 1.778368e+16
6.752000e-01 1.529581e+16
7.017000e-01 1.274652e+16
7.292500e-01 1.008546e+16
7.578799e-01 6.968530e+15
7.876300e-01 4.949995e+15
8.185500e-01 3.102673e+15
8.506800e-01 1.809696e+15
8.840700e-01 1.426129e+15
9.187800e-01 8.096838e+14
9.548500e-01 6.746452e+14
9.923300e-01 3.434745e+14
1.031300e+00 2.690826e+14
1.071800e+00 1.534350e+14
1.113800e+00 2.506505e+14
1.157600e+00 1.059029e+14
1.203000e+00 1.045635e+14
1.250200e+00 1.669917e+14
1.299300e+00 1.647208e+14
1.350300e+00 7.743012e+13
1.403300e+00 2.231292e+14
1.458400e+00 3.340943e+14
1.515700e+00 2.991843e+14
1.575200e+00 2.431546e+14
1.637000e+00 3.607638e+14
1.701300e+00 6.776179e+14
1.768000e+00 6.558422e+14
1.837400e+00 4.943866e+14
1.909600e+00 2.099593e+13
1.984500e+00 0.000000e+00
2.062400e+00 0.000000e+00
2.143400e+00 0.000000e+00
2.227500e+00 0.000000e+00
2.315000e+00 0.000000e+00
2.405900e+00 0.000000e+00
2.500300e+00 0.000000e+00
2.598500e+00 0.000000e+00
2.700500e+00 0.000000e+00
2.806500e+00 0.000000e+00
2.916600e+00 0.000000e+00
3.031100e+00 0.000000e+00
3.150100e+00 0.000000e+00
3.273800e+00 0.000000e+00
3.402300e+00 0.000000e+00
3.535900e+00 0.000000e+00
3.674700e+00 0.000000e+00
3.818900e+00 0.000000e+00
3.968800e+00 0.000000e+00
4.124600e+00 0.000000e+00
4.286500e+00 0.000000e+00
4.454800e+00 0.000000e+00
4.629700e+00 0.000000e+00
4.811400e+00 0.000000e+00
5.000300e+00 0.000000e+00
5.196600e+00 0.000000e+00
5.400600e+00 0.000000e+00
5.612600e+00 0.000000e+00
5.832900e+00 0.000000e+00
6.061900e+00 0.000000e+00
6.299900e+00 0.000000e+00
6.547200e+00 0.000000e+00
6.804200e+00 0.000000e+00
7.071300e+00 0.000000e+00
7.348900e+00 0.000000e+00
7.637400e+00 0.000000e+00
7.937200e+00 0.000000e+00
8.248700e+00 0.000000e+00
8.572601e+00 0.000000e+00
8.909100e+00 0.000000e+00
9.258800e+00 0.000000e+00
9.622300e+00 0.000000e+00
