9.999999e-05 0.000000e+00
1.039300e-04 0.000000e+00
1.080100e-04 0.000000e+00
1.122500e-04 0.000000e+00
1.166500e-04 0.000000e+00
1.212300e-04 0.000000e+00
1.259900e-04 1.221416e+15
1.309400e-04 0.000000e+00
1.360800e-04 0.000000e+00
1.414200e-04 0.000000e+00
1.469700e-04 0.000000e+00
1.527400e-04 0.000000e+00
1.587300e-04 0.000000e+00
1.649600e-04 0.000000e+00
1.714400e-04 0.000000e+00
1.781700e-04 0.000000e+00
1.851600e-04 0.000000e+00
1.924300e-04 0.000000e+00
1.999900e-04 0.000000e+00
2.078400e-04 0.000000e+00
2.160000e-04 0.000000e+00
2.244800e-04 1.577665e+15
2.332900e-04 0.000000e+00
2.424500e-04 0.000000e+00
2.519600e-04 0.000000e+00
2.618500e-04 -7.437100e+14
2.721300e-04 0.000000e+00
2.828200e-04 0.000000e+00
2.939200e-04 0.000000e+00
3.054600e-04 0.000000e+00
3.174500e-04 0.000000e+00
3.299100e-04 0.000000e+00
3.428600e-04 0.000000e+00
3.563200e-04 0.000000e+00
3.703100e-04 0.000000e+00
3.848400e-04 0.000000e+00
3.999500e-04 0.000000e+00
4.156500e-04 -3.604085e+14
4.319700e-04 3.562089e+14
4.489300e-04 3.465142e+14
4.665500e-04 0.000000e+00
4.848600e-04 0.000000e+00
5.039000e-04 0.000000e+00
5.236800e-04 2.934166e+14
5.442300e-04 0.000000e+00
5.656000e-04 0.000000e+00
5.878000e-04 0.000000e+00
6.108800e-04 2.770557e+14
6.348600e-04 5.346351e+13
6.597800e-04 2.334871e+14
6.856800e-04 0.000000e+00
7.126000e-04 4.382883e+14
7.405700e-04 -2.084919e+14
7.696400e-04 4.144142e+14
7.998500e-04 1.852474e+14
8.312500e-04 1.891775e+14
8.638800e-04 2.021868e+14
8.978000e-04 3.673131e+14
9.330400e-04 3.569054e+14
9.696700e-04 3.132503e+13
1.007700e-03 -3.253900e+14
1.047300e-03 6.189814e+14
1.088400e-03 3.140133e+14
1.131100e-03 -2.472334e+13
1.175500e-03 2.267599e+14
1.221700e-03 1.387279e+15
1.269600e-03 2.662662e+14
1.319500e-03 8.043537e+14
1.371300e-03 6.752430e+14
1.425100e-03 2.045844e+14
1.481000e-03 9.284574e+14
1.539200e-03 9.846246e+14
1.599600e-03 9.457075e+14
1.662400e-03 1.265571e+15
1.727700e-03 9.913374e+14
1.795500e-03 1.301612e+15
1.866000e-03 1.562031e+15
1.939200e-03 1.284132e+15
2.015300e-03 8.838001e+14
2.094500e-03 9.028134e+14
2.176700e-03 1.967854e+15
2.262100e-03 1.325792e+15
2.350900e-03 2.553316e+15
2.443200e-03 2.557161e+15
2.539100e-03 2.713870e+15
2.638800e-03 2.227426e+15
2.742400e-03 2.690295e+15
2.850000e-03 2.215861e+15
2.961900e-03 3.168692e+15
3.078200e-03 3.583171e+15
3.199000e-03 3.397967e+15
3.324600e-03 4.275203e+15
3.455100e-03 3.627534e+15
3.590700e-03 4.214611e+15
3.731700e-03 5.569151e+15
3.878200e-03 5.262332e+15
4.030400e-03 5.644285e+15
4.188600e-03 6.276581e+15
4.353100e-03 6.169450e+15
4.524000e-03 7.342600e+15
4.701500e-03 7.268213e+15
4.886100e-03 7.019008e+15
5.077900e-03 6.877300e+15
5.277300e-03 8.490410e+15
5.484400e-03 8.769627e+15
5.699700e-03 1.010504e+16
5.923500e-03 9.351243e+15
6.156000e-03 9.396182e+15
6.397600e-03 1.112999e+16
6.648800e-03 1.140260e+16
6.909800e-03 1.128714e+16
7.181000e-03 1.338217e+16
7.462900e-03 1.361888e+16
7.755900e-03 1.313855e+16
8.060400e-03 1.410596e+16
8.376801e-03 1.428540e+16
8.705600e-03 1.349566e+16
9.047400e-03 1.261882e+16
9.402500e-03 9.595770e+15
9.771601e-03 4.643761e+15
1.015500e-02 2.542826e+15
1.055400e-02 8.776207e+15
1.096800e-02 8.822277e+15
1.139900e-02 7.970052e+15
1.184600e-02 6.403078e+15
1.231100e-02 6.682225e+15
1.279500e-02 7.302504e+15
1.329700e-02 7.095204e+15
1.381900e-02 6.746464e+15
1.436100e-02 6.817876e+15
1.492500e-02 7.075124e+15
1.551100e-02 7.250026e+15
1.612000e-02 7.696133e+15
1.675300e-02 7.372981e+15
1.741000e-02 7.181829e+15
1.809400e-02 7.427958e+15
1.880400e-02 7.257595e+15
1.954200e-02 7.357548e+15
2.030900e-02 7.126706e+15
2.110600e-02 8.056664e+15
2.193500e-02 7.831543e+15
2.279600e-02 7.624141e+15
2.369100e-02 7.649790e+15
2.462100e-02 7.569519e+15
2.558700e-02 7.295896e+15
2.659200e-02 7.784545e+15
2.763600e-02 7.445065e+15
2.872100e-02 7.085091e+15
2.984800e-02 7.349335e+15
3.102000e-02 7.238826e+15
3.223700e-02 6.909669e+15
3.350300e-02 7.234220e+15
3.481800e-02 6.950558e+15
3.618500e-02 6.989453e+15
3.760500e-02 6.995042e+15
3.908200e-02 6.647592e+15
4.061600e-02 6.080485e+15
4.221000e-02 6.174983e+15
4.386700e-02 5.739384e+15
4.558900e-02 5.889904e+15
4.737900e-02 5.830635e+15
4.923900e-02 5.317543e+15
5.117200e-02 5.251972e+15
5.318100e-02 4.792547e+15
5.526800e-02 4.681499e+15
5.743800e-02 4.440940e+15
5.969200e-02 4.202166e+15
6.203600e-02 3.938923e+15
6.447100e-02 3.772298e+15
6.700200e-02 3.489932e+15
6.963200e-02 3.397443e+15
7.236600e-02 3.056697e+15
7.520599e-02 2.857180e+15
7.815900e-02 2.721175e+15
8.122700e-02 2.676957e+15
8.441500e-02 2.424590e+15
8.772900e-02 2.262830e+15
9.117300e-02 2.061684e+15
9.475200e-02 1.799754e+15
9.847200e-02 1.682909e+15
1.023400e-01 1.687085e+15
1.063500e-01 1.565039e+15
1.105300e-01 1.363289e+15
1.148700e-01 1.416571e+15
1.193800e-01 1.119288e+15
1.240600e-01 9.683424e+14
1.289300e-01 1.033025e+15
1.340000e-01 8.614179e+14
1.392600e-01 7.417440e+14
1.447200e-01 6.650269e+14
1.504000e-01 6.033172e+14
1.563100e-01 4.681043e+14
1.624400e-01 3.708782e+14
1.688200e-01 3.170735e+14
1.754500e-01 2.377971e+14
1.823300e-01 1.909404e+14
1.894900e-01 1.527384e+14
1.969300e-01 9.568446e+13
2.046600e-01 8.126312e+13
2.127000e-01 4.326186e+13
2.210500e-01 3.165805e+13
2.297200e-01 1.578542e+13
2.387400e-01 1.211103e+13
2.481100e-01 8.201552e+12
2.578500e-01 4.009555e+12
2.679700e-01 1.685323e+12
2.784900e-01 1.179161e+12
2.894300e-01 1.109421e+11
3.007900e-01 1.067152e+11
3.126000e-01 2.345520e+12
3.248700e-01 1.674195e+12
3.376200e-01 9.401820e+11
3.508700e-01 1.794982e+12
3.646500e-01 4.541981e+11
3.789600e-01 3.394852e+12
3.938400e-01 2.061301e+12
4.093000e-01 2.045436e+12
4.253700e-01 1.109885e+12
4.420600e-01 1.731619e+12
4.594200e-01 7.679886e+11
4.774500e-01 1.631373e+12
4.961900e-01 7.846644e+11
5.156700e-01 3.520716e+11
5.359200e-01 0.000000e+00
5.569500e-01 3.496675e+11
5.788200e-01 3.363382e+11
6.015400e-01 0.000000e+00
6.251500e-01 0.000000e+00
6.496900e-01 0.000000e+00
6.752000e-01 0.000000e+00
7.017000e-01 0.000000e+00
7.292500e-01 0.000000e+00
7.578799e-01 0.000000e+00
7.876300e-01 0.000000e+00
8.185500e-01 0.000000e+00
8.506800e-01 0.000000e+00
8.840700e-01 0.000000e+00
9.187800e-01 0.000000e+00
9.548500e-01 0.000000e+00
9.923300e-01 0.000000e+00
1.031300e+00 0.000000e+00
1.071800e+00 0.000000e+00
1.113800e+00 0.000000e+00
1.157600e+00 0.000000e+00
1.203000e+00 0.000000e+00
1.250200e+00 0.000000e+00
1.299300e+00 0.000000e+00
1.350300e+00 0.000000e+00
1.403300e+00 0.000000e+00
1.458400e+00 0.000000e+00
1.515700e+00 0.000000e+00
1.575200e+00 0.000000e+00
1.637000e+00 0.000000e+00
1.701300e+00 0.000000e+00
1.768000e+00 0.000000e+00
1.837400e+00 0.000000e+00
1.909600e+00 0.000000e+00
1.984500e+00 0.000000e+00
2.062400e+00 0.000000e+00
2.143400e+00 0.000000e+00
2.227500e+00 0.000000e+00
2.315000e+00 0.000000e+00
2.405900e+00 0.000000e+00
2.500300e+00 0.000000e+00
2.598500e+00 0.000000e+00
2.700500e+00 0.000000e+00
2.806500e+00 0.000000e+00
2.916600e+00 0.000000e+00
3.031100e+00 0.000000e+00
3.150100e+00 0.000000e+00
3.273800e+00 0.000000e+00
3.402300e+00 0.000000e+00
3.535900e+00 0.000000e+00
3.674700e+00 0.000000e+00
3.818900e+00 0.000000e+00
3.968800e+00 0.000000e+00
4.124600e+00 0.000000e+00
4.286500e+00 0.000000e+00
4.454800e+00 0.000000e+00
4.629700e+00 0.000000e+00
4.811400e+00 0.000000e+00
5.000300e+00 0.000000e+00
5.196600e+00 0.000000e+00
5.400600e+00 0.000000e+00
5.612600e+00 0.000000e+00
5.832900e+00 0.000000e+00
6.061900e+00 0.000000e+00
6.299900e+00 0.000000e+00
6.547200e+00 0.000000e+00
6.804200e+00 0.000000e+00
7.071300e+00 0.000000e+00
7.348900e+00 0.000000e+00
7.637400e+00 0.000000e+00
7.937200e+00 0.000000e+00
8.248700e+00 0.000000e+00
8.572601e+00 0.000000e+00
8.909100e+00 0.000000e+00
9.258800e+00 0.000000e+00
9.622300e+00 0.000000e+00
