1.000000e-03 0.000000e+00
1.039300e-03 0.000000e+00
1.080100e-03 0.000000e+00
1.122500e-03 0.000000e+00
1.166500e-03 0.000000e+00
1.212300e-03 0.000000e+00
1.259900e-03 0.000000e+00
1.309400e-03 0.000000e+00
1.360800e-03 0.000000e+00
1.414200e-03 0.000000e+00
1.469700e-03 0.000000e+00
1.527400e-03 0.000000e+00
1.587300e-03 0.000000e+00
1.649600e-03 0.000000e+00
1.714400e-03 0.000000e+00
1.781700e-03 0.000000e+00
1.851600e-03 0.000000e+00
1.924300e-03 0.000000e+00
1.999900e-03 0.000000e+00
2.078400e-03 0.000000e+00
2.160000e-03 0.000000e+00
2.244800e-03 0.000000e+00
2.332900e-03 0.000000e+00
2.424500e-03 6.979139e+17
2.519600e-03 0.000000e+00
2.618500e-03 0.000000e+00
2.721300e-03 0.000000e+00
2.828200e-03 0.000000e+00
2.939200e-03 5.758070e+17
3.054600e-03 0.000000e+00
3.174500e-03 0.000000e+00
3.299100e-03 0.000000e+00
3.428600e-03 0.000000e+00
3.563200e-03 0.000000e+00
3.703100e-03 0.000000e+00
3.848400e-03 0.000000e+00
3.999500e-03 0.000000e+00
4.156500e-03 0.000000e+00
4.319700e-03 0.000000e+00
4.489300e-03 3.776553e+17
4.665500e-03 1.088454e+18
4.848600e-03 0.000000e+00
5.039000e-03 3.354083e+17
5.236800e-03 0.000000e+00
5.442300e-03 0.000000e+00
5.656000e-03 2.990686e+17
5.878000e-03 0.000000e+00
6.108800e-03 0.000000e+00
6.348600e-03 0.000000e+00
6.597800e-03 2.566292e+17
6.856800e-03 2.466145e+17
7.126000e-03 0.000000e+00
7.405700e-03 2.282606e+17
7.696400e-03 0.000000e+00
7.998500e-03 6.351560e+17
8.312500e-03 2.035461e+17
8.638800e-03 0.000000e+00
8.978000e-03 -1.884483e+17
9.330400e-03 1.811155e+17
9.696700e-03 1.744087e+17
1.007700e-02 1.677892e+17
1.047300e-02 0.000000e+00
1.088400e-02 1.554933e+17
1.131100e-02 0.000000e+00
1.175500e-02 4.310623e+17
1.221700e-02 4.159980e+17
1.269600e-02 0.000000e+00
1.319500e-02 3.846019e+17
1.371300e-02 1.234847e+17
1.425100e-02 4.752136e+17
1.481000e-02 4.564653e+17
1.539200e-02 2.197471e+17
1.599600e-02 4.230648e+17
1.662400e-02 4.067322e+17
1.727700e-02 1.567245e+18
1.795500e-02 6.595058e+17
1.866000e-02 6.347529e+17
1.939200e-02 1.309242e+18
2.015300e-02 3.353373e+17
2.094500e-02 1.131196e+18
2.176700e-02 1.011431e+18
2.262100e-02 1.346090e+18
2.350900e-02 1.366853e+18
2.443200e-02 9.002319e+17
2.539100e-02 1.265324e+18
2.638800e-02 1.474394e+18
2.742400e-02 1.480996e+18
2.850000e-02 1.424383e+18
2.961900e-02 1.427465e+18
3.078200e-02 1.264197e+18
3.199000e-02 1.427321e+18
3.324600e-02 1.526386e+18
3.455100e-02 2.252808e+18
3.590700e-02 2.543258e+18
3.731700e-02 1.722647e+18
3.878200e-02 2.617720e+18
4.030400e-02 3.022543e+18
4.188600e-02 2.986886e+18
4.353100e-02 2.253221e+18
4.524000e-02 2.993106e+18
4.701500e-02 2.913899e+18
4.886100e-02 3.323421e+18
5.077900e-02 4.029767e+18
5.277300e-02 3.719351e+18
5.484400e-02 3.176541e+18
5.699700e-02 4.183796e+18
5.923500e-02 4.512836e+18
6.156000e-02 4.479603e+18
6.397600e-02 4.679301e+18
6.648800e-02 5.750077e+18
6.909800e-02 5.485261e+18
7.181000e-02 5.394439e+18
7.462900e-02 6.572001e+18
7.755900e-02 6.912223e+18
8.060400e-02 7.450810e+18
8.376801e-02 7.957064e+18
8.705600e-02 7.382107e+18
9.047400e-02 8.190726e+18
9.402500e-02 8.257950e+18
9.771600e-02 7.932294e+18
1.015500e-01 9.003419e+18
1.055400e-01 1.031460e+19
1.096800e-01 1.055342e+19
1.139900e-01 1.080040e+19
1.184600e-01 1.056785e+19
1.231100e-01 1.159329e+19
1.279500e-01 1.181261e+19
1.329700e-01 1.207267e+19
1.381900e-01 1.239830e+19
1.436100e-01 1.311587e+19
1.492500e-01 1.369995e+19
1.551100e-01 1.395649e+19
1.612000e-01 1.426719e+19
1.675300e-01 1.526139e+19
1.741000e-01 1.458147e+19
1.809400e-01 1.550690e+19
1.880400e-01 1.575528e+19
1.954200e-01 1.637435e+19
2.030900e-01 1.674729e+19
2.110600e-01 1.669291e+19
2.193500e-01 1.706787e+19
2.279600e-01 1.603291e+19
2.369100e-01 1.669365e+19
2.462100e-01 1.723373e+19
2.558700e-01 1.797876e+19
2.659200e-01 1.791793e+19
2.763600e-01 1.776751e+19
2.872100e-01 1.749888e+19
2.984800e-01 1.820524e+19
3.102000e-01 1.783112e+19
3.223700e-01 1.820183e+19
3.350300e-01 1.776973e+19
3.481800e-01 1.776506e+19
3.618500e-01 1.767567e+19
3.760500e-01 1.703412e+19
3.908200e-01 1.718991e+19
4.061600e-01 1.691017e+19
4.221000e-01 1.646545e+19
4.386700e-01 1.582252e+19
4.558900e-01 1.546606e+19
4.737900e-01 1.511189e+19
4.923900e-01 1.474730e+19
5.117200e-01 1.435572e+19
5.318100e-01 1.374523e+19
5.526800e-01 1.332935e+19
5.743800e-01 1.303335e+19
5.969200e-01 1.228898e+19
6.203600e-01 1.126381e+19
6.447100e-01 1.103452e+19
6.700200e-01 1.025240e+19
6.963200e-01 9.959058e+18
7.236600e-01 9.016723e+18
7.520600e-01 8.659241e+18
7.815900e-01 8.260197e+18
8.122700e-01 7.418241e+18
8.441500e-01 6.910554e+18
8.772900e-01 6.509648e+18
9.117300e-01 6.047106e+18
9.475200e-01 5.309404e+18
9.847200e-01 5.013428e+18
1.023400e+00 4.598255e+18
1.063500e+00 3.956924e+18
1.105300e+00 3.619259e+18
1.148700e+00 3.272931e+18
1.193800e+00 3.022303e+18
1.240600e+00 2.481733e+18
1.289300e+00 2.230052e+18
1.340000e+00 1.938313e+18
1.392600e+00 1.725454e+18
1.447200e+00 1.497638e+18
1.504000e+00 1.352330e+18
1.563100e+00 1.097647e+18
1.624400e+00 9.614622e+17
1.688200e+00 7.917864e+17
1.754500e+00 6.467072e+17
1.823300e+00 5.568038e+17
1.894900e+00 4.506862e+17
1.969300e+00 3.747770e+17
2.046600e+00 3.053287e+17
2.127000e+00 2.326171e+17
2.210500e+00 1.743072e+17
2.297200e+00 1.213693e+17
2.387400e+00 8.127491e+16
2.481100e+00 5.764073e+16
2.578500e+00 3.316427e+16
2.679700e+00 2.208387e+16
2.784900e+00 1.228676e+16
2.894300e+00 8.865647e+15
3.007900e+00 7.897139e+15
3.126000e+00 5.174417e+15
3.248700e+00 8.181363e+15
3.376200e+00 2.762045e+15
3.508700e+00 2.493015e+15
3.646500e+00 2.452657e+15
3.789600e+00 3.213189e+15
3.938400e+00 3.973984e+15
4.093000e+00 7.068467e+15
4.253700e+00 8.116822e+15
4.420600e+00 1.000109e+16
4.594200e+00 1.406872e+16
4.774500e+00 1.721455e+16
4.961900e+00 2.401601e+16
5.156700e+00 1.872340e+16
5.359200e+00 2.397643e+16
5.569500e+00 1.911047e+16
5.788200e+00 1.161309e+16
6.015400e+00 3.034295e+15
6.251500e+00 9.086016e+13
6.496900e+00 0.000000e+00
6.752000e+00 0.000000e+00
7.017000e+00 1.395266e+14
7.292500e+00 0.000000e+00
7.578800e+00 6.932926e+13
7.876300e+00 0.000000e+00
8.185500e+00 0.000000e+00
8.506800e+00 0.000000e+00
8.840700e+00 0.000000e+00
9.187801e+00 0.000000e+00
9.548500e+00 0.000000e+00
9.923300e+00 0.000000e+00
1.031300e+01 0.000000e+00
1.071800e+01 0.000000e+00
1.113800e+01 0.000000e+00
1.157600e+01 0.000000e+00
1.203000e+01 0.000000e+00
1.250200e+01 0.000000e+00
1.299300e+01 0.000000e+00
1.350300e+01 0.000000e+00
1.403300e+01 0.000000e+00
1.458400e+01 0.000000e+00
1.515700e+01 0.000000e+00
1.575200e+01 0.000000e+00
1.637000e+01 0.000000e+00
1.701300e+01 0.000000e+00
1.768000e+01 0.000000e+00
1.837400e+01 0.000000e+00
1.909600e+01 0.000000e+00
1.984500e+01 0.000000e+00
2.062400e+01 0.000000e+00
2.143400e+01 0.000000e+00
2.227500e+01 0.000000e+00
2.315000e+01 0.000000e+00
2.405900e+01 0.000000e+00
2.500300e+01 0.000000e+00
2.598500e+01 0.000000e+00
2.700500e+01 0.000000e+00
2.806500e+01 0.000000e+00
2.916600e+01 0.000000e+00
3.031100e+01 0.000000e+00
3.150100e+01 0.000000e+00
3.273800e+01 0.000000e+00
3.402300e+01 0.000000e+00
3.535900e+01 0.000000e+00
3.674700e+01 0.000000e+00
3.818900e+01 0.000000e+00
3.968800e+01 0.000000e+00
4.124600e+01 0.000000e+00
4.286500e+01 0.000000e+00
4.454800e+01 0.000000e+00
4.629700e+01 0.000000e+00
4.811400e+01 0.000000e+00
5.000300e+01 0.000000e+00
5.196600e+01 0.000000e+00
5.400600e+01 0.000000e+00
5.612600e+01 0.000000e+00
5.832900e+01 0.000000e+00
6.061900e+01 0.000000e+00
6.299900e+01 0.000000e+00
6.547200e+01 0.000000e+00
6.804200e+01 0.000000e+00
7.071300e+01 0.000000e+00
7.348900e+01 0.000000e+00
7.637400e+01 0.000000e+00
7.937200e+01 0.000000e+00
8.248700e+01 0.000000e+00
8.572600e+01 0.000000e+00
8.909100e+01 0.000000e+00
9.258800e+01 0.000000e+00
9.622300e+01 0.000000e+00
