9.999999e-05 0.000000e+00
1.039300e-04 0.000000e+00
1.080100e-04 0.000000e+00
1.122500e-04 0.000000e+00
1.166500e-04 0.000000e+00
1.212300e-04 0.000000e+00
1.259900e-04 0.000000e+00
1.309400e-04 0.000000e+00
1.360800e-04 0.000000e+00
1.414200e-04 0.000000e+00
1.469700e-04 0.000000e+00
1.527400e-04 0.000000e+00
1.587300e-04 0.000000e+00
1.649600e-04 0.000000e+00
1.714400e-04 0.000000e+00
1.781700e-04 0.000000e+00
1.851600e-04 0.000000e+00
1.924300e-04 0.000000e+00
1.999900e-04 0.000000e+00
2.078400e-04 0.000000e+00
2.160000e-04 0.000000e+00
2.244800e-04 0.000000e+00
2.332900e-04 0.000000e+00
2.424500e-04 0.000000e+00
2.519600e-04 0.000000e+00
2.618500e-04 0.000000e+00
2.721300e-04 0.000000e+00
2.828200e-04 0.000000e+00
2.939200e-04 0.000000e+00
3.054600e-04 0.000000e+00
3.174500e-04 0.000000e+00
3.299100e-04 0.000000e+00
3.428600e-04 0.000000e+00
3.563200e-04 0.000000e+00
3.703100e-04 0.000000e+00
3.848400e-04 0.000000e+00
3.999500e-04 0.000000e+00
4.156500e-04 0.000000e+00
4.319700e-04 0.000000e+00
4.489300e-04 0.000000e+00
4.665500e-04 0.000000e+00
4.848600e-04 0.000000e+00
5.039000e-04 0.000000e+00
5.236800e-04 0.000000e+00
5.442300e-04 0.000000e+00
5.656000e-04 0.000000e+00
5.878000e-04 0.000000e+00
6.108800e-04 0.000000e+00
6.348600e-04 0.000000e+00
6.597800e-04 0.000000e+00
6.856800e-04 0.000000e+00
7.126000e-04 0.000000e+00
7.405700e-04 0.000000e+00
7.696400e-04 0.000000e+00
7.998500e-04 0.000000e+00
8.312500e-04 0.000000e+00
8.638800e-04 0.000000e+00
8.978000e-04 0.000000e+00
9.330400e-04 0.000000e+00
9.696700e-04 0.000000e+00
1.007700e-03 0.000000e+00
1.047300e-03 0.000000e+00
1.088400e-03 0.000000e+00
1.131100e-03 0.000000e+00
1.175500e-03 0.000000e+00
1.221700e-03 0.000000e+00
1.269600e-03 0.000000e+00
1.319500e-03 0.000000e+00
1.371300e-03 0.000000e+00
1.425100e-03 0.000000e+00
1.481000e-03 0.000000e+00
1.539200e-03 0.000000e+00
1.599600e-03 0.000000e+00
1.662400e-03 0.000000e+00
1.727700e-03 0.000000e+00
1.795500e-03 1.958820e+17
1.866000e-03 1.888183e+17
1.939200e-03 0.000000e+00
2.015300e-03 -1.742313e+17
2.094500e-03 0.000000e+00
2.176700e-03 0.000000e+00
2.262100e-03 1.555828e+17
2.350900e-03 1.497367e+17
2.443200e-03 0.000000e+00
2.539100e-03 0.000000e+00
2.638800e-03 0.000000e+00
2.742400e-03 0.000000e+00
2.850000e-03 1.236300e+17
2.961900e-03 0.000000e+00
3.078200e-03 1.144292e+17
3.199000e-03 0.000000e+00
3.324600e-03 0.000000e+00
3.455100e-03 0.000000e+00
3.590700e-03 0.000000e+00
3.731700e-03 9.429776e+16
3.878200e-03 0.000000e+00
4.030400e-03 0.000000e+00
4.188600e-03 2.520876e+17
4.353100e-03 0.000000e+00
4.524000e-03 0.000000e+00
4.701500e-03 0.000000e+00
4.886100e-03 1.439427e+17
5.077900e-03 0.000000e+00
5.277300e-03 1.332220e+17
5.484400e-03 1.924977e+17
5.699700e-03 0.000000e+00
5.923500e-03 1.781854e+17
6.156000e-03 1.143184e+17
6.397600e-03 5.496759e+16
6.648800e-03 0.000000e+00
6.909800e-03 1.018431e+17
7.181000e-03 4.895288e+16
7.462900e-03 4.710475e+16
7.755900e-03 9.068951e+16
8.060400e-03 4.368560e+16
8.376801e-03 8.407270e+16
8.705600e-03 1.212967e+17
9.047400e-03 3.889378e+17
9.402500e-03 2.995426e+17
9.771601e-03 2.521984e+17
1.015500e-02 6.939587e+16
1.055400e-02 1.668537e+17
1.096800e-02 1.602683e+17
1.139900e-02 1.545407e+17
1.184600e-02 1.188772e+17
1.231100e-02 2.283224e+17
1.279500e-02 2.752232e+17
1.329700e-02 2.912196e+17
1.381900e-02 2.804148e+17
1.436100e-02 1.715012e+17
1.492500e-02 1.885985e+17
1.551100e-02 3.176533e+17
1.612000e-02 1.746006e+17
1.675300e-02 2.733428e+17
1.741000e-02 2.626167e+17
1.809400e-02 3.891308e+17
1.880400e-02 4.305591e+17
1.954200e-02 3.603025e+17
2.030900e-02 4.853012e+17
2.110600e-02 1.833909e+17
2.193500e-02 4.653375e+17
2.279600e-02 4.785733e+17
2.369100e-02 6.685762e+17
2.462100e-02 5.434623e+17
2.558700e-02 6.047839e+17
2.659200e-02 5.954926e+17
2.763600e-02 5.474163e+17
2.872100e-02 5.639534e+17
2.984800e-02 5.776423e+17
3.102000e-02 8.512729e+17
3.223700e-02 8.183973e+17
3.350300e-02 8.194010e+17
3.481800e-02 7.680648e+17
3.618500e-02 7.978090e+17
3.760500e-02 8.980714e+17
3.908200e-02 9.816877e+17
4.061600e-02 9.707752e+17
4.221000e-02 1.067321e+18
4.386700e-02 1.131262e+18
4.558900e-02 1.242605e+18
4.737900e-02 1.314668e+18
4.923900e-02 1.307904e+18
5.117200e-02 1.395938e+18
5.318100e-02 1.462928e+18
5.526800e-02 1.559863e+18
5.743800e-02 1.556999e+18
5.969200e-02 1.709408e+18
6.203600e-02 1.741940e+18
6.447100e-02 1.877973e+18
6.700200e-02 1.764997e+18
6.963200e-02 1.834256e+18
7.236600e-02 2.082125e+18
7.520599e-02 2.044688e+18
7.815900e-02 2.310133e+18
8.122700e-02 2.335840e+18
8.441500e-02 2.355541e+18
8.772900e-02 2.523354e+18
9.117300e-02 2.443628e+18
9.475200e-02 2.651613e+18
9.847200e-02 2.568181e+18
1.023400e-01 2.666656e+18
1.063500e-01 2.769978e+18
1.105300e-01 2.839504e+18
1.148700e-01 2.873539e+18
1.193800e-01 2.925603e+18
1.240600e-01 3.143405e+18
1.289300e-01 3.109379e+18
1.340000e-01 2.954825e+18
1.392600e-01 3.049271e+18
1.447200e-01 3.004025e+18
1.504000e-01 3.214413e+18
1.563100e-01 3.173447e+18
1.624400e-01 3.161727e+18
1.688200e-01 3.296636e+18
1.754500e-01 3.144660e+18
1.823300e-01 3.162601e+18
1.894900e-01 3.086340e+18
1.969300e-01 3.072410e+18
2.046600e-01 3.055356e+18
2.127000e-01 2.976654e+18
2.210500e-01 2.909953e+18
2.297200e-01 2.950051e+18
2.387400e-01 2.811903e+18
2.481100e-01 2.865338e+18
2.578500e-01 2.861390e+18
2.679700e-01 2.697563e+18
2.784900e-01 2.683569e+18
2.894300e-01 2.343650e+18
3.007900e-01 2.476660e+18
3.126000e-01 2.189844e+18
3.248700e-01 2.164952e+18
3.376200e-01 2.178292e+18
3.508700e-01 2.051325e+18
3.646500e-01 2.124103e+18
3.789600e-01 1.856133e+18
3.938400e-01 1.798249e+18
4.093000e-01 1.734964e+18
4.253700e-01 1.611767e+18
4.420600e-01 1.538413e+18
4.594200e-01 1.387051e+18
4.774500e-01 1.269524e+18
4.961900e-01 1.223494e+18
5.156700e-01 1.160791e+18
5.359200e-01 1.105764e+18
5.569500e-01 9.970174e+17
5.788200e-01 9.157765e+17
6.015400e-01 8.344292e+17
6.251500e-01 7.701682e+17
6.496900e-01 7.025458e+17
6.752000e-01 6.429410e+17
7.017000e-01 5.947722e+17
7.292500e-01 5.279153e+17
7.578799e-01 4.848992e+17
7.876300e-01 4.348229e+17
8.185500e-01 3.746368e+17
8.506800e-01 3.471512e+17
8.840700e-01 3.302564e+17
9.187800e-01 3.011384e+17
9.548500e-01 2.481295e+17
9.923300e-01 2.244613e+17
1.031300e+00 1.969091e+17
1.071800e+00 1.753424e+17
1.113800e+00 1.551215e+17
1.157600e+00 1.311030e+17
1.203000e+00 1.149250e+17
1.250200e+00 9.230061e+16
1.299300e+00 7.099958e+16
1.350300e+00 6.165603e+16
1.403300e+00 4.324496e+16
1.458400e+00 3.447566e+16
1.515700e+00 2.391840e+16
1.575200e+00 1.332863e+16
1.637000e+00 8.523098e+15
1.701300e+00 5.546914e+15
1.768000e+00 4.149740e+15
1.837400e+00 2.921952e+15
1.909600e+00 1.467650e+15
1.984500e+00 8.809990e+14
2.062400e+00 1.292142e+15
2.143400e+00 1.088062e+15
2.227500e+00 1.070289e+15
2.315000e+00 1.697388e+15
2.405900e+00 1.315806e+15
2.500300e+00 1.266514e+15
2.598500e+00 1.346785e+15
2.700500e+00 3.092912e+15
2.806500e+00 2.626493e+15
2.916600e+00 2.273075e+15
3.031100e+00 4.161134e+15
3.150100e+00 4.231358e+15
3.273800e+00 4.056695e+15
3.402300e+00 3.376920e+15
3.535900e+00 2.792201e+15
3.674700e+00 0.000000e+00
3.818900e+00 0.000000e+00
3.968800e+00 0.000000e+00
4.124600e+00 0.000000e+00
4.286500e+00 0.000000e+00
4.454800e+00 0.000000e+00
4.629700e+00 1.508056e+13
4.811400e+00 0.000000e+00
5.000300e+00 0.000000e+00
5.196600e+00 0.000000e+00
5.400600e+00 0.000000e+00
5.612600e+00 0.000000e+00
5.832900e+00 0.000000e+00
6.061900e+00 0.000000e+00
6.299900e+00 0.000000e+00
6.547200e+00 0.000000e+00
6.804200e+00 0.000000e+00
7.071300e+00 0.000000e+00
7.348900e+00 0.000000e+00
7.637400e+00 0.000000e+00
7.937200e+00 0.000000e+00
8.248700e+00 0.000000e+00
8.572601e+00 0.000000e+00
8.909100e+00 0.000000e+00
9.258800e+00 0.000000e+00
9.622300e+00 0.000000e+00
