9.999999e-05 0.000000e+00
1.039300e-04 0.000000e+00
1.080100e-04 0.000000e+00
1.122500e-04 0.000000e+00
1.166500e-04 0.000000e+00
1.212300e-04 0.000000e+00
1.259900e-04 0.000000e+00
1.309400e-04 0.000000e+00
1.360800e-04 0.000000e+00
1.414200e-04 0.000000e+00
1.469700e-04 0.000000e+00
1.527400e-04 0.000000e+00
1.587300e-04 0.000000e+00
1.649600e-04 0.000000e+00
1.714400e-04 0.000000e+00
1.781700e-04 0.000000e+00
1.851600e-04 0.000000e+00
1.924300e-04 0.000000e+00
1.999900e-04 0.000000e+00
2.078400e-04 0.000000e+00
2.160000e-04 0.000000e+00
2.244800e-04 0.000000e+00
2.332900e-04 0.000000e+00
2.424500e-04 0.000000e+00
2.519600e-04 0.000000e+00
2.618500e-04 -1.413487e+16
2.721300e-04 0.000000e+00
2.828200e-04 0.000000e+00
2.939200e-04 0.000000e+00
3.054600e-04 0.000000e+00
3.174500e-04 0.000000e+00
3.299100e-04 0.000000e+00
3.428600e-04 0.000000e+00
3.563200e-04 0.000000e+00
3.703100e-04 0.000000e+00
3.848400e-04 0.000000e+00
3.999500e-04 0.000000e+00
4.156500e-04 0.000000e+00
4.319700e-04 0.000000e+00
4.489300e-04 0.000000e+00
4.665500e-04 0.000000e+00
4.848600e-04 0.000000e+00
5.039000e-04 0.000000e+00
5.236800e-04 0.000000e+00
5.442300e-04 0.000000e+00
5.656000e-04 0.000000e+00
5.878000e-04 0.000000e+00
6.108800e-04 0.000000e+00
6.348600e-04 0.000000e+00
6.597800e-04 0.000000e+00
6.856800e-04 0.000000e+00
7.126000e-04 0.000000e+00
7.405700e-04 0.000000e+00
7.696400e-04 0.000000e+00
7.998500e-04 0.000000e+00
8.312500e-04 0.000000e+00
8.638800e-04 0.000000e+00
8.978000e-04 0.000000e+00
9.330400e-04 0.000000e+00
9.696700e-04 0.000000e+00
1.007700e-03 0.000000e+00
1.047300e-03 3.534917e+15
1.088400e-03 0.000000e+00
1.131100e-03 0.000000e+00
1.175500e-03 2.430299e+15
1.221700e-03 3.038636e+15
1.269600e-03 0.000000e+00
1.319500e-03 2.807706e+15
1.371300e-03 2.379353e+15
1.425100e-03 0.000000e+00
1.481000e-03 4.976965e+15
1.539200e-03 7.200267e+15
1.599600e-03 0.000000e+00
1.662400e-03 4.456621e+15
1.727700e-03 0.000000e+00
1.795500e-03 8.104492e+15
1.866000e-03 8.958839e+14
1.939200e-03 1.913026e+15
2.015300e-03 5.509160e+15
2.094500e-03 3.344241e+15
2.176700e-03 3.404048e+15
2.262100e-03 3.269407e+15
2.350900e-03 6.809711e+15
2.443200e-03 1.041810e+16
2.539100e-03 4.708543e+15
2.638800e-03 7.970817e+15
2.742400e-03 1.191460e+16
2.850000e-03 6.758231e+15
2.961900e-03 4.997831e+15
3.078200e-03 6.015541e+15
3.199000e-03 1.003924e+16
3.324600e-03 6.682556e+15
3.455100e-03 1.519603e+16
3.590700e-03 1.724266e+16
3.731700e-03 1.043139e+16
3.878200e-03 1.027042e+16
4.030400e-03 1.774346e+16
4.188600e-03 8.321993e+15
4.353100e-03 1.980671e+16
4.524000e-03 1.948629e+16
4.701500e-03 1.302729e+16
4.886100e-03 1.555090e+16
5.077900e-03 2.084646e+16
5.277300e-03 1.649440e+16
5.484400e-03 1.523812e+16
5.699700e-03 3.302244e+16
5.923500e-03 2.958165e+16
6.156000e-03 2.972031e+16
6.397600e-03 3.036312e+16
6.648800e-03 2.910072e+16
6.909800e-03 3.638298e+16
7.181000e-03 3.152529e+16
7.462900e-03 3.571474e+16
7.755900e-03 3.690850e+16
8.060400e-03 3.637014e+16
8.376801e-03 4.529322e+16
8.705600e-03 4.553110e+16
9.047400e-03 4.378604e+16
9.402500e-03 3.184745e+16
9.771601e-03 2.622062e+16
1.015500e-02 2.045430e+16
1.055400e-02 3.594493e+16
1.096800e-02 3.945265e+16
1.139900e-02 4.394636e+16
1.184600e-02 3.887836e+16
1.231100e-02 3.349748e+16
1.279500e-02 4.287722e+16
1.329700e-02 3.981011e+16
1.381900e-02 4.249612e+16
1.436100e-02 4.074951e+16
1.492500e-02 5.312450e+16
1.551100e-02 5.702446e+16
1.612000e-02 4.653372e+16
1.675300e-02 5.210280e+16
1.741000e-02 5.537734e+16
1.809400e-02 5.521554e+16
1.880400e-02 5.840676e+16
1.954200e-02 6.007378e+16
2.030900e-02 6.206718e+16
2.110600e-02 7.273936e+16
2.193500e-02 6.681152e+16
2.279600e-02 6.060929e+16
2.369100e-02 7.626750e+16
2.462100e-02 7.827115e+16
2.558700e-02 8.028851e+16
2.659200e-02 8.753185e+16
2.763600e-02 8.087273e+16
2.872100e-02 8.659800e+16
2.984800e-02 8.893091e+16
3.102000e-02 9.518206e+16
3.223700e-02 9.286769e+16
3.350300e-02 9.602116e+16
3.481800e-02 9.459635e+16
3.618500e-02 1.023983e+17
3.760500e-02 1.004698e+17
3.908200e-02 1.069589e+17
4.061600e-02 1.127468e+17
4.221000e-02 1.101594e+17
4.386700e-02 1.104265e+17
4.558900e-02 1.149344e+17
4.737900e-02 1.186303e+17
4.923900e-02 1.160134e+17
5.117200e-02 1.133988e+17
5.318100e-02 1.153399e+17
5.526800e-02 1.150838e+17
5.743800e-02 1.129525e+17
5.969200e-02 1.152976e+17
6.203600e-02 1.125442e+17
6.447100e-02 1.133528e+17
6.700200e-02 1.106789e+17
6.963200e-02 1.158723e+17
7.236600e-02 1.069082e+17
7.520599e-02 1.058381e+17
7.815900e-02 1.090349e+17
8.122700e-02 1.119756e+17
8.441500e-02 1.062157e+17
8.772900e-02 9.969851e+16
9.117300e-02 1.017606e+17
9.475200e-02 9.637911e+16
9.847200e-02 9.302358e+16
1.023400e-01 8.970178e+16
1.063500e-01 8.687198e+16
1.105300e-01 8.473788e+16
1.148700e-01 7.989341e+16
1.193800e-01 7.901292e+16
1.240600e-01 7.552787e+16
1.289300e-01 7.389517e+16
1.340000e-01 7.098675e+16
1.392600e-01 6.726747e+16
1.447200e-01 6.479047e+16
1.504000e-01 6.093052e+16
1.563100e-01 5.601975e+16
1.624400e-01 5.507860e+16
1.688200e-01 5.122770e+16
1.754500e-01 4.928461e+16
1.823300e-01 4.646422e+16
1.894900e-01 4.339055e+16
1.969300e-01 4.043683e+16
2.046600e-01 4.087380e+16
2.127000e-01 3.693458e+16
2.210500e-01 3.373320e+16
2.297200e-01 3.268912e+16
2.387400e-01 3.088496e+16
2.481100e-01 2.874919e+16
2.578500e-01 2.731291e+16
2.679700e-01 2.579755e+16
2.784900e-01 2.367413e+16
2.894300e-01 2.208513e+16
3.007900e-01 2.028003e+16
3.126000e-01 1.862131e+16
3.248700e-01 1.592723e+16
3.376200e-01 1.388024e+16
3.508700e-01 1.153386e+16
3.646500e-01 9.355308e+15
3.789600e-01 8.026799e+15
3.938400e-01 5.957695e+15
4.093000e-01 4.592885e+15
4.253700e-01 3.405693e+15
4.420600e-01 2.438712e+15
4.594200e-01 1.678054e+15
4.774500e-01 1.098761e+15
4.961900e-01 7.537028e+14
5.156700e-01 3.992814e+14
5.359200e-01 2.887301e+14
5.569500e-01 1.950346e+14
5.788200e-01 1.071811e+14
6.015400e-01 5.870734e+13
6.251500e-01 3.151035e+13
6.496900e-01 1.759914e+13
6.752000e-01 1.365831e+13
7.017000e-01 1.640093e+13
7.292500e-01 1.517172e+13
7.578799e-01 8.383815e+11
7.876300e-01 7.974635e+12
8.185500e-01 3.497884e+12
8.506800e-01 1.980596e+13
8.840700e-01 1.254677e+13
9.187800e-01 3.616260e+13
9.548500e-01 5.324487e+13
9.923300e-01 5.202047e+13
1.031300e+00 4.669803e+13
1.071800e+00 4.481440e+13
1.113800e+00 1.654970e+13
1.157600e+00 0.000000e+00
1.203000e+00 0.000000e+00
1.250200e+00 0.000000e+00
1.299300e+00 0.000000e+00
1.350300e+00 0.000000e+00
1.403300e+00 0.000000e+00
1.458400e+00 4.352868e+11
1.515700e+00 0.000000e+00
1.575200e+00 0.000000e+00
1.637000e+00 0.000000e+00
1.701300e+00 0.000000e+00
1.768000e+00 0.000000e+00
1.837400e+00 0.000000e+00
1.909600e+00 0.000000e+00
1.984500e+00 0.000000e+00
2.062400e+00 0.000000e+00
2.143400e+00 0.000000e+00
2.227500e+00 0.000000e+00
2.315000e+00 0.000000e+00
2.405900e+00 0.000000e+00
2.500300e+00 0.000000e+00
2.598500e+00 0.000000e+00
2.700500e+00 0.000000e+00
2.806500e+00 0.000000e+00
2.916600e+00 0.000000e+00
3.031100e+00 0.000000e+00
3.150100e+00 0.000000e+00
3.273800e+00 0.000000e+00
3.402300e+00 0.000000e+00
3.535900e+00 0.000000e+00
3.674700e+00 0.000000e+00
3.818900e+00 0.000000e+00
3.968800e+00 0.000000e+00
4.124600e+00 0.000000e+00
4.286500e+00 0.000000e+00
4.454800e+00 0.000000e+00
4.629700e+00 0.000000e+00
4.811400e+00 0.000000e+00
5.000300e+00 0.000000e+00
5.196600e+00 0.000000e+00
5.400600e+00 0.000000e+00
5.612600e+00 0.000000e+00
5.832900e+00 0.000000e+00
6.061900e+00 0.000000e+00
6.299900e+00 0.000000e+00
6.547200e+00 0.000000e+00
6.804200e+00 0.000000e+00
7.071300e+00 0.000000e+00
7.348900e+00 0.000000e+00
7.637400e+00 0.000000e+00
7.937200e+00 0.000000e+00
8.248700e+00 0.000000e+00
8.572601e+00 0.000000e+00
8.909100e+00 0.000000e+00
9.258800e+00 0.000000e+00
9.622300e+00 0.000000e+00
