1.000000e-03 0.000000e+00
1.039300e-03 0.000000e+00
1.080100e-03 0.000000e+00
1.122500e-03 0.000000e+00
1.166500e-03 0.000000e+00
1.212300e-03 0.000000e+00
1.259900e-03 0.000000e+00
1.309400e-03 0.000000e+00
1.360800e-03 0.000000e+00
1.414200e-03 0.000000e+00
1.469700e-03 0.000000e+00
1.527400e-03 0.000000e+00
1.587300e-03 0.000000e+00
1.649600e-03 0.000000e+00
1.714400e-03 0.000000e+00
1.781700e-03 0.000000e+00
1.851600e-03 0.000000e+00
1.924300e-03 0.000000e+00
1.999900e-03 0.000000e+00
2.078400e-03 0.000000e+00
2.160000e-03 0.000000e+00
2.244800e-03 0.000000e+00
2.332900e-03 0.000000e+00
2.424500e-03 0.000000e+00
2.519600e-03 0.000000e+00
2.618500e-03 0.000000e+00
2.721300e-03 0.000000e+00
2.828200e-03 0.000000e+00
2.939200e-03 0.000000e+00
3.054600e-03 0.000000e+00
3.174500e-03 0.000000e+00
3.299100e-03 0.000000e+00
3.428600e-03 0.000000e+00
3.563200e-03 0.000000e+00
3.703100e-03 0.000000e+00
3.848400e-03 0.000000e+00
3.999500e-03 -7.793007e+18
4.156500e-03 0.000000e+00
4.319700e-03 0.000000e+00
4.489300e-03 0.000000e+00
4.665500e-03 0.000000e+00
4.848600e-03 0.000000e+00
5.039000e-03 0.000000e+00
5.236800e-03 0.000000e+00
5.442300e-03 0.000000e+00
5.656000e-03 0.000000e+00
5.878000e-03 0.000000e+00
6.108800e-03 0.000000e+00
6.348600e-03 4.914069e+18
6.597800e-03 0.000000e+00
6.856800e-03 0.000000e+00
7.126000e-03 0.000000e+00
7.405700e-03 0.000000e+00
7.696400e-03 0.000000e+00
7.998500e-03 0.000000e+00
8.312500e-03 0.000000e+00
8.638800e-03 0.000000e+00
8.978000e-03 0.000000e+00
9.330400e-03 3.345615e+18
9.696700e-03 3.221398e+18
1.007700e-02 -6.192186e+18
1.047300e-02 3.137706e+18
1.088400e-02 0.000000e+00
1.131100e-02 0.000000e+00
1.175500e-02 -2.653663e+18
1.221700e-02 0.000000e+00
1.269600e-02 -4.909472e+18
1.319500e-02 0.000000e+00
1.371300e-02 0.000000e+00
1.425100e-02 2.190152e+18
1.481000e-02 0.000000e+00
1.539200e-02 0.000000e+00
1.599600e-02 1.951696e+18
1.662400e-02 1.877128e+18
1.727700e-02 0.000000e+00
1.795500e-02 0.000000e+00
1.866000e-02 -1.674079e+18
1.939200e-02 3.218402e+18
2.015300e-02 4.635120e+18
2.094500e-02 -1.402487e+15
2.176700e-02 1.435945e+18
2.262100e-02 5.518566e+18
2.350900e-02 2.654779e+18
2.443200e-02 1.276779e+18
2.539100e-02 3.683236e+18
2.638800e-02 1.183280e+18
2.742400e-02 2.276612e+18
2.850000e-02 3.281399e+18
2.961900e-02 0.000000e+00
3.078200e-02 4.060652e+18
3.199000e-02 1.952583e+18
3.324600e-02 1.878164e+18
3.455100e-02 3.612602e+18
3.590700e-02 6.953321e+18
3.731700e-02 2.503972e+18
3.878200e-02 6.442003e+18
4.030400e-02 3.871072e+18
4.188600e-02 5.955955e+18
4.353100e-02 7.882463e+18
4.524000e-02 8.970294e+18
4.701500e-02 9.289399e+18
4.886100e-02 6.384494e+18
5.077900e-02 9.217020e+18
5.277300e-02 1.123630e+19
5.484400e-02 1.137634e+19
5.699700e-02 6.564805e+18
5.923500e-02 1.264473e+19
6.156000e-02 1.368853e+19
6.397600e-02 1.464780e+19
6.648800e-02 1.971405e+19
6.909800e-02 1.309761e+19
7.181000e-02 2.041827e+19
7.462900e-02 2.048624e+19
7.755900e-02 2.172247e+19
8.060400e-02 2.438686e+19
8.376801e-02 1.974945e+19
8.705600e-02 2.257811e+19
9.047400e-02 2.656922e+19
9.402500e-02 2.953256e+19
9.771600e-02 3.099273e+19
1.015500e-01 3.008312e+19
1.055400e-01 3.698611e+19
1.096800e-01 3.724420e+19
1.139900e-01 4.630885e+19
1.184600e-01 4.268285e+19
1.231100e-01 4.100711e+19
1.279500e-01 5.052243e+19
1.329700e-01 5.116882e+19
1.381900e-01 5.514682e+19
1.436100e-01 5.082474e+19
1.492500e-01 5.477638e+19
1.551100e-01 6.477005e+19
1.612000e-01 6.405400e+19
1.675300e-01 7.832674e+19
1.741000e-01 7.273932e+19
1.809400e-01 7.676051e+19
1.880400e-01 8.133257e+19
1.954200e-01 8.210392e+19
2.030900e-01 8.958862e+19
2.110600e-01 9.266929e+19
2.193500e-01 1.005897e+20
2.279600e-01 1.032290e+20
2.369100e-01 1.099961e+20
2.462100e-01 1.096849e+20
2.558700e-01 1.249223e+20
2.659200e-01 1.237991e+20
2.763600e-01 1.345845e+20
2.872100e-01 1.371879e+20
2.984800e-01 1.328713e+20
3.102000e-01 1.452214e+20
3.223700e-01 1.466079e+20
3.350300e-01 1.482750e+20
3.481800e-01 1.615473e+20
3.618500e-01 1.636568e+20
3.760500e-01 1.614995e+20
3.908200e-01 1.663473e+20
4.061600e-01 1.788402e+20
4.221000e-01 1.728071e+20
4.386700e-01 1.774989e+20
4.558900e-01 1.797576e+20
4.737900e-01 1.897145e+20
4.923900e-01 1.973740e+20
5.117200e-01 1.928457e+20
5.318100e-01 1.944202e+20
5.526800e-01 1.971715e+20
5.743800e-01 1.980861e+20
5.969200e-01 2.039538e+20
6.203600e-01 2.034747e+20
6.447100e-01 1.992946e+20
6.700200e-01 1.988130e+20
6.963200e-01 1.980829e+20
7.236600e-01 1.949622e+20
7.520600e-01 1.933648e+20
7.815900e-01 1.932813e+20
8.122700e-01 1.893073e+20
8.441500e-01 1.821222e+20
8.772900e-01 1.761911e+20
9.117300e-01 1.725613e+20
9.475200e-01 1.637346e+20
9.847200e-01 1.621793e+20
1.023400e+00 1.568875e+20
1.063500e+00 1.472191e+20
1.105300e+00 1.415942e+20
1.148700e+00 1.354820e+20
1.193800e+00 1.293329e+20
1.240600e+00 1.166376e+20
1.289300e+00 1.103204e+20
1.340000e+00 1.014970e+20
1.392600e+00 9.457973e+19
1.447200e+00 8.794175e+19
1.504000e+00 8.038537e+19
1.563100e+00 7.170937e+19
1.624400e+00 6.512837e+19
1.688200e+00 5.759359e+19
1.754500e+00 5.132464e+19
1.823300e+00 4.487545e+19
1.894900e+00 3.963759e+19
1.969300e+00 3.444669e+19
2.046600e+00 2.927136e+19
2.127000e+00 2.595042e+19
2.210500e+00 2.106266e+19
2.297200e+00 1.954440e+19
2.387400e+00 1.536533e+19
2.481100e+00 1.266892e+19
2.578500e+00 1.023003e+19
2.679700e+00 8.679258e+18
2.784900e+00 7.051239e+18
2.894300e+00 5.652682e+18
3.007900e+00 4.496467e+18
3.126000e+00 3.215269e+18
3.248700e+00 2.746530e+18
3.376200e+00 2.003481e+18
3.508700e+00 1.349047e+18
3.646500e+00 1.304563e+18
3.789600e+00 9.427634e+17
3.938400e+00 7.233834e+17
4.093000e+00 5.232929e+17
4.253700e+00 4.740042e+17
4.420600e+00 1.758011e+17
4.594200e+00 6.932618e+16
4.774500e+00 1.107581e+17
4.961900e+00 8.805852e+16
5.156700e+00 9.448527e+16
5.359200e+00 6.209500e+16
5.569500e+00 2.974812e+16
5.788200e+00 4.380390e+16
6.015400e+00 6.999643e+16
6.251500e+00 7.074619e+16
6.496900e+00 7.513982e+16
6.752000e+00 4.042007e+16
7.017000e+00 6.302265e+16
7.292500e+00 4.205151e+16
7.578800e+00 4.926274e+16
7.876300e+00 5.522952e+16
8.185500e+00 3.631976e+16
8.506800e+00 2.207181e+16
8.840700e+00 3.900229e+16
9.187801e+00 2.699452e+16
9.548500e+00 3.084129e+16
9.923300e+00 2.015793e+16
1.031300e+01 8.586360e+15
1.071800e+01 2.882697e+15
1.113800e+01 2.590606e+15
1.157600e+01 2.690289e+15
1.203000e+01 0.000000e+00
1.250200e+01 0.000000e+00
1.299300e+01 0.000000e+00
1.350300e+01 0.000000e+00
1.403300e+01 0.000000e+00
1.458400e+01 0.000000e+00
1.515700e+01 0.000000e+00
1.575200e+01 0.000000e+00
1.637000e+01 0.000000e+00
1.701300e+01 0.000000e+00
1.768000e+01 0.000000e+00
1.837400e+01 0.000000e+00
1.909600e+01 0.000000e+00
1.984500e+01 0.000000e+00
2.062400e+01 0.000000e+00
2.143400e+01 0.000000e+00
2.227500e+01 0.000000e+00
2.315000e+01 0.000000e+00
2.405900e+01 0.000000e+00
2.500300e+01 0.000000e+00
2.598500e+01 0.000000e+00
2.700500e+01 0.000000e+00
2.806500e+01 0.000000e+00
2.916600e+01 0.000000e+00
3.031100e+01 0.000000e+00
3.150100e+01 0.000000e+00
3.273800e+01 0.000000e+00
3.402300e+01 0.000000e+00
3.535900e+01 0.000000e+00
3.674700e+01 0.000000e+00
3.818900e+01 0.000000e+00
3.968800e+01 0.000000e+00
4.124600e+01 0.000000e+00
4.286500e+01 0.000000e+00
4.454800e+01 0.000000e+00
4.629700e+01 0.000000e+00
4.811400e+01 0.000000e+00
5.000300e+01 0.000000e+00
5.196600e+01 0.000000e+00
5.400600e+01 0.000000e+00
5.612600e+01 0.000000e+00
5.832900e+01 0.000000e+00
6.061900e+01 0.000000e+00
6.299900e+01 0.000000e+00
6.547200e+01 0.000000e+00
6.804200e+01 0.000000e+00
7.071300e+01 0.000000e+00
7.348900e+01 0.000000e+00
7.637400e+01 0.000000e+00
7.937200e+01 0.000000e+00
8.248700e+01 0.000000e+00
8.572600e+01 0.000000e+00
8.909100e+01 0.000000e+00
9.258800e+01 0.000000e+00
9.622300e+01 0.000000e+00
