1.000000e-03 0.000000e+00
1.039300e-03 0.000000e+00
1.080100e-03 0.000000e+00
1.122500e-03 0.000000e+00
1.166500e-03 0.000000e+00
1.212300e-03 0.000000e+00
1.259900e-03 0.000000e+00
1.309400e-03 0.000000e+00
1.360800e-03 0.000000e+00
1.414200e-03 0.000000e+00
1.469700e-03 0.000000e+00
1.527400e-03 0.000000e+00
1.587300e-03 0.000000e+00
1.649600e-03 0.000000e+00
1.714400e-03 0.000000e+00
1.781700e-03 0.000000e+00
1.851600e-03 0.000000e+00
1.924300e-03 0.000000e+00
1.999900e-03 0.000000e+00
2.078400e-03 0.000000e+00
2.160000e-03 0.000000e+00
2.244800e-03 0.000000e+00
2.332900e-03 0.000000e+00
2.424500e-03 0.000000e+00
2.519600e-03 0.000000e+00
2.618500e-03 0.000000e+00
2.721300e-03 -4.326874e+18
2.828200e-03 0.000000e+00
2.939200e-03 0.000000e+00
3.054600e-03 0.000000e+00
3.174500e-03 0.000000e+00
3.299100e-03 3.563087e+18
3.428600e-03 0.000000e+00
3.563200e-03 0.000000e+00
3.703100e-03 0.000000e+00
3.848400e-03 0.000000e+00
3.999500e-03 0.000000e+00
4.156500e-03 0.000000e+00
4.319700e-03 0.000000e+00
4.489300e-03 0.000000e+00
4.665500e-03 0.000000e+00
4.848600e-03 0.000000e+00
5.039000e-03 0.000000e+00
5.236800e-03 0.000000e+00
5.442300e-03 0.000000e+00
5.656000e-03 2.079033e+18
5.878000e-03 2.004571e+18
6.108800e-03 0.000000e+00
6.348600e-03 0.000000e+00
6.597800e-03 0.000000e+00
6.856800e-03 0.000000e+00
7.126000e-03 0.000000e+00
7.405700e-03 0.000000e+00
7.696400e-03 0.000000e+00
7.998500e-03 0.000000e+00
8.312500e-03 0.000000e+00
8.638800e-03 0.000000e+00
8.978000e-03 1.311404e+18
9.330400e-03 0.000000e+00
9.696700e-03 0.000000e+00
1.007700e-02 1.166580e+18
1.047300e-02 0.000000e+00
1.088400e-02 1.082270e+18
1.131100e-02 1.039940e+18
1.175500e-02 0.000000e+00
1.221700e-02 9.642814e+17
1.269600e-02 9.261068e+17
1.319500e-02 -8.916002e+17
1.371300e-02 8.581705e+17
1.425100e-02 1.652618e+18
1.481000e-02 3.173607e+18
1.539200e-02 1.531565e+18
1.599600e-02 7.351152e+17
1.662400e-02 1.414393e+18
1.727700e-02 6.813915e+17
1.795500e-02 1.309307e+18
1.866000e-02 2.523373e+18
1.939200e-02 0.000000e+00
2.015300e-02 5.828680e+17
2.094500e-02 1.686171e+18
2.176700e-02 3.244239e+18
2.262100e-02 1.561278e+18
2.350900e-02 2.002390e+18
2.443200e-02 4.812856e+17
2.539100e-02 4.170455e+18
2.638800e-02 1.783068e+18
2.742400e-02 3.862253e+18
2.850000e-02 2.062214e+18
2.961900e-02 2.383988e+18
3.078200e-02 3.065883e+18
3.199000e-02 2.575537e+18
3.324600e-02 3.895514e+18
3.455100e-02 3.746792e+18
3.590700e-02 3.603941e+18
3.731700e-02 4.729596e+18
3.878200e-02 4.248903e+18
4.030400e-02 3.795455e+18
4.188600e-02 4.211921e+18
4.353100e-02 5.947315e+18
4.524000e-02 6.507723e+18
4.701500e-02 4.254637e+18
4.886100e-02 5.538143e+18
5.077900e-02 3.938252e+18
5.277300e-02 7.808496e+18
5.484400e-02 7.939139e+18
5.699700e-02 1.052790e+19
5.923500e-02 9.537687e+18
6.156000e-02 8.986999e+18
6.397600e-02 1.048202e+19
6.648800e-02 1.309885e+19
6.909800e-02 1.072868e+19
7.181000e-02 1.130801e+19
7.462900e-02 1.402928e+19
7.755900e-02 1.683851e+19
8.060400e-02 1.518461e+19
8.376801e-02 1.559447e+19
8.705600e-02 1.689794e+19
9.047400e-02 1.821138e+19
9.402500e-02 1.765016e+19
9.771600e-02 2.024275e+19
1.015500e-01 2.072318e+19
1.055400e-01 2.175594e+19
1.096800e-01 2.518852e+19
1.139900e-01 2.469849e+19
1.184600e-01 2.841275e+19
1.231100e-01 2.978098e+19
1.279500e-01 2.907998e+19
1.329700e-01 3.292210e+19
1.381900e-01 3.630113e+19
1.436100e-01 3.636499e+19
1.492500e-01 4.099783e+19
1.551100e-01 3.974429e+19
1.612000e-01 4.225403e+19
1.675300e-01 4.436351e+19
1.741000e-01 4.862958e+19
1.809400e-01 4.977471e+19
1.880400e-01 5.157492e+19
1.954200e-01 5.047673e+19
2.030900e-01 5.542223e+19
2.110600e-01 5.917843e+19
2.193500e-01 6.073403e+19
2.279600e-01 6.044247e+19
2.369100e-01 6.472760e+19
2.462100e-01 6.882298e+19
2.558700e-01 6.849319e+19
2.659200e-01 6.884353e+19
2.763600e-01 7.212994e+19
2.872100e-01 7.550390e+19
2.984800e-01 7.710079e+19
3.102000e-01 7.846313e+19
3.223700e-01 8.111511e+19
3.350300e-01 8.343921e+19
3.481800e-01 8.314448e+19
3.618500e-01 8.717894e+19
3.760500e-01 8.829726e+19
3.908200e-01 8.925064e+19
4.061600e-01 9.095357e+19
4.221000e-01 9.116971e+19
4.386700e-01 8.934347e+19
4.558900e-01 9.117995e+19
4.737900e-01 9.229173e+19
4.923900e-01 9.451840e+19
5.117200e-01 9.313709e+19
5.318100e-01 9.275440e+19
5.526800e-01 9.238791e+19
5.743800e-01 9.097710e+19
5.969200e-01 8.711748e+19
6.203600e-01 8.829422e+19
6.447100e-01 8.880604e+19
6.700200e-01 8.772193e+19
6.963200e-01 8.468310e+19
7.236600e-01 8.377827e+19
7.520600e-01 8.025249e+19
7.815900e-01 7.957081e+19
8.122700e-01 7.608778e+19
8.441500e-01 7.352988e+19
8.772900e-01 7.068272e+19
9.117300e-01 6.850280e+19
9.475200e-01 6.545187e+19
9.847200e-01 6.084631e+19
1.023400e+00 5.708130e+19
1.063500e+00 5.443694e+19
1.105300e+00 5.093578e+19
1.148700e+00 4.717159e+19
1.193800e+00 4.449084e+19
1.240600e+00 4.056142e+19
1.289300e+00 3.680310e+19
1.340000e+00 3.394677e+19
1.392600e+00 3.080216e+19
1.447200e+00 2.831253e+19
1.504000e+00 2.506768e+19
1.563100e+00 2.199024e+19
1.624400e+00 1.986350e+19
1.688200e+00 1.747418e+19
1.754500e+00 1.577502e+19
1.823300e+00 1.346246e+19
1.894900e+00 1.133549e+19
1.969300e+00 1.018536e+19
2.046600e+00 8.376981e+18
2.127000e+00 6.865250e+18
2.210500e+00 5.976060e+18
2.297200e+00 4.859550e+18
2.387400e+00 4.013649e+18
2.481100e+00 3.127451e+18
2.578500e+00 2.633903e+18
2.679700e+00 2.237617e+18
2.784900e+00 1.533088e+18
2.894300e+00 1.291666e+18
3.007900e+00 8.942927e+17
3.126000e+00 8.558251e+17
3.248700e+00 5.806653e+17
3.376200e+00 3.843339e+17
3.508700e+00 2.933148e+17
3.646500e+00 2.153431e+17
3.789600e+00 1.446772e+17
3.938400e+00 6.335491e+16
4.093000e+00 5.658574e+16
4.253700e+00 4.370195e+16
4.420600e+00 2.348676e+16
4.594200e+00 1.736278e+16
4.774500e+00 2.214928e+16
4.961900e+00 2.156873e+16
5.156700e+00 1.459301e+16
5.359200e+00 2.002879e+16
5.569500e+00 2.019718e+16
5.788200e+00 4.189393e+16
6.015400e+00 5.687318e+16
6.251500e+00 5.550722e+16
6.496900e+00 5.180320e+16
6.752000e+00 7.181356e+16
7.017000e+00 8.724270e+16
7.292500e+00 6.046346e+16
7.578800e+00 4.962262e+16
7.876300e+00 6.075341e+16
8.185500e+00 4.294281e+16
8.506800e+00 3.448822e+16
8.840700e+00 1.812820e+16
9.187801e+00 9.456848e+15
9.548500e+00 2.570927e+15
9.923300e+00 2.407467e+15
1.031300e+01 1.203831e+15
1.071800e+01 0.000000e+00
1.113800e+01 0.000000e+00
1.157600e+01 0.000000e+00
1.203000e+01 0.000000e+00
1.250200e+01 0.000000e+00
1.299300e+01 0.000000e+00
1.350300e+01 0.000000e+00
1.403300e+01 0.000000e+00
1.458400e+01 0.000000e+00
1.515700e+01 0.000000e+00
1.575200e+01 0.000000e+00
1.637000e+01 0.000000e+00
1.701300e+01 0.000000e+00
1.768000e+01 0.000000e+00
1.837400e+01 0.000000e+00
1.909600e+01 0.000000e+00
1.984500e+01 0.000000e+00
2.062400e+01 0.000000e+00
2.143400e+01 0.000000e+00
2.227500e+01 0.000000e+00
2.315000e+01 0.000000e+00
2.405900e+01 0.000000e+00
2.500300e+01 0.000000e+00
2.598500e+01 0.000000e+00
2.700500e+01 0.000000e+00
2.806500e+01 0.000000e+00
2.916600e+01 0.000000e+00
3.031100e+01 0.000000e+00
3.150100e+01 0.000000e+00
3.273800e+01 0.000000e+00
3.402300e+01 0.000000e+00
3.535900e+01 0.000000e+00
3.674700e+01 0.000000e+00
3.818900e+01 0.000000e+00
3.968800e+01 0.000000e+00
4.124600e+01 0.000000e+00
4.286500e+01 0.000000e+00
4.454800e+01 0.000000e+00
4.629700e+01 0.000000e+00
4.811400e+01 0.000000e+00
5.000300e+01 0.000000e+00
5.196600e+01 0.000000e+00
5.400600e+01 0.000000e+00
5.612600e+01 0.000000e+00
5.832900e+01 0.000000e+00
6.061900e+01 0.000000e+00
6.299900e+01 0.000000e+00
6.547200e+01 0.000000e+00
6.804200e+01 0.000000e+00
7.071300e+01 0.000000e+00
7.348900e+01 0.000000e+00
7.637400e+01 0.000000e+00
7.937200e+01 0.000000e+00
8.248700e+01 0.000000e+00
8.572600e+01 0.000000e+00
8.909100e+01 0.000000e+00
9.258800e+01 0.000000e+00
9.622300e+01 0.000000e+00
