1.000000e-03 0.000000e+00
1.039300e-03 0.000000e+00
1.080100e-03 0.000000e+00
1.122500e-03 0.000000e+00
1.166500e-03 0.000000e+00
1.212300e-03 0.000000e+00
1.259900e-03 0.000000e+00
1.309400e-03 0.000000e+00
1.360800e-03 0.000000e+00
1.414200e-03 0.000000e+00
1.469700e-03 0.000000e+00
1.527400e-03 0.000000e+00
1.587300e-03 0.000000e+00
1.649600e-03 0.000000e+00
1.714400e-03 0.000000e+00
1.781700e-03 0.000000e+00
1.851600e-03 0.000000e+00
1.924300e-03 0.000000e+00
1.999900e-03 0.000000e+00
2.078400e-03 0.000000e+00
2.160000e-03 0.000000e+00
2.244800e-03 0.000000e+00
2.332900e-03 0.000000e+00
2.424500e-03 0.000000e+00
2.519600e-03 0.000000e+00
2.618500e-03 0.000000e+00
2.721300e-03 0.000000e+00
2.828200e-03 0.000000e+00
2.939200e-03 0.000000e+00
3.054600e-03 0.000000e+00
3.174500e-03 0.000000e+00
3.299100e-03 0.000000e+00
3.428600e-03 0.000000e+00
3.563200e-03 0.000000e+00
3.703100e-03 0.000000e+00
3.848400e-03 0.000000e+00
3.999500e-03 0.000000e+00
4.156500e-03 0.000000e+00
4.319700e-03 0.000000e+00
4.489300e-03 0.000000e+00
4.665500e-03 -3.752194e+18
4.848600e-03 0.000000e+00
5.039000e-03 0.000000e+00
5.236800e-03 0.000000e+00
5.442300e-03 0.000000e+00
5.656000e-03 0.000000e+00
5.878000e-03 0.000000e+00
6.108800e-03 0.000000e+00
6.348600e-03 0.000000e+00
6.597800e-03 0.000000e+00
6.856800e-03 0.000000e+00
7.126000e-03 0.000000e+00
7.405700e-03 0.000000e+00
7.696400e-03 0.000000e+00
7.998500e-03 0.000000e+00
8.312500e-03 0.000000e+00
8.638800e-03 0.000000e+00
8.978000e-03 0.000000e+00
9.330400e-03 0.000000e+00
9.696700e-03 0.000000e+00
1.007700e-02 -1.735770e+18
1.047300e-02 0.000000e+00
1.088400e-02 0.000000e+00
1.131100e-02 -1.548414e+18
1.175500e-02 1.487841e+18
1.221700e-02 0.000000e+00
1.269600e-02 1.376942e+18
1.319500e-02 0.000000e+00
1.371300e-02 1.275554e+18
1.425100e-02 1.228367e+18
1.481000e-02 4.721800e+18
1.539200e-02 1.137702e+18
1.599600e-02 1.094541e+18
1.662400e-02 1.052863e+18
1.727700e-02 1.014396e+18
1.795500e-02 1.950306e+18
1.866000e-02 0.000000e+00
1.939200e-02 9.030331e+17
2.015300e-02 3.471816e+18
2.094500e-02 2.508725e+18
2.176700e-02 2.413021e+18
2.262100e-02 3.868633e+18
2.350900e-02 1.488426e+18
2.443200e-02 1.432789e+18
2.539100e-02 5.515817e+18
2.638800e-02 3.317033e+18
2.742400e-02 2.555113e+18
2.850000e-02 3.070074e+18
2.961900e-02 3.545618e+18
3.078200e-02 2.844611e+18
3.199000e-02 4.923728e+18
3.324600e-02 4.740651e+18
3.455100e-02 7.094384e+18
3.590700e-02 3.897950e+18
3.731700e-02 8.912733e+18
3.878200e-02 5.868347e+18
4.030400e-02 3.909291e+18
4.188600e-02 5.013513e+18
4.353100e-02 6.031027e+18
4.524000e-02 6.969284e+18
4.701500e-02 6.327424e+18
4.886100e-02 1.074929e+19
5.077900e-02 8.960418e+18
5.277300e-02 8.626007e+18
5.484400e-02 8.298913e+18
5.699700e-02 1.227968e+19
5.923500e-02 1.005193e+19
6.156000e-02 1.137669e+19
6.397600e-02 1.258362e+19
6.648800e-02 1.632308e+19
6.909800e-02 1.648273e+19
7.181000e-02 1.828334e+19
7.462900e-02 2.017101e+19
7.755900e-02 2.098840e+19
8.060400e-02 1.607219e+19
8.376801e-02 2.654551e+19
8.705600e-02 2.192751e+19
9.047400e-02 2.806281e+19
9.402500e-02 2.700673e+19
9.771600e-02 2.957449e+19
1.015500e-01 3.100384e+19
1.055400e-01 3.120659e+19
1.096800e-01 3.651061e+19
1.139900e-01 3.535941e+19
1.184600e-01 3.989805e+19
1.231100e-01 3.961510e+19
1.279500e-01 4.984352e+19
1.329700e-01 5.149157e+19
1.381900e-01 4.642228e+19
1.436100e-01 4.971917e+19
1.492500e-01 5.863654e+19
1.551100e-01 6.173845e+19
1.612000e-01 6.600072e+19
1.675300e-01 6.411372e+19
1.741000e-01 7.193171e+19
1.809400e-01 7.374685e+19
1.880400e-01 7.644961e+19
1.954200e-01 8.080551e+19
2.030900e-01 8.201001e+19
2.110600e-01 8.968320e+19
2.193500e-01 9.528418e+19
2.279600e-01 9.983038e+19
2.369100e-01 1.027142e+20
2.462100e-01 1.037155e+20
2.558700e-01 1.120023e+20
2.659200e-01 1.178720e+20
2.763600e-01 1.156760e+20
2.872100e-01 1.227546e+20
2.984800e-01 1.309817e+20
3.102000e-01 1.334952e+20
3.223700e-01 1.369689e+20
3.350300e-01 1.401097e+20
3.481800e-01 1.471067e+20
3.618500e-01 1.485907e+20
3.760500e-01 1.532064e+20
3.908200e-01 1.548418e+20
4.061600e-01 1.626456e+20
4.221000e-01 1.666193e+20
4.386700e-01 1.698116e+20
4.558900e-01 1.703834e+20
4.737900e-01 1.784891e+20
4.923900e-01 1.752800e+20
5.117200e-01 1.785948e+20
5.318100e-01 1.789271e+20
5.526800e-01 1.845338e+20
5.743800e-01 1.841015e+20
5.969200e-01 1.801188e+20
6.203600e-01 1.885842e+20
6.447100e-01 1.827066e+20
6.700200e-01 1.816462e+20
6.963200e-01 1.835405e+20
7.236600e-01 1.794672e+20
7.520600e-01 1.838110e+20
7.815900e-01 1.778520e+20
8.122700e-01 1.783699e+20
8.441500e-01 1.751509e+20
8.772900e-01 1.687934e+20
9.117300e-01 1.670831e+20
9.475200e-01 1.638900e+20
9.847200e-01 1.564414e+20
1.023400e+00 1.499847e+20
1.063500e+00 1.429062e+20
1.105300e+00 1.420133e+20
1.148700e+00 1.308575e+20
1.193800e+00 1.258644e+20
1.240600e+00 1.183684e+20
1.289300e+00 1.100672e+20
1.340000e+00 1.063714e+20
1.392600e+00 9.928041e+19
1.447200e+00 9.054244e+19
1.504000e+00 8.448485e+19
1.563100e+00 7.800511e+19
1.624400e+00 6.993735e+19
1.688200e+00 6.382553e+19
1.754500e+00 5.821116e+19
1.823300e+00 5.171263e+19
1.894900e+00 4.613376e+19
1.969300e+00 4.091441e+19
2.046600e+00 3.588589e+19
2.127000e+00 3.134366e+19
2.210500e+00 2.737662e+19
2.297200e+00 2.359874e+19
2.387400e+00 1.940484e+19
2.481100e+00 1.672844e+19
2.578500e+00 1.472546e+19
2.679700e+00 1.173798e+19
2.784900e+00 9.918012e+18
2.894300e+00 7.964430e+18
3.007900e+00 6.715493e+18
3.126000e+00 5.170103e+18
3.248700e+00 4.167771e+18
3.376200e+00 3.087242e+18
3.508700e+00 2.477203e+18
3.646500e+00 1.875353e+18
3.789600e+00 1.460633e+18
3.938400e+00 1.129057e+18
4.093000e+00 7.017747e+17
4.253700e+00 5.931697e+17
4.420600e+00 3.160257e+17
4.594200e+00 2.475770e+17
4.774500e+00 1.631008e+17
4.961900e+00 9.892432e+16
5.156700e+00 7.422254e+16
5.359200e+00 2.810693e+16
5.569500e+00 3.815172e+16
5.788200e+00 3.314184e+16
6.015400e+00 4.340889e+16
6.251500e+00 3.127150e+16
6.496900e+00 6.392231e+16
6.752000e+00 4.211540e+16
7.017000e+00 7.777831e+16
7.292500e+00 9.779414e+16
7.578800e+00 9.598282e+16
7.876300e+00 1.167433e+17
8.185500e+00 1.021602e+17
8.506800e+00 1.409332e+17
8.840700e+00 9.204690e+16
9.187801e+00 9.096533e+16
9.548500e+00 7.427803e+16
9.923300e+00 5.826409e+16
1.031300e+01 3.072225e+16
1.071800e+01 1.461745e+16
1.113800e+01 1.506964e+16
1.157600e+01 6.120854e+15
1.203000e+01 4.527491e+15
1.250200e+01 0.000000e+00
1.299300e+01 0.000000e+00
1.350300e+01 0.000000e+00
1.403300e+01 0.000000e+00
1.458400e+01 0.000000e+00
1.515700e+01 0.000000e+00
1.575200e+01 0.000000e+00
1.637000e+01 0.000000e+00
1.701300e+01 0.000000e+00
1.768000e+01 0.000000e+00
1.837400e+01 0.000000e+00
1.909600e+01 0.000000e+00
1.984500e+01 0.000000e+00
2.062400e+01 0.000000e+00
2.143400e+01 0.000000e+00
2.227500e+01 0.000000e+00
2.315000e+01 0.000000e+00
2.405900e+01 0.000000e+00
2.500300e+01 0.000000e+00
2.598500e+01 0.000000e+00
2.700500e+01 0.000000e+00
2.806500e+01 0.000000e+00
2.916600e+01 0.000000e+00
3.031100e+01 0.000000e+00
3.150100e+01 0.000000e+00
3.273800e+01 0.000000e+00
3.402300e+01 0.000000e+00
3.535900e+01 0.000000e+00
3.674700e+01 0.000000e+00
3.818900e+01 0.000000e+00
3.968800e+01 0.000000e+00
4.124600e+01 0.000000e+00
4.286500e+01 0.000000e+00
4.454800e+01 0.000000e+00
4.629700e+01 0.000000e+00
4.811400e+01 0.000000e+00
5.000300e+01 0.000000e+00
5.196600e+01 0.000000e+00
5.400600e+01 0.000000e+00
5.612600e+01 0.000000e+00
5.832900e+01 0.000000e+00
6.061900e+01 0.000000e+00
6.299900e+01 0.000000e+00
6.547200e+01 0.000000e+00
6.804200e+01 0.000000e+00
7.071300e+01 0.000000e+00
7.348900e+01 0.000000e+00
7.637400e+01 0.000000e+00
7.937200e+01 0.000000e+00
8.248700e+01 0.000000e+00
8.572600e+01 0.000000e+00
8.909100e+01 0.000000e+00
9.258800e+01 0.000000e+00
9.622300e+01 0.000000e+00
