1.000000e-03 0.000000e+00
1.039300e-03 0.000000e+00
1.080100e-03 0.000000e+00
1.122500e-03 -2.073972e+19
1.166500e-03 0.000000e+00
1.212300e-03 0.000000e+00
1.259900e-03 0.000000e+00
1.309400e-03 0.000000e+00
1.360800e-03 0.000000e+00
1.414200e-03 -1.639863e+19
1.469700e-03 0.000000e+00
1.527400e-03 0.000000e+00
1.587300e-03 0.000000e+00
1.649600e-03 0.000000e+00
1.714400e-03 0.000000e+00
1.781700e-03 0.000000e+00
1.851600e-03 0.000000e+00
1.924300e-03 0.000000e+00
1.999900e-03 0.000000e+00
2.078400e-03 0.000000e+00
2.160000e-03 0.000000e+00
2.244800e-03 0.000000e+00
2.332900e-03 0.000000e+00
2.424500e-03 0.000000e+00
2.519600e-03 -9.209363e+18
2.618500e-03 0.000000e+00
2.721300e-03 0.000000e+00
2.828200e-03 0.000000e+00
2.939200e-03 0.000000e+00
3.054600e-03 0.000000e+00
3.174500e-03 0.000000e+00
3.299100e-03 0.000000e+00
3.428600e-03 0.000000e+00
3.563200e-03 0.000000e+00
3.703100e-03 0.000000e+00
3.848400e-03 0.000000e+00
3.999500e-03 0.000000e+00
4.156500e-03 0.000000e+00
4.319700e-03 0.000000e+00
4.489300e-03 0.000000e+00
4.665500e-03 0.000000e+00
4.848600e-03 0.000000e+00
5.039000e-03 0.000000e+00
5.236800e-03 0.000000e+00
5.442300e-03 0.000000e+00
5.656000e-03 0.000000e+00
5.878000e-03 0.000000e+00
6.108800e-03 3.795189e+18
6.348600e-03 -1.490874e+15
6.597800e-03 0.000000e+00
6.856800e-03 0.000000e+00
7.126000e-03 0.000000e+00
7.405700e-03 0.000000e+00
7.696400e-03 0.000000e+00
7.998500e-03 0.000000e+00
8.312500e-03 2.796066e+18
8.638800e-03 0.000000e+00
8.978000e-03 0.000000e+00
9.330400e-03 0.000000e+00
9.696700e-03 2.391404e+18
1.007700e-02 -4.603658e+18
1.047300e-02 2.215910e+18
1.088400e-02 0.000000e+00
1.131100e-02 0.000000e+00
1.175500e-02 0.000000e+00
1.221700e-02 0.000000e+00
1.269600e-02 1.825672e+18
1.319500e-02 -1.760786e+18
1.371300e-02 0.000000e+00
1.425100e-02 -1.630746e+18
1.481000e-02 3.131422e+18
1.539200e-02 0.000000e+00
1.599600e-02 1.450402e+18
1.662400e-02 1.394940e+18
1.727700e-02 0.000000e+00
1.795500e-02 2.583799e+18
1.866000e-02 2.489880e+18
1.939200e-02 5.989233e+18
2.015300e-02 1.149983e+18
2.094500e-02 4.432699e+18
2.176700e-02 4.269290e+18
2.262100e-02 2.875640e+15
2.350900e-02 4.935135e+18
2.443200e-02 1.899652e+18
2.539100e-02 1.830068e+18
2.638800e-02 2.636114e+18
2.742400e-02 4.233462e+18
2.850000e-02 3.253811e+18
2.961900e-02 3.914209e+18
3.078200e-02 2.261927e+18
3.199000e-02 4.353588e+18
3.324600e-02 2.792573e+18
3.455100e-02 4.026874e+18
3.590700e-02 7.739131e+18
3.731700e-02 4.975717e+18
3.878200e-02 5.986617e+18
4.030400e-02 6.909423e+18
4.188600e-02 8.861047e+18
4.353100e-02 7.997232e+18
4.524000e-02 5.133783e+18
4.701500e-02 4.931900e+18
4.886100e-02 8.551855e+18
5.077900e-02 9.597559e+18
5.277300e-02 9.235209e+18
5.484400e-02 1.186180e+19
5.699700e-02 1.058406e+19
5.923500e-02 1.175647e+19
6.156000e-02 1.395575e+19
6.397600e-02 1.414495e+19
6.648800e-02 1.396136e+19
6.909800e-02 1.746501e+19
7.181000e-02 1.938626e+19
7.462900e-02 2.207358e+19
7.755900e-02 1.795291e+19
8.060400e-02 1.987422e+19
8.376801e-02 2.436925e+19
8.705600e-02 2.186262e+19
9.047400e-02 2.797005e+19
9.402500e-02 2.814394e+19
9.771600e-02 2.803582e+19
1.015500e-01 2.921715e+19
1.055400e-01 3.124680e+19
1.096800e-01 3.529905e+19
1.139900e-01 4.157969e+19
1.184600e-01 4.073649e+19
1.231100e-01 4.046460e+19
1.279500e-01 4.409619e+19
1.329700e-01 4.781623e+19
1.381900e-01 4.823057e+19
1.436100e-01 5.863144e+19
1.492500e-01 6.127085e+19
1.551100e-01 5.698394e+19
1.612000e-01 6.562747e+19
1.675300e-01 6.102100e+19
1.741000e-01 7.379728e+19
1.809400e-01 7.517548e+19
1.880400e-01 7.789029e+19
1.954200e-01 8.302169e+19
2.030900e-01 8.596598e+19
2.110600e-01 9.242473e+19
2.193500e-01 9.682767e+19
2.279600e-01 1.029231e+20
2.369100e-01 1.114749e+20
2.462100e-01 1.049798e+20
2.558700e-01 1.146016e+20
2.659200e-01 1.215521e+20
2.763600e-01 1.190713e+20
2.872100e-01 1.312780e+20
2.984800e-01 1.344071e+20
3.102000e-01 1.400334e+20
3.223700e-01 1.394551e+20
3.350300e-01 1.487917e+20
3.481800e-01 1.479976e+20
3.618500e-01 1.570968e+20
3.760500e-01 1.580112e+20
3.908200e-01 1.549159e+20
4.061600e-01 1.665278e+20
4.221000e-01 1.753124e+20
4.386700e-01 1.766195e+20
4.558900e-01 1.769130e+20
4.737900e-01 1.815915e+20
4.923900e-01 1.821353e+20
5.117200e-01 1.899436e+20
5.318100e-01 1.892254e+20
5.526800e-01 1.900451e+20
5.743800e-01 1.872444e+20
5.969200e-01 1.917980e+20
6.203600e-01 1.920259e+20
6.447100e-01 1.901382e+20
6.700200e-01 1.918308e+20
6.963200e-01 1.874858e+20
7.236600e-01 1.931530e+20
7.520600e-01 1.868722e+20
7.815900e-01 1.848039e+20
8.122700e-01 1.790560e+20
8.441500e-01 1.780099e+20
8.772900e-01 1.708296e+20
9.117300e-01 1.724008e+20
9.475200e-01 1.598926e+20
9.847200e-01 1.594233e+20
1.023400e+00 1.542210e+20
1.063500e+00 1.469830e+20
1.105300e+00 1.402346e+20
1.148700e+00 1.325403e+20
1.193800e+00 1.247724e+20
1.240600e+00 1.205792e+20
1.289300e+00 1.137074e+20
1.340000e+00 1.037559e+20
1.392600e+00 9.617997e+19
1.447200e+00 8.881328e+19
1.504000e+00 8.135919e+19
1.563100e+00 7.520943e+19
1.624400e+00 6.822255e+19
1.688200e+00 5.900382e+19
1.754500e+00 5.346986e+19
1.823300e+00 4.890064e+19
1.894900e+00 4.106891e+19
1.969300e+00 3.875787e+19
2.046600e+00 3.239393e+19
2.127000e+00 2.775397e+19
2.210500e+00 2.405087e+19
2.297200e+00 1.989284e+19
2.387400e+00 1.700875e+19
2.481100e+00 1.396550e+19
2.578500e+00 1.145604e+19
2.679700e+00 9.582455e+18
2.784900e+00 7.508686e+18
2.894300e+00 6.472063e+18
3.007900e+00 5.356132e+18
3.126000e+00 4.148559e+18
3.248700e+00 3.173626e+18
3.376200e+00 2.331396e+18
3.508700e+00 1.835810e+18
3.646500e+00 1.511757e+18
3.789600e+00 9.943314e+17
3.938400e+00 7.394150e+17
4.093000e+00 6.259766e+17
4.253700e+00 3.879785e+17
4.420600e+00 2.964215e+17
4.594200e+00 1.819575e+17
4.774500e+00 1.376388e+17
4.961900e+00 7.755501e+16
5.156700e+00 4.580842e+16
5.359200e+00 4.653263e+16
5.569500e+00 6.597866e+16
5.788200e+00 3.580854e+16
6.015400e+00 2.575249e+16
6.251500e+00 5.302928e+16
6.496900e+00 4.344401e+16
6.752000e+00 6.181067e+16
7.017000e+00 9.585135e+16
7.292500e+00 1.241627e+17
7.578800e+00 1.083541e+17
7.876300e+00 9.204205e+16
8.185500e+00 7.494385e+16
8.506800e+00 6.460333e+16
8.840700e+00 7.710788e+16
9.187801e+00 4.355720e+16
9.548500e+00 5.218926e+16
9.923300e+00 2.056606e+16
1.031300e+01 2.176732e+16
1.071800e+01 8.084297e+15
1.113800e+01 2.927823e+15
1.157600e+01 3.868400e+15
1.203000e+01 2.139204e+15
1.250200e+01 0.000000e+00
1.299300e+01 0.000000e+00
1.350300e+01 0.000000e+00
1.403300e+01 0.000000e+00
1.458400e+01 0.000000e+00
1.515700e+01 0.000000e+00
1.575200e+01 0.000000e+00
1.637000e+01 0.000000e+00
1.701300e+01 0.000000e+00
1.768000e+01 0.000000e+00
1.837400e+01 0.000000e+00
1.909600e+01 0.000000e+00
1.984500e+01 0.000000e+00
2.062400e+01 0.000000e+00
2.143400e+01 0.000000e+00
2.227500e+01 0.000000e+00
2.315000e+01 0.000000e+00
2.405900e+01 0.000000e+00
2.500300e+01 0.000000e+00
2.598500e+01 0.000000e+00
2.700500e+01 0.000000e+00
2.806500e+01 0.000000e+00
2.916600e+01 0.000000e+00
3.031100e+01 0.000000e+00
3.150100e+01 0.000000e+00
3.273800e+01 0.000000e+00
3.402300e+01 0.000000e+00
3.535900e+01 0.000000e+00
3.674700e+01 0.000000e+00
3.818900e+01 0.000000e+00
3.968800e+01 0.000000e+00
4.124600e+01 0.000000e+00
4.286500e+01 0.000000e+00
4.454800e+01 0.000000e+00
4.629700e+01 0.000000e+00
4.811400e+01 0.000000e+00
5.000300e+01 0.000000e+00
5.196600e+01 0.000000e+00
5.400600e+01 0.000000e+00
5.612600e+01 0.000000e+00
5.832900e+01 0.000000e+00
6.061900e+01 0.000000e+00
6.299900e+01 0.000000e+00
6.547200e+01 0.000000e+00
6.804200e+01 0.000000e+00
7.071300e+01 0.000000e+00
7.348900e+01 0.000000e+00
7.637400e+01 0.000000e+00
7.937200e+01 0.000000e+00
8.248700e+01 0.000000e+00
8.572600e+01 0.000000e+00
8.909100e+01 0.000000e+00
9.258800e+01 0.000000e+00
9.622300e+01 0.000000e+00
