1.000000e-03 0.000000e+00
1.039300e-03 0.000000e+00
1.080100e-03 0.000000e+00
1.122500e-03 0.000000e+00
1.166500e-03 0.000000e+00
1.212300e-03 0.000000e+00
1.259900e-03 0.000000e+00
1.309400e-03 0.000000e+00
1.360800e-03 0.000000e+00
1.414200e-03 0.000000e+00
1.469700e-03 0.000000e+00
1.527400e-03 0.000000e+00
1.587300e-03 0.000000e+00
1.649600e-03 0.000000e+00
1.714400e-03 0.000000e+00
1.781700e-03 0.000000e+00
1.851600e-03 0.000000e+00
1.924300e-03 0.000000e+00
1.999900e-03 0.000000e+00
2.078400e-03 0.000000e+00
2.160000e-03 0.000000e+00
2.244800e-03 0.000000e+00
2.332900e-03 0.000000e+00
2.424500e-03 0.000000e+00
2.519600e-03 0.000000e+00
2.618500e-03 0.000000e+00
2.721300e-03 0.000000e+00
2.828200e-03 0.000000e+00
2.939200e-03 0.000000e+00
3.054600e-03 0.000000e+00
3.174500e-03 2.736534e+18
3.299100e-03 0.000000e+00
3.428600e-03 0.000000e+00
3.563200e-03 0.000000e+00
3.703100e-03 0.000000e+00
3.848400e-03 0.000000e+00
3.999500e-03 0.000000e+00
4.156500e-03 0.000000e+00
4.319700e-03 2.008934e+18
4.489300e-03 0.000000e+00
4.665500e-03 0.000000e+00
4.848600e-03 0.000000e+00
5.039000e-03 0.000000e+00
5.236800e-03 0.000000e+00
5.442300e-03 3.190972e+18
5.656000e-03 0.000000e+00
5.878000e-03 0.000000e+00
6.108800e-03 0.000000e+00
6.348600e-03 0.000000e+00
6.597800e-03 1.316504e+18
6.856800e-03 1.263916e+18
7.126000e-03 0.000000e+00
7.405700e-03 2.342887e+18
7.696400e-03 0.000000e+00
7.998500e-03 0.000000e+00
8.312500e-03 0.000000e+00
8.638800e-03 0.000000e+00
8.978000e-03 9.670861e+17
9.330400e-03 0.000000e+00
9.696700e-03 8.960630e+17
1.007700e-02 -1.719758e+18
1.047300e-02 1.657424e+18
1.088400e-02 0.000000e+00
1.131100e-02 7.676833e+17
1.175500e-02 0.000000e+00
1.221700e-02 7.119447e+17
1.269600e-02 6.832335e+17
1.319500e-02 6.569575e+17
1.371300e-02 6.334145e+17
1.425100e-02 1.525234e+15
1.481000e-02 0.000000e+00
1.539200e-02 5.636917e+17
1.599600e-02 5.426317e+17
1.662400e-02 1.564254e+18
1.727700e-02 1.005548e+18
1.795500e-02 1.450325e+18
1.866000e-02 9.310872e+17
1.939200e-02 1.791797e+18
2.015300e-02 1.289334e+18
2.094500e-02 2.486116e+18
2.176700e-02 1.596802e+18
2.262100e-02 1.150970e+18
2.350900e-02 1.108142e+18
2.443200e-02 1.776448e+18
2.539100e-02 6.836571e+17
2.638800e-02 1.315807e+18
2.742400e-02 1.899005e+18
2.850000e-02 2.130854e+18
2.961900e-02 2.343363e+18
3.078200e-02 3.102945e+18
3.199000e-02 3.255181e+18
3.324600e-02 3.654911e+18
3.455100e-02 4.774729e+18
3.590700e-02 3.624006e+18
3.731700e-02 2.556269e+18
3.878200e-02 4.254728e+18
4.030400e-02 5.815771e+18
4.188600e-02 5.384578e+18
4.353100e-02 5.381728e+18
4.524000e-02 5.757972e+18
4.701500e-02 5.166208e+18
4.886100e-02 8.709767e+18
5.077900e-02 7.175622e+18
5.277300e-02 6.086445e+18
5.484400e-02 6.171764e+18
5.699700e-02 8.524177e+18
5.923500e-02 9.085247e+18
6.156000e-02 9.873177e+18
6.397600e-02 8.545813e+18
6.648800e-02 1.135514e+19
6.909800e-02 1.193186e+19
7.181000e-02 1.365960e+19
7.462900e-02 1.395278e+19
7.755900e-02 1.454924e+19
8.060400e-02 1.647550e+19
8.376801e-02 1.409231e+19
8.705600e-02 1.545280e+19
9.047400e-02 1.957288e+19
9.402500e-02 1.873900e+19
9.771600e-02 1.990553e+19
1.015500e-01 2.450639e+19
1.055400e-01 2.320666e+19
1.096800e-01 2.489700e+19
1.139900e-01 2.317248e+19
1.184600e-01 2.732488e+19
1.231100e-01 3.005760e+19
1.279500e-01 3.298078e+19
1.329700e-01 3.244066e+19
1.381900e-01 3.482099e+19
1.436100e-01 3.570448e+19
1.492500e-01 3.558504e+19
1.551100e-01 3.843355e+19
1.612000e-01 4.101075e+19
1.675300e-01 4.651071e+19
1.741000e-01 4.418511e+19
1.809400e-01 4.822449e+19
1.880400e-01 4.972018e+19
1.954200e-01 5.187879e+19
2.030900e-01 5.514669e+19
2.110600e-01 5.782205e+19
2.193500e-01 5.908098e+19
2.279600e-01 6.083105e+19
2.369100e-01 6.187153e+19
2.462100e-01 6.669850e+19
2.558700e-01 6.538601e+19
2.659200e-01 6.899968e+19
2.763600e-01 7.338047e+19
2.872100e-01 7.138144e+19
2.984800e-01 7.508186e+19
3.102000e-01 7.661910e+19
3.223700e-01 7.984762e+19
3.350300e-01 8.078566e+19
3.481800e-01 8.197283e+19
3.618500e-01 8.450147e+19
3.760500e-01 8.298961e+19
3.908200e-01 8.926236e+19
4.061600e-01 8.697933e+19
4.221000e-01 8.821836e+19
4.386700e-01 8.891033e+19
4.558900e-01 8.948324e+19
4.737900e-01 8.912860e+19
4.923900e-01 9.122214e+19
5.117200e-01 9.123211e+19
5.318100e-01 8.737305e+19
5.526800e-01 8.869422e+19
5.743800e-01 8.841738e+19
5.969200e-01 8.786293e+19
6.203600e-01 8.882673e+19
6.447100e-01 8.616110e+19
6.700200e-01 8.479872e+19
6.963200e-01 8.264579e+19
7.236600e-01 8.078851e+19
7.520600e-01 7.686170e+19
7.815900e-01 7.663317e+19
8.122700e-01 7.603750e+19
8.441500e-01 7.140684e+19
8.772900e-01 7.092049e+19
9.117300e-01 6.767967e+19
9.475200e-01 6.211593e+19
9.847200e-01 6.112459e+19
1.023400e+00 5.590391e+19
1.063500e+00 5.452483e+19
1.105300e+00 5.194892e+19
1.148700e+00 4.860392e+19
1.193800e+00 4.427777e+19
1.240600e+00 4.179305e+19
1.289300e+00 3.823162e+19
1.340000e+00 3.518537e+19
1.392600e+00 3.163602e+19
1.447200e+00 2.944645e+19
1.504000e+00 2.590596e+19
1.563100e+00 2.354782e+19
1.624400e+00 2.105992e+19
1.688200e+00 1.916575e+19
1.754500e+00 1.632078e+19
1.823300e+00 1.460834e+19
1.894900e+00 1.279182e+19
1.969300e+00 1.044208e+19
2.046600e+00 9.363484e+18
2.127000e+00 7.820257e+18
2.210500e+00 6.743222e+18
2.297200e+00 5.641658e+18
2.387400e+00 4.609962e+18
2.481100e+00 3.709348e+18
2.578500e+00 3.184581e+18
2.679700e+00 2.538942e+18
2.784900e+00 2.022821e+18
2.894300e+00 1.708237e+18
3.007900e+00 1.301813e+18
3.126000e+00 9.056866e+17
3.248700e+00 7.574625e+17
3.376200e+00 5.346916e+17
3.508700e+00 3.491849e+17
3.646500e+00 2.751179e+17
3.789600e+00 1.715788e+17
3.938400e+00 1.171477e+17
4.093000e+00 6.299904e+16
4.253700e+00 4.032328e+16
4.420600e+00 2.584537e+16
4.594200e+00 2.166924e+16
4.774500e+00 1.364569e+16
4.961900e+00 2.093879e+16
5.156700e+00 2.506668e+16
5.359200e+00 1.598194e+16
5.569500e+00 1.644707e+16
5.788200e+00 2.672343e+16
6.015400e+00 3.539105e+16
6.251500e+00 6.022478e+16
6.496900e+00 7.316737e+16
6.752000e+00 6.906873e+16
7.017000e+00 6.990556e+16
7.292500e+00 8.409395e+16
7.578800e+00 7.815602e+16
7.876300e+00 8.286422e+16
8.185500e+00 6.484964e+16
8.506800e+00 5.324984e+16
8.840700e+00 2.106449e+16
9.187801e+00 1.659026e+16
9.548500e+00 5.486536e+15
9.923300e+00 0.000000e+00
1.031300e+01 0.000000e+00
1.071800e+01 0.000000e+00
1.113800e+01 0.000000e+00
1.157600e+01 0.000000e+00
1.203000e+01 0.000000e+00
1.250200e+01 0.000000e+00
1.299300e+01 0.000000e+00
1.350300e+01 0.000000e+00
1.403300e+01 0.000000e+00
1.458400e+01 0.000000e+00
1.515700e+01 0.000000e+00
1.575200e+01 0.000000e+00
1.637000e+01 0.000000e+00
1.701300e+01 0.000000e+00
1.768000e+01 0.000000e+00
1.837400e+01 0.000000e+00
1.909600e+01 0.000000e+00
1.984500e+01 0.000000e+00
2.062400e+01 0.000000e+00
2.143400e+01 0.000000e+00
2.227500e+01 0.000000e+00
2.315000e+01 0.000000e+00
2.405900e+01 0.000000e+00
2.500300e+01 0.000000e+00
2.598500e+01 0.000000e+00
2.700500e+01 0.000000e+00
2.806500e+01 0.000000e+00
2.916600e+01 0.000000e+00
3.031100e+01 0.000000e+00
3.150100e+01 0.000000e+00
3.273800e+01 0.000000e+00
3.402300e+01 0.000000e+00
3.535900e+01 0.000000e+00
3.674700e+01 0.000000e+00
3.818900e+01 0.000000e+00
3.968800e+01 0.000000e+00
4.124600e+01 0.000000e+00
4.286500e+01 0.000000e+00
4.454800e+01 0.000000e+00
4.629700e+01 0.000000e+00
4.811400e+01 0.000000e+00
5.000300e+01 0.000000e+00
5.196600e+01 0.000000e+00
5.400600e+01 0.000000e+00
5.612600e+01 0.000000e+00
5.832900e+01 0.000000e+00
6.061900e+01 0.000000e+00
6.299900e+01 0.000000e+00
6.547200e+01 0.000000e+00
6.804200e+01 0.000000e+00
7.071300e+01 0.000000e+00
7.348900e+01 0.000000e+00
7.637400e+01 0.000000e+00
7.937200e+01 0.000000e+00
8.248700e+01 0.000000e+00
8.572600e+01 0.000000e+00
8.909100e+01 0.000000e+00
9.258800e+01 0.000000e+00
9.622300e+01 0.000000e+00
