1.000000e-03 0.000000e+00
1.039300e-03 0.000000e+00
1.080100e-03 0.000000e+00
1.122500e-03 0.000000e+00
1.166500e-03 0.000000e+00
1.212300e-03 0.000000e+00
1.259900e-03 0.000000e+00
1.309400e-03 0.000000e+00
1.360800e-03 0.000000e+00
1.414200e-03 0.000000e+00
1.469700e-03 0.000000e+00
1.527400e-03 0.000000e+00
1.587300e-03 0.000000e+00
1.649600e-03 0.000000e+00
1.714400e-03 0.000000e+00
1.781700e-03 0.000000e+00
1.851600e-03 0.000000e+00
1.924300e-03 0.000000e+00
1.999900e-03 0.000000e+00
2.078400e-03 0.000000e+00
2.160000e-03 0.000000e+00
2.244800e-03 0.000000e+00
2.332900e-03 0.000000e+00
2.424500e-03 0.000000e+00
2.519600e-03 0.000000e+00
2.618500e-03 0.000000e+00
2.721300e-03 0.000000e+00
2.828200e-03 0.000000e+00
2.939200e-03 0.000000e+00
3.054600e-03 0.000000e+00
3.174500e-03 0.000000e+00
3.299100e-03 0.000000e+00
3.428600e-03 0.000000e+00
3.563200e-03 0.000000e+00
3.703100e-03 0.000000e+00
3.848400e-03 0.000000e+00
3.999500e-03 0.000000e+00
4.156500e-03 0.000000e+00
4.319700e-03 0.000000e+00
4.489300e-03 0.000000e+00
4.665500e-03 0.000000e+00
4.848600e-03 0.000000e+00
5.039000e-03 -3.188582e+18
5.236800e-03 0.000000e+00
5.442300e-03 0.000000e+00
5.656000e-03 0.000000e+00
5.878000e-03 0.000000e+00
6.108800e-03 0.000000e+00
6.348600e-03 0.000000e+00
6.597800e-03 0.000000e+00
6.856800e-03 -2.343358e+18
7.126000e-03 0.000000e+00
7.405700e-03 0.000000e+00
7.696400e-03 0.000000e+00
7.998500e-03 0.000000e+00
8.312500e-03 1.931836e+18
8.638800e-03 0.000000e+00
8.978000e-03 0.000000e+00
9.330400e-03 0.000000e+00
9.696700e-03 0.000000e+00
1.007700e-02 -4.777477e+18
1.047300e-02 0.000000e+00
1.088400e-02 0.000000e+00
1.131100e-02 2.843911e+18
1.175500e-02 0.000000e+00
1.221700e-02 1.317673e+18
1.269600e-02 2.528612e+18
1.319500e-02 3.654127e+18
1.371300e-02 1.173018e+18
1.425100e-02 1.129137e+18
1.481000e-02 2.167939e+18
1.539200e-02 0.000000e+00
1.599600e-02 1.004951e+18
1.662400e-02 2.899579e+18
1.727700e-02 0.000000e+00
1.795500e-02 1.789431e+18
1.866000e-02 8.624357e+17
1.939200e-02 8.293245e+17
2.015300e-02 0.000000e+00
2.094500e-02 0.000000e+00
2.176700e-02 0.000000e+00
2.262100e-02 2.840993e+18
2.350900e-02 2.732260e+18
2.443200e-02 1.972523e+18
2.539100e-02 1.265072e+18
2.638800e-02 1.826102e+18
2.742400e-02 1.172759e+18
2.850000e-02 2.253971e+18
2.961900e-02 2.713684e+18
3.078200e-02 3.657144e+18
3.199000e-02 2.511247e+18
3.324600e-02 2.900568e+18
3.455100e-02 2.793330e+18
3.590700e-02 6.262392e+18
3.731700e-02 6.888778e+18
3.878200e-02 6.218568e+18
4.030400e-02 4.388659e+18
4.188600e-02 3.067188e+18
4.353100e-02 6.647057e+18
4.524000e-02 6.752075e+18
4.701500e-02 2.731985e+18
4.886100e-02 3.947710e+18
5.077900e-02 7.278600e+18
5.277300e-02 5.485281e+18
5.484400e-02 9.671694e+18
5.699700e-02 8.739403e+18
5.923500e-02 6.783511e+18
6.156000e-02 1.018385e+19
6.397600e-02 1.055197e+19
6.648800e-02 1.087642e+19
6.909800e-02 1.093599e+19
7.181000e-02 1.119033e+19
7.462900e-02 1.292009e+19
7.755900e-02 1.160358e+19
8.060400e-02 1.655356e+19
8.376801e-02 1.439098e+19
8.705600e-02 1.679374e+19
9.047400e-02 1.918540e+19
9.402500e-02 2.034107e+19
9.771600e-02 2.402851e+19
1.015500e-01 1.992483e+19
1.055400e-01 2.301269e+19
1.096800e-01 2.591043e+19
1.139900e-01 3.076230e+19
1.184600e-01 2.822272e+19
1.231100e-01 2.802817e+19
1.279500e-01 3.128806e+19
1.329700e-01 3.794626e+19
1.381900e-01 3.375610e+19
1.436100e-01 3.803569e+19
1.492500e-01 4.102120e+19
1.551100e-01 4.103440e+19
1.612000e-01 4.176525e+19
1.675300e-01 5.002556e+19
1.741000e-01 4.797254e+19
1.809400e-01 5.011019e+19
1.880400e-01 5.274541e+19
1.954200e-01 5.404241e+19
2.030900e-01 5.700194e+19
2.110600e-01 5.897349e+19
2.193500e-01 5.919798e+19
2.279600e-01 6.345386e+19
2.369100e-01 6.397500e+19
2.462100e-01 6.961697e+19
2.558700e-01 6.967598e+19
2.659200e-01 7.251729e+19
2.763600e-01 7.395656e+19
2.872100e-01 7.769977e+19
2.984800e-01 8.053473e+19
3.102000e-01 8.201506e+19
3.223700e-01 8.182667e+19
3.350300e-01 8.449189e+19
3.481800e-01 8.603031e+19
3.618500e-01 8.895210e+19
3.760500e-01 8.893544e+19
3.908200e-01 9.328320e+19
4.061600e-01 9.305534e+19
4.221000e-01 9.152073e+19
4.386700e-01 8.966399e+19
4.558900e-01 9.337199e+19
4.737900e-01 9.513567e+19
4.923900e-01 9.726812e+19
5.117200e-01 9.573012e+19
5.318100e-01 9.705284e+19
5.526800e-01 9.713986e+19
5.743800e-01 9.302256e+19
5.969200e-01 9.528906e+19
6.203600e-01 9.283772e+19
6.447100e-01 8.981472e+19
6.700200e-01 8.795738e+19
6.963200e-01 8.726254e+19
7.236600e-01 8.450008e+19
7.520600e-01 8.228723e+19
7.815900e-01 7.947891e+19
8.122700e-01 7.562759e+19
8.441500e-01 7.399324e+19
8.772900e-01 7.022512e+19
9.117300e-01 6.587701e+19
9.475200e-01 6.570673e+19
9.847200e-01 5.985665e+19
1.023400e+00 5.936528e+19
1.063500e+00 5.459083e+19
1.105300e+00 4.921781e+19
1.148700e+00 4.672523e+19
1.193800e+00 4.301677e+19
1.240600e+00 3.814070e+19
1.289300e+00 3.649592e+19
1.340000e+00 3.318631e+19
1.392600e+00 3.024721e+19
1.447200e+00 2.702115e+19
1.504000e+00 2.321349e+19
1.563100e+00 2.165067e+19
1.624400e+00 1.838922e+19
1.688200e+00 1.642219e+19
1.754500e+00 1.409101e+19
1.823300e+00 1.224010e+19
1.894900e+00 1.062323e+19
1.969300e+00 8.922460e+18
2.046600e+00 7.482642e+18
2.127000e+00 6.333477e+18
2.210500e+00 4.947611e+18
2.297200e+00 4.680969e+18
2.387400e+00 3.265263e+18
2.481100e+00 2.681716e+18
2.578500e+00 2.315786e+18
2.679700e+00 1.835185e+18
2.784900e+00 1.275310e+18
2.894300e+00 1.102414e+18
3.007900e+00 8.125680e+17
3.126000e+00 6.042032e+17
3.248700e+00 4.362480e+17
3.376200e+00 3.662013e+17
3.508700e+00 1.983840e+17
3.646500e+00 1.855463e+17
3.789600e+00 1.911779e+17
3.938400e+00 7.463949e+16
4.093000e+00 6.172463e+16
4.253700e+00 4.098435e+16
4.420600e+00 2.582283e+16
4.594200e+00 2.205813e+16
4.774500e+00 2.345066e+16
4.961900e+00 2.636127e+16
5.156700e+00 1.975037e+16
5.359200e+00 3.434618e+16
5.569500e+00 3.014822e+16
5.788200e+00 4.885304e+16
6.015400e+00 3.597565e+16
6.251500e+00 4.307844e+16
6.496900e+00 5.082421e+16
6.752000e+00 5.275703e+16
7.017000e+00 4.289841e+16
7.292500e+00 4.738271e+16
7.578800e+00 3.037859e+16
7.876300e+00 2.927676e+16
8.185500e+00 3.158057e+16
8.506800e+00 1.968852e+16
8.840700e+00 1.265857e+16
9.187801e+00 7.334138e+15
9.548500e+00 4.984512e+15
9.923300e+00 1.767879e+15
1.031300e+01 1.730003e+15
1.071800e+01 0.000000e+00
1.113800e+01 0.000000e+00
1.157600e+01 0.000000e+00
1.203000e+01 0.000000e+00
1.250200e+01 0.000000e+00
1.299300e+01 0.000000e+00
1.350300e+01 0.000000e+00
1.403300e+01 0.000000e+00
1.458400e+01 0.000000e+00
1.515700e+01 0.000000e+00
1.575200e+01 0.000000e+00
1.637000e+01 0.000000e+00
1.701300e+01 0.000000e+00
1.768000e+01 0.000000e+00
1.837400e+01 0.000000e+00
1.909600e+01 0.000000e+00
1.984500e+01 0.000000e+00
2.062400e+01 0.000000e+00
2.143400e+01 0.000000e+00
2.227500e+01 0.000000e+00
2.315000e+01 0.000000e+00
2.405900e+01 0.000000e+00
2.500300e+01 0.000000e+00
2.598500e+01 0.000000e+00
2.700500e+01 0.000000e+00
2.806500e+01 0.000000e+00
2.916600e+01 0.000000e+00
3.031100e+01 0.000000e+00
3.150100e+01 0.000000e+00
3.273800e+01 0.000000e+00
3.402300e+01 0.000000e+00
3.535900e+01 0.000000e+00
3.674700e+01 0.000000e+00
3.818900e+01 0.000000e+00
3.968800e+01 0.000000e+00
4.124600e+01 0.000000e+00
4.286500e+01 0.000000e+00
4.454800e+01 0.000000e+00
4.629700e+01 0.000000e+00
4.811400e+01 0.000000e+00
5.000300e+01 0.000000e+00
5.196600e+01 0.000000e+00
5.400600e+01 0.000000e+00
5.612600e+01 0.000000e+00
5.832900e+01 0.000000e+00
6.061900e+01 0.000000e+00
6.299900e+01 0.000000e+00
6.547200e+01 0.000000e+00
6.804200e+01 0.000000e+00
7.071300e+01 0.000000e+00
7.348900e+01 0.000000e+00
7.637400e+01 0.000000e+00
7.937200e+01 0.000000e+00
8.248700e+01 0.000000e+00
8.572600e+01 0.000000e+00
8.909100e+01 0.000000e+00
9.258800e+01 0.000000e+00
9.622300e+01 0.000000e+00
