1.000000e-03 0.000000e+00
1.039300e-03 0.000000e+00
1.080100e-03 0.000000e+00
1.122500e-03 0.000000e+00
1.166500e-03 0.000000e+00
1.212300e-03 0.000000e+00
1.259900e-03 0.000000e+00
1.309400e-03 0.000000e+00
1.360800e-03 0.000000e+00
1.414200e-03 0.000000e+00
1.469700e-03 0.000000e+00
1.527400e-03 0.000000e+00
1.587300e-03 0.000000e+00
1.649600e-03 0.000000e+00
1.714400e-03 0.000000e+00
1.781700e-03 0.000000e+00
1.851600e-03 0.000000e+00
1.924300e-03 0.000000e+00
1.999900e-03 0.000000e+00
2.078400e-03 0.000000e+00
2.160000e-03 0.000000e+00
2.244800e-03 0.000000e+00
2.332900e-03 0.000000e+00
2.424500e-03 0.000000e+00
2.519600e-03 0.000000e+00
2.618500e-03 0.000000e+00
2.721300e-03 0.000000e+00
2.828200e-03 0.000000e+00
2.939200e-03 0.000000e+00
3.054600e-03 0.000000e+00
3.174500e-03 0.000000e+00
3.299100e-03 0.000000e+00
3.428600e-03 0.000000e+00
3.563200e-03 0.000000e+00
3.703100e-03 0.000000e+00
3.848400e-03 0.000000e+00
3.999500e-03 0.000000e+00
4.156500e-03 1.709494e+18
4.319700e-03 0.000000e+00
4.489300e-03 1.580448e+18
4.665500e-03 0.000000e+00
4.848600e-03 0.000000e+00
5.039000e-03 0.000000e+00
5.236800e-03 0.000000e+00
5.442300e-03 0.000000e+00
5.656000e-03 0.000000e+00
5.878000e-03 1.207440e+18
6.108800e-03 1.161894e+18
6.348600e-03 0.000000e+00
6.597800e-03 3.231143e+18
6.856800e-03 1.036034e+18
7.126000e-03 0.000000e+00
7.405700e-03 0.000000e+00
7.696400e-03 1.843405e+18
7.998500e-03 0.000000e+00
8.312500e-03 8.543160e+17
8.638800e-03 0.000000e+00
8.978000e-03 7.917324e+17
9.330400e-03 7.622477e+17
9.696700e-03 3.665215e+18
1.007700e-02 0.000000e+00
1.047300e-02 1.356316e+18
1.088400e-02 1.307275e+18
1.131100e-02 2.512896e+18
1.175500e-02 1.206821e+18
1.221700e-02 2.328574e+18
1.269600e-02 2.793723e+18
1.319500e-02 2.692126e+18
1.371300e-02 1.034992e+18
1.425100e-02 3.492575e+18
1.481000e-02 3.354908e+18
1.539200e-02 2.308336e+18
1.599600e-02 3.553004e+18
1.662400e-02 2.989955e+18
1.727700e-02 1.646066e+18
1.795500e-02 3.956223e+18
1.866000e-02 3.048032e+18
1.939200e-02 4.031928e+18
2.015300e-02 3.867607e+18
2.094500e-02 7.466784e+18
2.176700e-02 5.553344e+18
2.262100e-02 4.403407e+18
2.350900e-02 4.533265e+18
2.443200e-02 5.818395e+18
2.539100e-02 5.313420e+18
2.638800e-02 6.460194e+18
2.742400e-02 5.437637e+18
2.850000e-02 8.219757e+18
2.961900e-02 5.750748e+18
3.078200e-02 6.235042e+18
3.199000e-02 8.882585e+18
3.324600e-02 8.764722e+18
3.455100e-02 1.274869e+19
3.590700e-02 1.226107e+19
3.731700e-02 1.160884e+19
3.878200e-02 1.045163e+19
4.030400e-02 1.093088e+19
4.188600e-02 1.067576e+19
4.353100e-02 1.517476e+19
4.524000e-02 1.068741e+19
4.701500e-02 1.344448e+19
4.886100e-02 1.583865e+19
5.077900e-02 1.426368e+19
5.277300e-02 1.682781e+19
5.484400e-02 1.436990e+19
5.699700e-02 1.708014e+19
5.923500e-02 1.978313e+19
6.156000e-02 2.158617e+19
6.397600e-02 2.141377e+19
6.648800e-02 1.826982e+19
6.909800e-02 2.550283e+19
7.181000e-02 2.226399e+19
7.462900e-02 2.569802e+19
7.755900e-02 2.791940e+19
8.060400e-02 2.802154e+19
8.376801e-02 3.095547e+19
8.705600e-02 2.765919e+19
9.047400e-02 2.851182e+19
9.402500e-02 3.249411e+19
9.771600e-02 3.251511e+19
1.015500e-01 3.481316e+19
1.055400e-01 3.684381e+19
1.096800e-01 3.546858e+19
1.139900e-01 4.124652e+19
1.184600e-01 4.186579e+19
1.231100e-01 4.154812e+19
1.279500e-01 4.539048e+19
1.329700e-01 4.830080e+19
1.381900e-01 5.062597e+19
1.436100e-01 5.197834e+19
1.492500e-01 5.682167e+19
1.551100e-01 5.481372e+19
1.612000e-01 6.155177e+19
1.675300e-01 6.514677e+19
1.741000e-01 6.886251e+19
1.809400e-01 7.245939e+19
1.880400e-01 7.478114e+19
1.954200e-01 7.763675e+19
2.030900e-01 7.787277e+19
2.110600e-01 8.585762e+19
2.193500e-01 8.721449e+19
2.279600e-01 9.276894e+19
2.369100e-01 9.305254e+19
2.462100e-01 1.011512e+20
2.558700e-01 1.084030e+20
2.659200e-01 1.073911e+20
2.763600e-01 1.127329e+20
2.872100e-01 1.177691e+20
2.984800e-01 1.248159e+20
3.102000e-01 1.241120e+20
3.223700e-01 1.318777e+20
3.350300e-01 1.350334e+20
3.481800e-01 1.387520e+20
3.618500e-01 1.407849e+20
3.760500e-01 1.449657e+20
3.908200e-01 1.490137e+20
4.061600e-01 1.520677e+20
4.221000e-01 1.574239e+20
4.386700e-01 1.588698e+20
4.558900e-01 1.628918e+20
4.737900e-01 1.641556e+20
4.923900e-01 1.663515e+20
5.117200e-01 1.673976e+20
5.318100e-01 1.688935e+20
5.526800e-01 1.733213e+20
5.743800e-01 1.709742e+20
5.969200e-01 1.746361e+20
6.203600e-01 1.721909e+20
6.447100e-01 1.744812e+20
6.700200e-01 1.742867e+20
6.963200e-01 1.701979e+20
7.236600e-01 1.728599e+20
7.520600e-01 1.694578e+20
7.815900e-01 1.671990e+20
8.122700e-01 1.635642e+20
8.441500e-01 1.602712e+20
8.772900e-01 1.565844e+20
9.117300e-01 1.520257e+20
9.475200e-01 1.517415e+20
9.847200e-01 1.473752e+20
1.023400e+00 1.410888e+20
1.063500e+00 1.380061e+20
1.105300e+00 1.320422e+20
1.148700e+00 1.246454e+20
1.193800e+00 1.209572e+20
1.240600e+00 1.146085e+20
1.289300e+00 1.107451e+20
1.340000e+00 1.029198e+20
1.392600e+00 9.727344e+19
1.447200e+00 9.058511e+19
1.504000e+00 8.570325e+19
1.563100e+00 8.012225e+19
1.624400e+00 7.324000e+19
1.688200e+00 6.741093e+19
1.754500e+00 6.211073e+19
1.823300e+00 5.553224e+19
1.894900e+00 5.068356e+19
1.969300e+00 4.584358e+19
2.046600e+00 4.129805e+19
2.127000e+00 3.681807e+19
2.210500e+00 3.235416e+19
2.297200e+00 2.855733e+19
2.387400e+00 2.461641e+19
2.481100e+00 2.190727e+19
2.578500e+00 1.823068e+19
2.679700e+00 1.543627e+19
2.784900e+00 1.299345e+19
2.894300e+00 1.079893e+19
3.007900e+00 8.963990e+18
3.126000e+00 7.599383e+18
3.248700e+00 6.137376e+18
3.376200e+00 5.015959e+18
3.508700e+00 4.088256e+18
3.646500e+00 3.072169e+18
3.789600e+00 2.433148e+18
3.938400e+00 1.851131e+18
4.093000e+00 1.375593e+18
4.253700e+00 1.110851e+18
4.420600e+00 7.222433e+17
4.594200e+00 5.579413e+17
4.774500e+00 2.868006e+17
4.961900e+00 2.243160e+17
5.156700e+00 1.532979e+17
5.359200e+00 6.415689e+16
5.569500e+00 5.398070e+16
5.788200e+00 3.685969e+16
6.015400e+00 2.924190e+16
6.251500e+00 1.959680e+16
6.496900e+00 3.012833e+16
6.752000e+00 3.750113e+16
7.017000e+00 3.197561e+16
7.292500e+00 6.562814e+16
7.578800e+00 6.724758e+16
7.876300e+00 8.817236e+16
8.185500e+00 9.367589e+16
8.506800e+00 1.197104e+17
8.840700e+00 1.331798e+17
9.187801e+00 1.226681e+17
9.548500e+00 1.201468e+17
9.923300e+00 1.397011e+17
1.031300e+01 1.211831e+17
1.071800e+01 6.966377e+16
1.113800e+01 5.468711e+16
1.157600e+01 2.865590e+16
1.203000e+01 1.372168e+16
1.250200e+01 2.668490e+15
1.299300e+01 6.279171e+14
1.350300e+01 6.121563e+14
1.403300e+01 0.000000e+00
1.458400e+01 5.920656e+14
1.515700e+01 0.000000e+00
1.575200e+01 0.000000e+00
1.637000e+01 0.000000e+00
1.701300e+01 0.000000e+00
1.768000e+01 0.000000e+00
1.837400e+01 0.000000e+00
1.909600e+01 0.000000e+00
1.984500e+01 0.000000e+00
2.062400e+01 0.000000e+00
2.143400e+01 0.000000e+00
2.227500e+01 0.000000e+00
2.315000e+01 0.000000e+00
2.405900e+01 0.000000e+00
2.500300e+01 0.000000e+00
2.598500e+01 0.000000e+00
2.700500e+01 0.000000e+00
2.806500e+01 0.000000e+00
2.916600e+01 0.000000e+00
3.031100e+01 0.000000e+00
3.150100e+01 0.000000e+00
3.273800e+01 0.000000e+00
3.402300e+01 0.000000e+00
3.535900e+01 0.000000e+00
3.674700e+01 0.000000e+00
3.818900e+01 0.000000e+00
3.968800e+01 0.000000e+00
4.124600e+01 0.000000e+00
4.286500e+01 0.000000e+00
4.454800e+01 0.000000e+00
4.629700e+01 0.000000e+00
4.811400e+01 0.000000e+00
5.000300e+01 0.000000e+00
5.196600e+01 0.000000e+00
5.400600e+01 0.000000e+00
5.612600e+01 0.000000e+00
5.832900e+01 0.000000e+00
6.061900e+01 0.000000e+00
6.299900e+01 0.000000e+00
6.547200e+01 0.000000e+00
6.804200e+01 0.000000e+00
7.071300e+01 0.000000e+00
7.348900e+01 0.000000e+00
7.637400e+01 0.000000e+00
7.937200e+01 0.000000e+00
8.248700e+01 0.000000e+00
8.572600e+01 0.000000e+00
8.909100e+01 0.000000e+00
9.258800e+01 0.000000e+00
9.622300e+01 0.000000e+00
