1.000000e-03 0.000000e+00
1.039300e-03 1.766087e+18
1.080100e-03 0.000000e+00
1.122500e-03 0.000000e+00
1.166500e-03 0.000000e+00
1.212300e-03 0.000000e+00
1.259900e-03 0.000000e+00
1.309400e-03 0.000000e+00
1.360800e-03 0.000000e+00
1.414200e-03 0.000000e+00
1.469700e-03 0.000000e+00
1.527400e-03 0.000000e+00
1.587300e-03 0.000000e+00
1.649600e-03 0.000000e+00
1.714400e-03 0.000000e+00
1.781700e-03 0.000000e+00
1.851600e-03 0.000000e+00
1.924300e-03 0.000000e+00
1.999900e-03 0.000000e+00
2.078400e-03 0.000000e+00
2.160000e-03 0.000000e+00
2.244800e-03 0.000000e+00
2.332900e-03 0.000000e+00
2.424500e-03 0.000000e+00
2.519600e-03 0.000000e+00
2.618500e-03 6.996157e+17
2.721300e-03 0.000000e+00
2.828200e-03 0.000000e+00
2.939200e-03 0.000000e+00
3.054600e-03 0.000000e+00
3.174500e-03 0.000000e+00
3.299100e-03 0.000000e+00
3.428600e-03 0.000000e+00
3.563200e-03 5.148809e+17
3.703100e-03 0.000000e+00
3.848400e-03 0.000000e+00
3.999500e-03 4.584445e+17
4.156500e-03 0.000000e+00
4.319700e-03 0.000000e+00
4.489300e-03 0.000000e+00
4.665500e-03 0.000000e+00
4.848600e-03 1.511221e+18
5.039000e-03 0.000000e+00
5.236800e-03 0.000000e+00
5.442300e-03 0.000000e+00
5.656000e-03 0.000000e+00
5.878000e-03 0.000000e+00
6.108800e-03 5.999924e+17
6.348600e-03 0.000000e+00
6.597800e-03 8.337462e+17
6.856800e-03 5.346523e+17
7.126000e-03 0.000000e+00
7.405700e-03 4.951296e+17
7.696400e-03 9.533152e+17
7.998500e-03 4.581242e+17
8.312500e-03 1.322144e+18
8.638800e-03 4.247698e+17
8.978000e-03 2.041322e+17
9.330400e-03 0.000000e+00
9.696700e-03 9.461253e+17
1.007700e-02 9.088330e+17
1.047300e-02 1.049915e+18
1.088400e-02 1.011205e+18
1.131100e-02 9.719542e+17
1.175500e-02 7.791763e+17
1.221700e-02 1.652675e+18
1.269600e-02 1.730597e+18
1.319500e-02 1.111049e+18
1.371300e-02 1.605246e+18
1.425100e-02 1.287048e+18
1.481000e-02 1.236248e+18
1.539200e-02 1.668124e+18
1.599600e-02 1.145615e+18
1.662400e-02 1.763328e+18
1.727700e-02 2.652625e+18
1.795500e-02 2.858545e+18
1.866000e-02 1.278205e+18
1.939200e-02 2.174668e+18
2.015300e-02 2.453687e+18
2.094500e-02 3.064240e+18
2.176700e-02 3.117617e+18
2.262100e-02 4.052041e+18
2.350900e-02 3.819400e+18
2.443200e-02 3.977001e+18
2.539100e-02 4.474122e+18
2.638800e-02 3.682116e+18
2.742400e-02 4.079348e+18
2.850000e-02 4.307316e+18
2.961900e-02 5.383072e+18
3.078200e-02 6.016361e+18
3.199000e-02 6.817434e+18
3.324600e-02 5.018074e+18
3.455100e-02 7.002478e+18
3.590700e-02 7.812060e+18
3.731700e-02 7.318558e+18
3.878200e-02 6.240919e+18
4.030400e-02 4.368864e+18
4.188600e-02 7.786724e+18
4.353100e-02 7.496375e+18
4.524000e-02 7.581626e+18
4.701500e-02 6.471729e+18
4.886100e-02 7.014203e+18
5.077900e-02 6.965450e+18
5.277300e-02 8.130340e+18
5.484400e-02 8.154708e+18
5.699700e-02 8.842444e+18
5.923500e-02 8.790366e+18
6.156000e-02 7.803099e+18
6.397600e-02 8.996297e+18
6.648800e-02 8.657670e+18
6.909800e-02 9.659026e+18
7.181000e-02 1.018516e+19
7.462900e-02 1.014304e+19
7.755900e-02 1.101270e+19
8.060400e-02 1.193942e+19
8.376801e-02 1.225815e+19
8.705600e-02 1.122235e+19
9.047400e-02 1.323233e+19
9.402500e-02 1.136580e+19
9.771600e-02 1.308058e+19
1.015500e-01 1.388684e+19
1.055400e-01 1.409500e+19
1.096800e-01 1.477655e+19
1.139900e-01 1.580967e+19
1.184600e-01 1.644998e+19
1.231100e-01 1.601288e+19
1.279500e-01 1.700064e+19
1.329700e-01 1.759037e+19
1.381900e-01 1.876079e+19
1.436100e-01 1.990462e+19
1.492500e-01 2.053156e+19
1.551100e-01 2.135154e+19
1.612000e-01 2.235980e+19
1.675300e-01 2.362453e+19
1.741000e-01 2.411324e+19
1.809400e-01 2.480072e+19
1.880400e-01 2.526542e+19
1.954200e-01 2.676670e+19
2.030900e-01 2.743604e+19
2.110600e-01 2.800274e+19
2.193500e-01 2.900102e+19
2.279600e-01 2.950607e+19
2.369100e-01 3.032351e+19
2.462100e-01 3.088301e+19
2.558700e-01 3.123165e+19
2.659200e-01 3.276068e+19
2.763600e-01 3.321225e+19
2.872100e-01 3.451080e+19
2.984800e-01 3.401540e+19
3.102000e-01 3.431614e+19
3.223700e-01 3.484323e+19
3.350300e-01 3.550931e+19
3.481800e-01 3.555305e+19
3.618500e-01 3.565632e+19
3.760500e-01 3.525865e+19
3.908200e-01 3.609926e+19
4.061600e-01 3.561185e+19
4.221000e-01 3.484437e+19
4.386700e-01 3.511920e+19
4.558900e-01 3.485300e+19
4.737900e-01 3.424396e+19
4.923900e-01 3.369204e+19
5.117200e-01 3.282810e+19
5.318100e-01 3.254591e+19
5.526800e-01 3.125721e+19
5.743800e-01 3.055915e+19
5.969200e-01 2.986828e+19
6.203600e-01 2.891105e+19
6.447100e-01 2.805671e+19
6.700200e-01 2.691345e+19
6.963200e-01 2.543605e+19
7.236600e-01 2.469718e+19
7.520600e-01 2.340390e+19
7.815900e-01 2.246779e+19
8.122700e-01 2.165614e+19
8.441500e-01 2.026721e+19
8.772900e-01 1.919024e+19
9.117300e-01 1.819029e+19
9.475200e-01 1.665359e+19
9.847200e-01 1.574963e+19
1.023400e+00 1.453881e+19
1.063500e+00 1.313694e+19
1.105300e+00 1.213063e+19
1.148700e+00 1.120576e+19
1.193800e+00 9.868931e+18
1.240600e+00 9.151501e+18
1.289300e+00 8.284272e+18
1.340000e+00 7.455508e+18
1.392600e+00 6.769732e+18
1.447200e+00 5.943903e+18
1.504000e+00 5.322874e+18
1.563100e+00 4.783118e+18
1.624400e+00 4.029152e+18
1.688200e+00 3.551544e+18
1.754500e+00 3.035523e+18
1.823300e+00 2.629830e+18
1.894900e+00 2.223444e+18
1.969300e+00 1.868255e+18
2.046600e+00 1.526552e+18
2.127000e+00 1.241281e+18
2.210500e+00 9.883912e+17
2.297200e+00 8.956782e+17
2.387400e+00 6.703073e+17
2.481100e+00 5.093369e+17
2.578500e+00 4.158571e+17
2.679700e+00 3.310908e+17
2.784900e+00 2.359912e+17
2.894300e+00 1.764454e+17
3.007900e+00 1.085405e+17
3.126000e+00 7.341438e+16
3.248700e+00 4.399721e+16
3.376200e+00 2.026037e+16
3.508700e+00 1.799957e+16
3.646500e+00 1.576430e+16
3.789600e+00 8.866555e+15
3.938400e+00 4.997289e+15
4.093000e+00 6.977764e+15
4.253700e+00 5.417476e+15
4.420600e+00 7.508370e+15
4.594200e+00 6.164512e+15
4.774500e+00 9.855357e+15
4.961900e+00 1.041672e+16
5.156700e+00 1.908494e+16
5.359200e+00 1.634278e+16
5.569500e+00 3.153355e+16
5.788200e+00 2.999110e+16
6.015400e+00 4.608047e+16
6.251500e+00 3.946877e+16
6.496900e+00 4.764097e+16
6.752000e+00 3.314638e+16
7.017000e+00 2.986073e+16
7.292500e+00 1.662963e+16
7.578800e+00 1.285112e+15
7.876300e+00 0.000000e+00
8.185500e+00 0.000000e+00
8.506800e+00 0.000000e+00
8.840700e+00 0.000000e+00
9.187801e+00 0.000000e+00
9.548500e+00 1.287235e+14
9.923300e+00 0.000000e+00
1.031300e+01 0.000000e+00
1.071800e+01 0.000000e+00
1.113800e+01 0.000000e+00
1.157600e+01 0.000000e+00
1.203000e+01 0.000000e+00
1.250200e+01 0.000000e+00
1.299300e+01 0.000000e+00
1.350300e+01 0.000000e+00
1.403300e+01 0.000000e+00
1.458400e+01 0.000000e+00
1.515700e+01 0.000000e+00
1.575200e+01 0.000000e+00
1.637000e+01 0.000000e+00
1.701300e+01 0.000000e+00
1.768000e+01 0.000000e+00
1.837400e+01 0.000000e+00
1.909600e+01 0.000000e+00
1.984500e+01 0.000000e+00
2.062400e+01 0.000000e+00
2.143400e+01 0.000000e+00
2.227500e+01 0.000000e+00
2.315000e+01 0.000000e+00
2.405900e+01 0.000000e+00
2.500300e+01 0.000000e+00
2.598500e+01 0.000000e+00
2.700500e+01 0.000000e+00
2.806500e+01 0.000000e+00
2.916600e+01 0.000000e+00
3.031100e+01 0.000000e+00
3.150100e+01 0.000000e+00
3.273800e+01 0.000000e+00
3.402300e+01 0.000000e+00
3.535900e+01 0.000000e+00
3.674700e+01 0.000000e+00
3.818900e+01 0.000000e+00
3.968800e+01 0.000000e+00
4.124600e+01 0.000000e+00
4.286500e+01 0.000000e+00
4.454800e+01 0.000000e+00
4.629700e+01 0.000000e+00
4.811400e+01 0.000000e+00
5.000300e+01 0.000000e+00
5.196600e+01 0.000000e+00
5.400600e+01 0.000000e+00
5.612600e+01 0.000000e+00
5.832900e+01 0.000000e+00
6.061900e+01 0.000000e+00
6.299900e+01 0.000000e+00
6.547200e+01 0.000000e+00
6.804200e+01 0.000000e+00
7.071300e+01 0.000000e+00
7.348900e+01 0.000000e+00
7.637400e+01 0.000000e+00
7.937200e+01 0.000000e+00
8.248700e+01 0.000000e+00
8.572600e+01 0.000000e+00
8.909100e+01 0.000000e+00
9.258800e+01 0.000000e+00
9.622300e+01 0.000000e+00
