1.000000e-03 0.000000e+00
1.039300e-03 0.000000e+00
1.080100e-03 0.000000e+00
1.122500e-03 0.000000e+00
1.166500e-03 0.000000e+00
1.212300e-03 0.000000e+00
1.259900e-03 0.000000e+00
1.309400e-03 0.000000e+00
1.360800e-03 0.000000e+00
1.414200e-03 0.000000e+00
1.469700e-03 0.000000e+00
1.527400e-03 0.000000e+00
1.587300e-03 0.000000e+00
1.649600e-03 0.000000e+00
1.714400e-03 0.000000e+00
1.781700e-03 0.000000e+00
1.851600e-03 0.000000e+00
1.924300e-03 0.000000e+00
1.999900e-03 0.000000e+00
2.078400e-03 0.000000e+00
2.160000e-03 0.000000e+00
2.244800e-03 0.000000e+00
2.332900e-03 0.000000e+00
2.424500e-03 0.000000e+00
2.519600e-03 0.000000e+00
2.618500e-03 0.000000e+00
2.721300e-03 0.000000e+00
2.828200e-03 0.000000e+00
2.939200e-03 0.000000e+00
3.054600e-03 0.000000e+00
3.174500e-03 0.000000e+00
3.299100e-03 0.000000e+00
3.428600e-03 2.881710e+17
3.563200e-03 0.000000e+00
3.703100e-03 2.670362e+17
3.848400e-03 0.000000e+00
3.999500e-03 0.000000e+00
4.156500e-03 2.377557e+17
4.319700e-03 2.286124e+17
4.489300e-03 0.000000e+00
4.665500e-03 2.114938e+17
4.848600e-03 0.000000e+00
5.039000e-03 1.961396e+17
5.236800e-03 5.664922e+17
5.442300e-03 1.816483e+17
5.656000e-03 0.000000e+00
5.878000e-03 6.725051e+17
6.108800e-03 0.000000e+00
6.348600e-03 9.341493e+17
6.597800e-03 1.494380e+17
6.856800e-03 1.441294e+17
7.126000e-03 2.776686e+17
7.405700e-03 4.002416e+17
7.696400e-03 3.851278e+17
7.998500e-03 6.176445e+17
8.312500e-03 4.755182e+17
8.638800e-03 8.002618e+17
8.978000e-03 8.804427e+17
9.330400e-03 1.165019e+18
9.696700e-03 7.140838e+17
1.007700e-02 4.898955e+17
1.047300e-02 5.662040e+17
1.088400e-02 7.268517e+17
1.131100e-02 9.609169e+17
1.175500e-02 1.762878e+18
1.221700e-02 1.214282e+18
1.269600e-02 1.554542e+18
1.319500e-02 1.572685e+18
1.371300e-02 1.442310e+18
1.425100e-02 1.526800e+18
1.481000e-02 1.199365e+18
1.539200e-02 1.798201e+18
1.599600e-02 1.790870e+18
1.662400e-02 1.663412e+18
1.727700e-02 2.290812e+18
1.795500e-02 2.806073e+18
1.866000e-02 2.811049e+18
1.939200e-02 2.548676e+18
2.015300e-02 3.184140e+18
2.094500e-02 2.972796e+18
2.176700e-02 2.952923e+18
2.262100e-02 3.712967e+18
2.350900e-02 5.000790e+18
2.443200e-02 4.328733e+18
2.539100e-02 4.707584e+18
2.638800e-02 3.930905e+18
2.742400e-02 4.652427e+18
2.850000e-02 4.923596e+18
2.961900e-02 5.738471e+18
3.078200e-02 5.523797e+18
3.199000e-02 5.312128e+18
3.324600e-02 7.045216e+18
3.455100e-02 6.952121e+18
3.590700e-02 7.097166e+18
3.731700e-02 7.017576e+18
3.878200e-02 6.320964e+18
4.030400e-02 4.659040e+18
4.188600e-02 7.027392e+18
4.353100e-02 7.014287e+18
4.524000e-02 7.365242e+18
4.701500e-02 8.110351e+18
4.886100e-02 7.037854e+18
5.077900e-02 8.871111e+18
5.277300e-02 7.418415e+18
5.484400e-02 8.180448e+18
5.699700e-02 8.406287e+18
5.923500e-02 8.259289e+18
6.156000e-02 9.184849e+18
6.397600e-02 9.420969e+18
6.648800e-02 9.719574e+18
6.909800e-02 9.783088e+18
7.181000e-02 1.012806e+19
7.462900e-02 1.055216e+19
7.755900e-02 1.047098e+19
8.060400e-02 1.130486e+19
8.376801e-02 1.087760e+19
8.705600e-02 1.164444e+19
9.047400e-02 1.247627e+19
9.402500e-02 1.247624e+19
9.771600e-02 1.313355e+19
1.015500e-01 1.390420e+19
1.055400e-01 1.476649e+19
1.096800e-01 1.508416e+19
1.139900e-01 1.566508e+19
1.184600e-01 1.569187e+19
1.231100e-01 1.610252e+19
1.279500e-01 1.781936e+19
1.329700e-01 1.797580e+19
1.381900e-01 1.855276e+19
1.436100e-01 1.928569e+19
1.492500e-01 1.996533e+19
1.551100e-01 2.098261e+19
1.612000e-01 2.252816e+19
1.675300e-01 2.298124e+19
1.741000e-01 2.387104e+19
1.809400e-01 2.433473e+19
1.880400e-01 2.480021e+19
1.954200e-01 2.646245e+19
2.030900e-01 2.628418e+19
2.110600e-01 2.772630e+19
2.193500e-01 2.880837e+19
2.279600e-01 2.899178e+19
2.369100e-01 3.016691e+19
2.462100e-01 3.092860e+19
2.558700e-01 3.108428e+19
2.659200e-01 3.264302e+19
2.763600e-01 3.385851e+19
2.872100e-01 3.309865e+19
2.984800e-01 3.433043e+19
3.102000e-01 3.406260e+19
3.223700e-01 3.451226e+19
3.350300e-01 3.545989e+19
3.481800e-01 3.442928e+19
3.618500e-01 3.480204e+19
3.760500e-01 3.509198e+19
3.908200e-01 3.519070e+19
4.061600e-01 3.473732e+19
4.221000e-01 3.491838e+19
4.386700e-01 3.387662e+19
4.558900e-01 3.393784e+19
4.737900e-01 3.405870e+19
4.923900e-01 3.326171e+19
5.117200e-01 3.208842e+19
5.318100e-01 3.147640e+19
5.526800e-01 3.100683e+19
5.743800e-01 2.999094e+19
5.969200e-01 2.938109e+19
6.203600e-01 2.840557e+19
6.447100e-01 2.749086e+19
6.700200e-01 2.646731e+19
6.963200e-01 2.546383e+19
7.236600e-01 2.481152e+19
7.520600e-01 2.340916e+19
7.815900e-01 2.225941e+19
8.122700e-01 2.130678e+19
8.441500e-01 1.989140e+19
8.772900e-01 1.922148e+19
9.117300e-01 1.763060e+19
9.475200e-01 1.650047e+19
9.847200e-01 1.529700e+19
1.023400e+00 1.437822e+19
1.063500e+00 1.319588e+19
1.105300e+00 1.238256e+19
1.148700e+00 1.124866e+19
1.193800e+00 1.023468e+19
1.240600e+00 9.307004e+18
1.289300e+00 8.458372e+18
1.340000e+00 7.643455e+18
1.392600e+00 6.799832e+18
1.447200e+00 6.150089e+18
1.504000e+00 5.580771e+18
1.563100e+00 4.908787e+18
1.624400e+00 4.237532e+18
1.688200e+00 3.738301e+18
1.754500e+00 3.280854e+18
1.823300e+00 2.809436e+18
1.894900e+00 2.465062e+18
1.969300e+00 2.131993e+18
2.046600e+00 1.795328e+18
2.127000e+00 1.450859e+18
2.210500e+00 1.257299e+18
2.297200e+00 1.016720e+18
2.387400e+00 8.479451e+17
2.481100e+00 6.925900e+17
2.578500e+00 5.210788e+17
2.679700e+00 4.016361e+17
2.784900e+00 3.199186e+17
2.894300e+00 2.330559e+17
3.007900e+00 1.547706e+17
3.126000e+00 1.113100e+17
3.248700e+00 7.111248e+16
3.376200e+00 3.148376e+16
3.508700e+00 2.018951e+16
3.646500e+00 1.237480e+16
3.789600e+00 1.221935e+16
3.938400e+00 5.971721e+15
4.093000e+00 6.810122e+15
4.253700e+00 5.043164e+15
4.420600e+00 5.591856e+15
4.594200e+00 6.964072e+15
4.774500e+00 6.567858e+15
4.961900e+00 8.703715e+15
5.156700e+00 1.827851e+16
5.359200e+00 1.986090e+16
5.569500e+00 2.662758e+16
5.788200e+00 3.123890e+16
6.015400e+00 3.914824e+16
6.251500e+00 5.050720e+16
6.496900e+00 4.472490e+16
6.752000e+00 4.244343e+16
7.017000e+00 3.360305e+16
7.292500e+00 1.860696e+16
7.578800e+00 2.745692e+14
7.876300e+00 0.000000e+00
8.185500e+00 0.000000e+00
8.506800e+00 0.000000e+00
8.840700e+00 0.000000e+00
9.187801e+00 0.000000e+00
9.548500e+00 1.261645e+14
9.923300e+00 0.000000e+00
1.031300e+01 0.000000e+00
1.071800e+01 0.000000e+00
1.113800e+01 0.000000e+00
1.157600e+01 0.000000e+00
1.203000e+01 0.000000e+00
1.250200e+01 0.000000e+00
1.299300e+01 0.000000e+00
1.350300e+01 0.000000e+00
1.403300e+01 0.000000e+00
1.458400e+01 0.000000e+00
1.515700e+01 0.000000e+00
1.575200e+01 0.000000e+00
1.637000e+01 0.000000e+00
1.701300e+01 0.000000e+00
1.768000e+01 0.000000e+00
1.837400e+01 0.000000e+00
1.909600e+01 0.000000e+00
1.984500e+01 0.000000e+00
2.062400e+01 0.000000e+00
2.143400e+01 0.000000e+00
2.227500e+01 0.000000e+00
2.315000e+01 0.000000e+00
2.405900e+01 0.000000e+00
2.500300e+01 0.000000e+00
2.598500e+01 0.000000e+00
2.700500e+01 0.000000e+00
2.806500e+01 0.000000e+00
2.916600e+01 0.000000e+00
3.031100e+01 0.000000e+00
3.150100e+01 0.000000e+00
3.273800e+01 0.000000e+00
3.402300e+01 0.000000e+00
3.535900e+01 0.000000e+00
3.674700e+01 0.000000e+00
3.818900e+01 0.000000e+00
3.968800e+01 0.000000e+00
4.124600e+01 0.000000e+00
4.286500e+01 0.000000e+00
4.454800e+01 0.000000e+00
4.629700e+01 0.000000e+00
4.811400e+01 0.000000e+00
5.000300e+01 0.000000e+00
5.196600e+01 0.000000e+00
5.400600e+01 0.000000e+00
5.612600e+01 0.000000e+00
5.832900e+01 0.000000e+00
6.061900e+01 0.000000e+00
6.299900e+01 0.000000e+00
6.547200e+01 0.000000e+00
6.804200e+01 0.000000e+00
7.071300e+01 0.000000e+00
7.348900e+01 0.000000e+00
7.637400e+01 0.000000e+00
7.937200e+01 0.000000e+00
8.248700e+01 0.000000e+00
8.572600e+01 0.000000e+00
8.909100e+01 0.000000e+00
9.258800e+01 0.000000e+00
9.622300e+01 0.000000e+00
