1.000000e-03 0.000000e+00
1.039300e-03 0.000000e+00
1.080100e-03 0.000000e+00
1.122500e-03 0.000000e+00
1.166500e-03 0.000000e+00
1.212300e-03 0.000000e+00
1.259900e-03 0.000000e+00
1.309400e-03 0.000000e+00
1.360800e-03 0.000000e+00
1.414200e-03 0.000000e+00
1.469700e-03 0.000000e+00
1.527400e-03 0.000000e+00
1.587300e-03 0.000000e+00
1.649600e-03 0.000000e+00
1.714400e-03 0.000000e+00
1.781700e-03 0.000000e+00
1.851600e-03 0.000000e+00
1.924300e-03 0.000000e+00
1.999900e-03 0.000000e+00
2.078400e-03 0.000000e+00
2.160000e-03 0.000000e+00
2.244800e-03 0.000000e+00
2.332900e-03 0.000000e+00
2.424500e-03 0.000000e+00
2.519600e-03 0.000000e+00
2.618500e-03 0.000000e+00
2.721300e-03 0.000000e+00
2.828200e-03 4.729040e+17
2.939200e-03 0.000000e+00
3.054600e-03 0.000000e+00
3.174500e-03 0.000000e+00
3.299100e-03 0.000000e+00
3.428600e-03 0.000000e+00
3.563200e-03 0.000000e+00
3.703100e-03 0.000000e+00
3.848400e-03 0.000000e+00
3.999500e-03 3.340734e+17
4.156500e-03 0.000000e+00
4.319700e-03 6.184156e+17
4.489300e-03 5.964294e+17
4.665500e-03 0.000000e+00
4.848600e-03 2.755151e+17
5.039000e-03 5.301351e+17
5.236800e-03 0.000000e+00
5.442300e-03 4.914202e+17
5.656000e-03 2.366386e+17
5.878000e-03 0.000000e+00
6.108800e-03 0.000000e+00
6.348600e-03 0.000000e+00
6.597800e-03 4.050023e+17
6.856800e-03 3.901383e+17
7.126000e-03 7.510983e+17
7.405700e-03 9.020819e+17
7.696400e-03 8.687355e+17
7.998500e-03 1.673114e+17
8.312500e-03 1.607989e+17
8.638800e-03 4.641474e+17
8.978000e-03 7.450844e+17
9.330400e-03 7.159706e+17
9.696700e-03 8.280696e+17
1.007700e-02 9.268142e+17
1.047300e-02 5.116377e+17
1.088400e-02 9.830047e+17
1.131100e-02 9.463885e+17
1.175500e-02 5.677345e+17
1.221700e-02 8.765740e+17
1.269600e-02 1.682468e+18
1.319500e-02 1.721880e+18
1.371300e-02 1.268266e+18
1.425100e-02 1.407924e+18
1.481000e-02 1.983512e+18
1.539200e-02 1.738283e+18
1.599600e-02 1.921053e+18
1.662400e-02 2.330394e+18
1.727700e-02 2.553489e+18
1.795500e-02 2.084769e+18
1.866000e-02 2.724363e+18
1.939200e-02 2.137764e+18
2.015300e-02 2.451273e+18
2.094500e-02 2.681324e+18
2.176700e-02 2.642082e+18
2.262100e-02 3.900508e+18
2.350900e-02 3.524486e+18
2.443200e-02 4.048650e+18
2.539100e-02 4.315920e+18
2.638800e-02 4.406627e+18
2.742400e-02 4.145265e+18
2.850000e-02 5.061949e+18
2.961900e-02 5.279300e+18
3.078200e-02 5.688711e+18
3.199000e-02 5.849430e+18
3.324600e-02 6.513607e+18
3.455100e-02 6.772564e+18
3.590700e-02 6.885122e+18
3.731700e-02 7.092339e+18
3.878200e-02 6.067976e+18
4.030400e-02 4.975568e+18
4.188600e-02 7.338976e+18
4.353100e-02 7.492711e+18
4.524000e-02 7.389367e+18
4.701500e-02 6.565846e+18
4.886100e-02 6.045399e+18
5.077900e-02 7.474793e+18
5.277300e-02 7.752281e+18
5.484400e-02 8.651464e+18
5.699700e-02 7.830101e+18
5.923500e-02 8.483042e+18
6.156000e-02 8.340938e+18
6.397600e-02 9.568049e+18
6.648800e-02 9.549805e+18
6.909800e-02 1.040993e+19
7.181000e-02 1.064819e+19
7.462900e-02 9.850162e+18
7.755900e-02 1.147671e+19
8.060400e-02 1.044831e+19
8.376801e-02 1.219280e+19
8.705600e-02 1.289684e+19
9.047400e-02 1.214635e+19
9.402500e-02 1.209856e+19
9.771600e-02 1.363163e+19
1.015500e-01 1.313810e+19
1.055400e-01 1.521073e+19
1.096800e-01 1.448773e+19
1.139900e-01 1.516744e+19
1.184600e-01 1.574203e+19
1.231100e-01 1.694538e+19
1.279500e-01 1.716470e+19
1.329700e-01 1.709960e+19
1.381900e-01 1.877424e+19
1.436100e-01 1.887825e+19
1.492500e-01 1.994196e+19
1.551100e-01 2.188447e+19
1.612000e-01 2.159453e+19
1.675300e-01 2.225232e+19
1.741000e-01 2.401336e+19
1.809400e-01 2.453064e+19
1.880400e-01 2.506513e+19
1.954200e-01 2.639622e+19
2.030900e-01 2.722530e+19
2.110600e-01 2.790241e+19
2.193500e-01 2.882741e+19
2.279600e-01 2.940304e+19
2.369100e-01 2.991032e+19
2.462100e-01 3.104990e+19
2.558700e-01 3.112900e+19
2.659200e-01 3.271706e+19
2.763600e-01 3.280289e+19
2.872100e-01 3.367267e+19
2.984800e-01 3.393064e+19
3.102000e-01 3.334817e+19
3.223700e-01 3.454945e+19
3.350300e-01 3.529056e+19
3.481800e-01 3.516459e+19
3.618500e-01 3.552899e+19
3.760500e-01 3.499472e+19
3.908200e-01 3.533518e+19
4.061600e-01 3.485027e+19
4.221000e-01 3.445737e+19
4.386700e-01 3.513158e+19
4.558900e-01 3.464555e+19
4.737900e-01 3.386703e+19
4.923900e-01 3.297578e+19
5.117200e-01 3.220324e+19
5.318100e-01 3.200701e+19
5.526800e-01 3.150445e+19
5.743800e-01 3.034604e+19
5.969200e-01 2.958313e+19
6.203600e-01 2.842054e+19
6.447100e-01 2.726602e+19
6.700200e-01 2.672521e+19
6.963200e-01 2.566261e+19
7.236600e-01 2.473685e+19
7.520600e-01 2.328633e+19
7.815900e-01 2.210389e+19
8.122700e-01 2.127190e+19
8.441500e-01 1.999681e+19
8.772900e-01 1.901271e+19
9.117300e-01 1.792531e+19
9.475200e-01 1.673052e+19
9.847200e-01 1.563845e+19
1.023400e+00 1.417032e+19
1.063500e+00 1.326139e+19
1.105300e+00 1.229884e+19
1.148700e+00 1.096952e+19
1.193800e+00 1.019458e+19
1.240600e+00 9.438184e+18
1.289300e+00 8.212440e+18
1.340000e+00 7.530980e+18
1.392600e+00 6.766799e+18
1.447200e+00 6.133279e+18
1.504000e+00 5.305636e+18
1.563100e+00 4.810809e+18
1.624400e+00 4.127506e+18
1.688200e+00 3.641101e+18
1.754500e+00 3.225470e+18
1.823300e+00 2.677752e+18
1.894900e+00 2.247309e+18
1.969300e+00 1.987991e+18
2.046600e+00 1.713918e+18
2.127000e+00 1.433021e+18
2.210500e+00 1.196029e+18
2.297200e+00 9.110861e+17
2.387400e+00 7.627844e+17
2.481100e+00 5.841683e+17
2.578500e+00 4.774543e+17
2.679700e+00 3.548067e+17
2.784900e+00 2.690052e+17
2.894300e+00 1.962565e+17
3.007900e+00 1.513544e+17
3.126000e+00 9.262089e+16
3.248700e+00 5.291107e+16
3.376200e+00 3.234230e+16
3.508700e+00 2.411368e+16
3.646500e+00 1.444461e+16
3.789600e+00 8.762425e+15
3.938400e+00 5.996100e+15
4.093000e+00 5.520376e+15
4.253700e+00 3.881283e+15
4.420600e+00 7.951357e+15
4.594200e+00 7.985588e+15
4.774500e+00 9.394402e+15
4.961900e+00 1.027692e+16
5.156700e+00 1.520398e+16
5.359200e+00 2.406952e+16
5.569500e+00 3.102737e+16
5.788200e+00 3.054912e+16
6.015400e+00 3.423870e+16
6.251500e+00 4.201358e+16
6.496900e+00 5.178400e+16
6.752000e+00 5.393161e+16
7.017000e+00 2.876195e+16
7.292500e+00 8.158818e+15
7.578800e+00 0.000000e+00
7.876300e+00 1.887126e+14
8.185500e+00 0.000000e+00
8.506800e+00 0.000000e+00
8.840700e+00 0.000000e+00
9.187801e+00 0.000000e+00
9.548500e+00 0.000000e+00
9.923300e+00 0.000000e+00
1.031300e+01 0.000000e+00
1.071800e+01 0.000000e+00
1.113800e+01 0.000000e+00
1.157600e+01 0.000000e+00
1.203000e+01 0.000000e+00
1.250200e+01 0.000000e+00
1.299300e+01 0.000000e+00
1.350300e+01 0.000000e+00
1.403300e+01 0.000000e+00
1.458400e+01 0.000000e+00
1.515700e+01 0.000000e+00
1.575200e+01 0.000000e+00
1.637000e+01 0.000000e+00
1.701300e+01 0.000000e+00
1.768000e+01 0.000000e+00
1.837400e+01 0.000000e+00
1.909600e+01 0.000000e+00
1.984500e+01 0.000000e+00
2.062400e+01 0.000000e+00
2.143400e+01 0.000000e+00
2.227500e+01 0.000000e+00
2.315000e+01 0.000000e+00
2.405900e+01 0.000000e+00
2.500300e+01 0.000000e+00
2.598500e+01 0.000000e+00
2.700500e+01 0.000000e+00
2.806500e+01 0.000000e+00
2.916600e+01 0.000000e+00
3.031100e+01 0.000000e+00
3.150100e+01 0.000000e+00
3.273800e+01 0.000000e+00
3.402300e+01 0.000000e+00
3.535900e+01 0.000000e+00
3.674700e+01 0.000000e+00
3.818900e+01 0.000000e+00
3.968800e+01 0.000000e+00
4.124600e+01 0.000000e+00
4.286500e+01 0.000000e+00
4.454800e+01 0.000000e+00
4.629700e+01 0.000000e+00
4.811400e+01 0.000000e+00
5.000300e+01 0.000000e+00
5.196600e+01 0.000000e+00
5.400600e+01 0.000000e+00
5.612600e+01 0.000000e+00
5.832900e+01 0.000000e+00
6.061900e+01 0.000000e+00
6.299900e+01 0.000000e+00
6.547200e+01 0.000000e+00
6.804200e+01 0.000000e+00
7.071300e+01 0.000000e+00
7.348900e+01 0.000000e+00
7.637400e+01 0.000000e+00
7.937200e+01 0.000000e+00
8.248700e+01 0.000000e+00
8.572600e+01 0.000000e+00
8.909100e+01 0.000000e+00
9.258800e+01 0.000000e+00
9.622300e+01 0.000000e+00
