1.000000e-03 0.000000e+00
1.039300e-03 0.000000e+00
1.080100e-03 0.000000e+00
1.122500e-03 0.000000e+00
1.166500e-03 0.000000e+00
1.212300e-03 0.000000e+00
1.259900e-03 0.000000e+00
1.309400e-03 0.000000e+00
1.360800e-03 0.000000e+00
1.414200e-03 0.000000e+00
1.469700e-03 0.000000e+00
1.527400e-03 0.000000e+00
1.587300e-03 0.000000e+00
1.649600e-03 0.000000e+00
1.714400e-03 0.000000e+00
1.781700e-03 0.000000e+00
1.851600e-03 0.000000e+00
1.924300e-03 0.000000e+00
1.999900e-03 0.000000e+00
2.078400e-03 0.000000e+00
2.160000e-03 0.000000e+00
2.244800e-03 4.214609e+18
2.332900e-03 0.000000e+00
2.424500e-03 0.000000e+00
2.519600e-03 0.000000e+00
2.618500e-03 0.000000e+00
2.721300e-03 0.000000e+00
2.828200e-03 0.000000e+00
2.939200e-03 0.000000e+00
3.054600e-03 0.000000e+00
3.174500e-03 0.000000e+00
3.299100e-03 0.000000e+00
3.428600e-03 0.000000e+00
3.563200e-03 0.000000e+00
3.703100e-03 0.000000e+00
3.848400e-03 0.000000e+00
3.999500e-03 0.000000e+00
4.156500e-03 0.000000e+00
4.319700e-03 0.000000e+00
4.489300e-03 0.000000e+00
4.665500e-03 0.000000e+00
4.848600e-03 0.000000e+00
5.039000e-03 0.000000e+00
5.236800e-03 0.000000e+00
5.442300e-03 0.000000e+00
5.656000e-03 0.000000e+00
5.878000e-03 0.000000e+00
6.108800e-03 0.000000e+00
6.348600e-03 0.000000e+00
6.597800e-03 1.434090e+18
6.856800e-03 0.000000e+00
7.126000e-03 0.000000e+00
7.405700e-03 0.000000e+00
7.696400e-03 0.000000e+00
7.998500e-03 1.182300e+18
8.312500e-03 0.000000e+00
8.638800e-03 0.000000e+00
8.978000e-03 0.000000e+00
9.330400e-03 2.026859e+18
9.696700e-03 9.761549e+17
1.007700e-02 9.386937e+17
1.047300e-02 9.034072e+17
1.088400e-02 1.738407e+18
1.131100e-02 1.672958e+18
1.175500e-02 0.000000e+00
1.221700e-02 1.550759e+18
1.269600e-02 2.232639e+18
1.319500e-02 2.149864e+18
1.371300e-02 2.069480e+18
1.425100e-02 1.993458e+18
1.481000e-02 2.550410e+18
1.539200e-02 1.845835e+18
1.599600e-02 1.773061e+18
1.662400e-02 3.981410e+18
1.727700e-02 3.286281e+18
1.795500e-02 5.267064e+18
1.866000e-02 2.536393e+18
1.939200e-02 2.926984e+18
2.015300e-02 3.281063e+18
2.094500e-02 3.161835e+18
2.176700e-02 3.479219e+18
2.262100e-02 4.181875e+18
2.350900e-02 5.631411e+18
2.443200e-02 4.647438e+18
2.539100e-02 5.577185e+18
2.638800e-02 6.447759e+18
2.742400e-02 5.176913e+18
2.850000e-02 5.310848e+18
2.961900e-02 7.662564e+18
3.078200e-02 7.990998e+18
3.199000e-02 8.871225e+18
3.324600e-02 1.136952e+19
3.455100e-02 9.587225e+18
3.590700e-02 1.053149e+19
3.731700e-02 1.267363e+19
3.878200e-02 1.292568e+19
4.030400e-02 7.042312e+18
4.188600e-02 1.309399e+19
4.353100e-02 1.260075e+19
4.524000e-02 1.234444e+19
4.701500e-02 1.086110e+19
4.886100e-02 1.490581e+19
5.077900e-02 1.657186e+19
5.277300e-02 1.344585e+19
5.484400e-02 1.672912e+19
5.699700e-02 1.459555e+19
5.923500e-02 1.709312e+19
6.156000e-02 1.875226e+19
6.397600e-02 2.054410e+19
6.648800e-02 1.962981e+19
6.909800e-02 2.190106e+19
7.181000e-02 2.303809e+19
7.462900e-02 2.559006e+19
7.755900e-02 2.622219e+19
8.060400e-02 2.758176e+19
8.376801e-02 2.755225e+19
8.705600e-02 3.041928e+19
9.047400e-02 3.116060e+19
9.402500e-02 3.371081e+19
9.771600e-02 3.467104e+19
1.015500e-01 3.675958e+19
1.055400e-01 3.865578e+19
1.096800e-01 3.695273e+19
1.139900e-01 4.095965e+19
1.184600e-01 4.024457e+19
1.231100e-01 4.511882e+19
1.279500e-01 4.771262e+19
1.329700e-01 5.079118e+19
1.381900e-01 4.876931e+19
1.436100e-01 5.398683e+19
1.492500e-01 5.279489e+19
1.551100e-01 5.840656e+19
1.612000e-01 6.116849e+19
1.675300e-01 6.419187e+19
1.741000e-01 6.856459e+19
1.809400e-01 7.012800e+19
1.880400e-01 7.618171e+19
1.954200e-01 8.194064e+19
2.030900e-01 8.237113e+19
2.110600e-01 8.614137e+19
2.193500e-01 8.738447e+19
2.279600e-01 9.430512e+19
2.369100e-01 9.997771e+19
2.462100e-01 1.020145e+20
2.558700e-01 1.051848e+20
2.659200e-01 1.121360e+20
2.763600e-01 1.135031e+20
2.872100e-01 1.195874e+20
2.984800e-01 1.217684e+20
3.102000e-01 1.269605e+20
3.223700e-01 1.341550e+20
3.350300e-01 1.381951e+20
3.481800e-01 1.459936e+20
3.618500e-01 1.454676e+20
3.760500e-01 1.477411e+20
3.908200e-01 1.551644e+20
4.061600e-01 1.556939e+20
4.221000e-01 1.606815e+20
4.386700e-01 1.637284e+20
4.558900e-01 1.643838e+20
4.737900e-01 1.669794e+20
4.923900e-01 1.690501e+20
5.117200e-01 1.695879e+20
5.318100e-01 1.747492e+20
5.526800e-01 1.759150e+20
5.743800e-01 1.741690e+20
5.969200e-01 1.778251e+20
6.203600e-01 1.760688e+20
6.447100e-01 1.756697e+20
6.700200e-01 1.781461e+20
6.963200e-01 1.745154e+20
7.236600e-01 1.755958e+20
7.520600e-01 1.732881e+20
7.815900e-01 1.685034e+20
8.122700e-01 1.693668e+20
8.441500e-01 1.667977e+20
8.772900e-01 1.618846e+20
9.117300e-01 1.576096e+20
9.475200e-01 1.528727e+20
9.847200e-01 1.472472e+20
1.023400e+00 1.459073e+20
1.063500e+00 1.395773e+20
1.105300e+00 1.353074e+20
1.148700e+00 1.264214e+20
1.193800e+00 1.224868e+20
1.240600e+00 1.171535e+20
1.289300e+00 1.096626e+20
1.340000e+00 1.037652e+20
1.392600e+00 9.939101e+19
1.447200e+00 9.010789e+19
1.504000e+00 8.545235e+19
1.563100e+00 7.845906e+19
1.624400e+00 7.232322e+19
1.688200e+00 6.572817e+19
1.754500e+00 6.018673e+19
1.823300e+00 5.468492e+19
1.894900e+00 4.809853e+19
1.969300e+00 4.361839e+19
2.046600e+00 3.889201e+19
2.127000e+00 3.419837e+19
2.210500e+00 2.992540e+19
2.297200e+00 2.598199e+19
2.387400e+00 2.224240e+19
2.481100e+00 1.902957e+19
2.578500e+00 1.642013e+19
2.679700e+00 1.363011e+19
2.784900e+00 1.142801e+19
2.894300e+00 9.497554e+18
3.007900e+00 7.475579e+18
3.126000e+00 6.218850e+18
3.248700e+00 5.083408e+18
3.376200e+00 4.074368e+18
3.508700e+00 3.300893e+18
3.646500e+00 2.529131e+18
3.789600e+00 1.907085e+18
3.938400e+00 1.315111e+18
4.093000e+00 9.488288e+17
4.253700e+00 8.019845e+17
4.420600e+00 4.809339e+17
4.594200e+00 3.566801e+17
4.774500e+00 2.064087e+17
4.961900e+00 1.927626e+17
5.156700e+00 9.995492e+16
5.359200e+00 5.447864e+16
5.569500e+00 3.232948e+16
5.788200e+00 3.465771e+16
6.015400e+00 2.746570e+16
6.251500e+00 2.356742e+16
6.496900e+00 3.788373e+16
6.752000e+00 4.243348e+16
7.017000e+00 4.776572e+16
7.292500e+00 5.788229e+16
7.578800e+00 8.670288e+16
7.876300e+00 8.435804e+16
8.185500e+00 1.042949e+17
8.506800e+00 1.215969e+17
8.840700e+00 1.300977e+17
9.187801e+00 1.207420e+17
9.548500e+00 8.631559e+16
9.923300e+00 8.695162e+16
1.031300e+01 8.030323e+16
1.071800e+01 5.445687e+16
1.113800e+01 3.353848e+16
1.157600e+01 1.543041e+16
1.203000e+01 4.097794e+15
1.250200e+01 0.000000e+00
1.299300e+01 0.000000e+00
1.350300e+01 0.000000e+00
1.403300e+01 0.000000e+00
1.458400e+01 0.000000e+00
1.515700e+01 0.000000e+00
1.575200e+01 0.000000e+00
1.637000e+01 0.000000e+00
1.701300e+01 0.000000e+00
1.768000e+01 0.000000e+00
1.837400e+01 0.000000e+00
1.909600e+01 0.000000e+00
1.984500e+01 0.000000e+00
2.062400e+01 0.000000e+00
2.143400e+01 0.000000e+00
2.227500e+01 0.000000e+00
2.315000e+01 0.000000e+00
2.405900e+01 0.000000e+00
2.500300e+01 0.000000e+00
2.598500e+01 0.000000e+00
2.700500e+01 0.000000e+00
2.806500e+01 0.000000e+00
2.916600e+01 0.000000e+00
3.031100e+01 0.000000e+00
3.150100e+01 0.000000e+00
3.273800e+01 0.000000e+00
3.402300e+01 0.000000e+00
3.535900e+01 0.000000e+00
3.674700e+01 0.000000e+00
3.818900e+01 0.000000e+00
3.968800e+01 0.000000e+00
4.124600e+01 0.000000e+00
4.286500e+01 0.000000e+00
4.454800e+01 0.000000e+00
4.629700e+01 0.000000e+00
4.811400e+01 0.000000e+00
5.000300e+01 0.000000e+00
5.196600e+01 0.000000e+00
5.400600e+01 0.000000e+00
5.612600e+01 0.000000e+00
5.832900e+01 0.000000e+00
6.061900e+01 0.000000e+00
6.299900e+01 0.000000e+00
6.547200e+01 0.000000e+00
6.804200e+01 0.000000e+00
7.071300e+01 0.000000e+00
7.348900e+01 0.000000e+00
7.637400e+01 0.000000e+00
7.937200e+01 0.000000e+00
8.248700e+01 0.000000e+00
8.572600e+01 0.000000e+00
8.909100e+01 0.000000e+00
9.258800e+01 0.000000e+00
9.622300e+01 0.000000e+00
