1.000000e-03 0.000000e+00
1.039300e-03 0.000000e+00
1.080100e-03 0.000000e+00
1.122500e-03 0.000000e+00
1.166500e-03 0.000000e+00
1.212300e-03 0.000000e+00
1.259900e-03 0.000000e+00
1.309400e-03 0.000000e+00
1.360800e-03 0.000000e+00
1.414200e-03 0.000000e+00
1.469700e-03 0.000000e+00
1.527400e-03 0.000000e+00
1.587300e-03 0.000000e+00
1.649600e-03 0.000000e+00
1.714400e-03 0.000000e+00
1.781700e-03 0.000000e+00
1.851600e-03 0.000000e+00
1.924300e-03 0.000000e+00
1.999900e-03 0.000000e+00
2.078400e-03 0.000000e+00
2.160000e-03 0.000000e+00
2.244800e-03 0.000000e+00
2.332900e-03 0.000000e+00
2.424500e-03 1.058812e+18
2.519600e-03 0.000000e+00
2.618500e-03 0.000000e+00
2.721300e-03 0.000000e+00
2.828200e-03 0.000000e+00
2.939200e-03 0.000000e+00
3.054600e-03 0.000000e+00
3.174500e-03 0.000000e+00
3.299100e-03 0.000000e+00
3.428600e-03 0.000000e+00
3.563200e-03 0.000000e+00
3.703100e-03 0.000000e+00
3.848400e-03 0.000000e+00
3.999500e-03 0.000000e+00
4.156500e-03 0.000000e+00
4.319700e-03 0.000000e+00
4.489300e-03 0.000000e+00
4.665500e-03 0.000000e+00
4.848600e-03 5.260304e+17
5.039000e-03 5.070786e+17
5.236800e-03 4.877499e+17
5.442300e-03 -9.506172e+14
5.656000e-03 0.000000e+00
5.878000e-03 0.000000e+00
6.108800e-03 8.342861e+17
6.348600e-03 4.021641e+17
6.597800e-03 3.868538e+17
6.856800e-03 3.723315e+17
7.126000e-03 3.583671e+17
7.405700e-03 1.034332e+18
7.696400e-03 3.318242e+17
7.998500e-03 9.564743e+17
8.312500e-03 9.218770e+17
8.638800e-03 8.853721e+17
8.978000e-03 5.686357e+17
9.330400e-03 8.201350e+17
9.696700e-03 1.054310e+18
1.007700e-02 5.058590e+17
1.047300e-02 7.311433e+17
1.088400e-02 1.173594e+18
1.131100e-02 1.127974e+18
1.175500e-02 8.670217e+17
1.221700e-02 1.464899e+18
1.269600e-02 2.404440e+18
1.319500e-02 2.126072e+18
1.371300e-02 1.488639e+18
1.425100e-02 1.253271e+18
1.481000e-02 2.063497e+18
1.539200e-02 3.317159e+18
1.599600e-02 2.232775e+18
1.662400e-02 2.300203e+18
1.727700e-02 2.515299e+18
1.795500e-02 2.131246e+18
1.866000e-02 2.052741e+18
1.939200e-02 3.417379e+18
2.015300e-02 3.034174e+18
2.094500e-02 4.265083e+18
2.176700e-02 4.105205e+18
2.262100e-02 4.848954e+18
2.350900e-02 4.339806e+18
2.443200e-02 3.967487e+18
2.539100e-02 4.816765e+18
2.638800e-02 4.736600e+18
2.742400e-02 6.051322e+18
2.850000e-02 6.978138e+18
2.961900e-02 7.238326e+18
3.078200e-02 7.053400e+18
3.199000e-02 7.496078e+18
3.324600e-02 8.288278e+18
3.455100e-02 9.157285e+18
3.590700e-02 1.030067e+19
3.731700e-02 9.227849e+18
3.878200e-02 7.963196e+18
4.030400e-02 7.089330e+18
4.188600e-02 9.741127e+18
4.353100e-02 1.101462e+19
4.524000e-02 1.095326e+19
4.701500e-02 1.036194e+19
4.886100e-02 1.164872e+19
5.077900e-02 1.110034e+19
5.277300e-02 1.199359e+19
5.484400e-02 1.279356e+19
5.699700e-02 1.257628e+19
5.923500e-02 1.468518e+19
6.156000e-02 1.421907e+19
6.397600e-02 1.479430e+19
6.648800e-02 1.622783e+19
6.909800e-02 1.643109e+19
7.181000e-02 1.659182e+19
7.462900e-02 1.753633e+19
7.755900e-02 1.845211e+19
8.060400e-02 1.899251e+19
8.376801e-02 1.910160e+19
8.705600e-02 2.115414e+19
9.047400e-02 2.115248e+19
9.402500e-02 2.200726e+19
9.771600e-02 2.212517e+19
1.015500e-01 2.414713e+19
1.055400e-01 2.445272e+19
1.096800e-01 2.632732e+19
1.139900e-01 2.578852e+19
1.184600e-01 2.771886e+19
1.231100e-01 2.840889e+19
1.279500e-01 3.068635e+19
1.329700e-01 3.014265e+19
1.381900e-01 3.263092e+19
1.436100e-01 3.579759e+19
1.492500e-01 3.725556e+19
1.551100e-01 3.806572e+19
1.612000e-01 3.922052e+19
1.675300e-01 4.039575e+19
1.741000e-01 4.297359e+19
1.809400e-01 4.373751e+19
1.880400e-01 4.548561e+19
1.954200e-01 4.908608e+19
2.030900e-01 4.952456e+19
2.110600e-01 5.317458e+19
2.193500e-01 5.357779e+19
2.279600e-01 5.740620e+19
2.369100e-01 5.924895e+19
2.462100e-01 6.087879e+19
2.558700e-01 6.340095e+19
2.659200e-01 6.552482e+19
2.763600e-01 6.710621e+19
2.872100e-01 6.816884e+19
2.984800e-01 7.015773e+19
3.102000e-01 7.177053e+19
3.223700e-01 7.492238e+19
3.350300e-01 7.573915e+19
3.481800e-01 7.887973e+19
3.618500e-01 7.834692e+19
3.760500e-01 7.983227e+19
3.908200e-01 8.178400e+19
4.061600e-01 8.209203e+19
4.221000e-01 8.323581e+19
4.386700e-01 8.323948e+19
4.558900e-01 8.331476e+19
4.737900e-01 8.433709e+19
4.923900e-01 8.352241e+19
5.117200e-01 8.507009e+19
5.318100e-01 8.433034e+19
5.526800e-01 8.365606e+19
5.743800e-01 8.257813e+19
5.969200e-01 8.263913e+19
6.203600e-01 8.197201e+19
6.447100e-01 8.125118e+19
6.700200e-01 7.936610e+19
6.963200e-01 7.775098e+19
7.236600e-01 7.501571e+19
7.520600e-01 7.452263e+19
7.815900e-01 7.281826e+19
8.122700e-01 7.048261e+19
8.441500e-01 6.789128e+19
8.772900e-01 6.490315e+19
9.117300e-01 6.355852e+19
9.475200e-01 6.081403e+19
9.847200e-01 5.796566e+19
1.023400e+00 5.504223e+19
1.063500e+00 5.229653e+19
1.105300e+00 4.988949e+19
1.148700e+00 4.616058e+19
1.193800e+00 4.419809e+19
1.240600e+00 4.082430e+19
1.289300e+00 3.781536e+19
1.340000e+00 3.502524e+19
1.392600e+00 3.256975e+19
1.447200e+00 3.028219e+19
1.504000e+00 2.775709e+19
1.563100e+00 2.521688e+19
1.624400e+00 2.302662e+19
1.688200e+00 2.089704e+19
1.754500e+00 1.875870e+19
1.823300e+00 1.682636e+19
1.894900e+00 1.483433e+19
1.969300e+00 1.288721e+19
2.046600e+00 1.154711e+19
2.127000e+00 1.024231e+19
2.210500e+00 8.903865e+18
2.297200e+00 7.527334e+18
2.387400e+00 6.553558e+18
2.481100e+00 5.582773e+18
2.578500e+00 4.697245e+18
2.679700e+00 3.884423e+18
2.784900e+00 3.192003e+18
2.894300e+00 2.625513e+18
3.007900e+00 2.059760e+18
3.126000e+00 1.710807e+18
3.248700e+00 1.447877e+18
3.376200e+00 1.004818e+18
3.508700e+00 7.781293e+17
3.646500e+00 6.283668e+17
3.789600e+00 4.157195e+17
3.938400e+00 2.657850e+17
4.093000e+00 1.981048e+17
4.253700e+00 1.096363e+17
4.420600e+00 6.692989e+16
4.594200e+00 3.748294e+16
4.774500e+00 3.246186e+16
4.961900e+00 2.098359e+16
5.156700e+00 1.667631e+16
5.359200e+00 1.316512e+16
5.569500e+00 1.514870e+16
5.788200e+00 1.679163e+16
6.015400e+00 2.058717e+16
6.251500e+00 2.857700e+16
6.496900e+00 3.751341e+16
6.752000e+00 3.953754e+16
7.017000e+00 4.780138e+16
7.292500e+00 6.668508e+16
7.578800e+00 6.038421e+16
7.876300e+00 7.191335e+16
8.185500e+00 9.667316e+16
8.506800e+00 8.340543e+16
8.840700e+00 7.711313e+16
9.187801e+00 6.480158e+16
9.548500e+00 2.487698e+16
9.923300e+00 5.441638e+14
1.031300e+01 5.422407e+14
1.071800e+01 0.000000e+00
1.113800e+01 0.000000e+00
1.157600e+01 0.000000e+00
1.203000e+01 3.094368e+14
1.250200e+01 0.000000e+00
1.299300e+01 0.000000e+00
1.350300e+01 0.000000e+00
1.403300e+01 0.000000e+00
1.458400e+01 0.000000e+00
1.515700e+01 0.000000e+00
1.575200e+01 0.000000e+00
1.637000e+01 0.000000e+00
1.701300e+01 0.000000e+00
1.768000e+01 0.000000e+00
1.837400e+01 0.000000e+00
1.909600e+01 0.000000e+00
1.984500e+01 0.000000e+00
2.062400e+01 0.000000e+00
2.143400e+01 0.000000e+00
2.227500e+01 0.000000e+00
2.315000e+01 0.000000e+00
2.405900e+01 0.000000e+00
2.500300e+01 0.000000e+00
2.598500e+01 0.000000e+00
2.700500e+01 0.000000e+00
2.806500e+01 0.000000e+00
2.916600e+01 0.000000e+00
3.031100e+01 0.000000e+00
3.150100e+01 0.000000e+00
3.273800e+01 0.000000e+00
3.402300e+01 0.000000e+00
3.535900e+01 0.000000e+00
3.674700e+01 0.000000e+00
3.818900e+01 0.000000e+00
3.968800e+01 0.000000e+00
4.124600e+01 0.000000e+00
4.286500e+01 0.000000e+00
4.454800e+01 0.000000e+00
4.629700e+01 0.000000e+00
4.811400e+01 0.000000e+00
5.000300e+01 0.000000e+00
5.196600e+01 0.000000e+00
5.400600e+01 0.000000e+00
5.612600e+01 0.000000e+00
5.832900e+01 0.000000e+00
6.061900e+01 0.000000e+00
6.299900e+01 0.000000e+00
6.547200e+01 0.000000e+00
6.804200e+01 0.000000e+00
7.071300e+01 0.000000e+00
7.348900e+01 0.000000e+00
7.637400e+01 0.000000e+00
7.937200e+01 0.000000e+00
8.248700e+01 0.000000e+00
8.572600e+01 0.000000e+00
8.909100e+01 0.000000e+00
9.258800e+01 0.000000e+00
9.622300e+01 0.000000e+00
