1.000000e-03 0.000000e+00
1.039300e-03 0.000000e+00
1.080100e-03 0.000000e+00
1.122500e-03 0.000000e+00
1.166500e-03 0.000000e+00
1.212300e-03 0.000000e+00
1.259900e-03 0.000000e+00
1.309400e-03 0.000000e+00
1.360800e-03 0.000000e+00
1.414200e-03 0.000000e+00
1.469700e-03 0.000000e+00
1.527400e-03 0.000000e+00
1.587300e-03 0.000000e+00
1.649600e-03 0.000000e+00
1.714400e-03 0.000000e+00
1.781700e-03 0.000000e+00
1.851600e-03 0.000000e+00
1.924300e-03 0.000000e+00
1.999900e-03 0.000000e+00
2.078400e-03 0.000000e+00
2.160000e-03 0.000000e+00
2.244800e-03 0.000000e+00
2.332900e-03 0.000000e+00
2.424500e-03 2.178236e+18
2.519600e-03 0.000000e+00
2.618500e-03 0.000000e+00
2.721300e-03 0.000000e+00
2.828200e-03 0.000000e+00
2.939200e-03 0.000000e+00
3.054600e-03 0.000000e+00
3.174500e-03 0.000000e+00
3.299100e-03 3.200164e+18
3.428600e-03 0.000000e+00
3.563200e-03 0.000000e+00
3.703100e-03 0.000000e+00
3.848400e-03 1.372720e+18
3.999500e-03 0.000000e+00
4.156500e-03 1.267445e+18
4.319700e-03 0.000000e+00
4.489300e-03 0.000000e+00
4.665500e-03 0.000000e+00
4.848600e-03 0.000000e+00
5.039000e-03 0.000000e+00
5.236800e-03 0.000000e+00
5.442300e-03 0.000000e+00
5.656000e-03 0.000000e+00
5.878000e-03 0.000000e+00
6.108800e-03 0.000000e+00
6.348600e-03 0.000000e+00
6.597800e-03 0.000000e+00
6.856800e-03 7.688878e+17
7.126000e-03 0.000000e+00
7.405700e-03 0.000000e+00
7.696400e-03 3.428116e+18
7.998500e-03 6.594515e+17
8.312500e-03 0.000000e+00
8.638800e-03 1.221946e+18
8.978000e-03 1.176120e+18
9.330400e-03 1.130411e+18
9.696700e-03 5.443371e+17
1.007700e-02 1.046373e+18
1.047300e-02 2.016125e+18
1.088400e-02 1.944260e+18
1.131100e-02 9.331360e+17
1.175500e-02 1.344617e+18
1.221700e-02 4.324613e+18
1.269600e-02 4.152557e+17
1.319500e-02 1.199236e+18
1.371300e-02 1.540021e+18
1.425100e-02 2.594318e+18
1.481000e-02 2.135073e+18
1.539200e-02 1.371330e+18
1.599600e-02 6.595969e+17
1.662400e-02 2.852676e+18
1.727700e-02 5.499338e+18
1.795500e-02 4.115386e+18
1.866000e-02 2.829421e+18
1.939200e-02 5.717550e+18
2.015300e-02 3.399457e+18
2.094500e-02 6.299656e+18
2.176700e-02 4.851290e+18
2.262100e-02 4.665366e+18
2.350900e-02 5.610392e+18
2.443200e-02 5.614644e+18
2.539100e-02 6.440836e+18
2.638800e-02 6.399848e+18
2.742400e-02 8.665506e+18
2.850000e-02 7.219818e+18
2.961900e-02 7.834176e+18
3.078200e-02 8.057426e+18
3.199000e-02 1.121193e+19
3.324600e-02 9.683956e+18
3.455100e-02 1.176530e+19
3.590700e-02 1.072337e+19
3.731700e-02 1.018054e+19
3.878200e-02 1.169947e+19
4.030400e-02 6.675837e+18
4.188600e-02 1.259675e+19
4.353100e-02 1.443932e+19
4.524000e-02 1.330323e+19
4.701500e-02 1.189124e+19
4.886100e-02 1.403764e+19
5.077900e-02 1.661632e+19
5.277300e-02 1.690609e+19
5.484400e-02 1.885981e+19
5.699700e-02 1.814278e+19
5.923500e-02 1.905957e+19
6.156000e-02 1.868735e+19
6.397600e-02 1.929241e+19
6.648800e-02 2.309317e+19
6.909800e-02 2.520599e+19
7.181000e-02 2.225790e+19
7.462900e-02 2.375190e+19
7.755900e-02 2.666340e+19
8.060400e-02 2.644303e+19
8.376801e-02 2.759370e+19
8.705600e-02 2.818046e+19
9.047400e-02 3.244056e+19
9.402500e-02 3.142178e+19
9.771600e-02 3.360892e+19
1.015500e-01 3.390626e+19
1.055400e-01 3.521371e+19
1.096800e-01 3.739308e+19
1.139900e-01 3.956414e+19
1.184600e-01 4.285009e+19
1.231100e-01 4.378560e+19
1.279500e-01 4.500926e+19
1.329700e-01 4.769470e+19
1.381900e-01 4.956120e+19
1.436100e-01 5.472102e+19
1.492500e-01 5.422684e+19
1.551100e-01 5.806827e+19
1.612000e-01 6.076546e+19
1.675300e-01 6.091784e+19
1.741000e-01 6.662163e+19
1.809400e-01 6.943966e+19
1.880400e-01 6.966431e+19
1.954200e-01 7.288560e+19
2.030900e-01 7.785341e+19
2.110600e-01 8.314463e+19
2.193500e-01 8.728075e+19
2.279600e-01 8.879600e+19
2.369100e-01 9.504251e+19
2.462100e-01 9.740115e+19
2.558700e-01 1.030979e+20
2.659200e-01 1.061664e+20
2.763600e-01 1.107215e+20
2.872100e-01 1.149917e+20
2.984800e-01 1.166577e+20
3.102000e-01 1.282099e+20
3.223700e-01 1.284395e+20
3.350300e-01 1.324913e+20
3.481800e-01 1.360604e+20
3.618500e-01 1.384266e+20
3.760500e-01 1.431161e+20
3.908200e-01 1.443211e+20
4.061600e-01 1.489556e+20
4.221000e-01 1.523453e+20
4.386700e-01 1.544990e+20
4.558900e-01 1.581404e+20
4.737900e-01 1.617307e+20
4.923900e-01 1.618672e+20
5.117200e-01 1.626660e+20
5.318100e-01 1.661970e+20
5.526800e-01 1.671076e+20
5.743800e-01 1.695928e+20
5.969200e-01 1.695866e+20
6.203600e-01 1.690701e+20
6.447100e-01 1.710877e+20
6.700200e-01 1.690558e+20
6.963200e-01 1.663993e+20
7.236600e-01 1.654569e+20
7.520600e-01 1.663270e+20
7.815900e-01 1.620122e+20
8.122700e-01 1.606596e+20
8.441500e-01 1.572291e+20
8.772900e-01 1.528345e+20
9.117300e-01 1.503982e+20
9.475200e-01 1.467052e+20
9.847200e-01 1.431981e+20
1.023400e+00 1.384622e+20
1.063500e+00 1.337549e+20
1.105300e+00 1.300961e+20
1.148700e+00 1.245329e+20
1.193800e+00 1.195338e+20
1.240600e+00 1.140700e+20
1.289300e+00 1.065421e+20
1.340000e+00 1.016732e+20
1.392600e+00 9.698728e+19
1.447200e+00 9.036921e+19
1.504000e+00 8.380601e+19
1.563100e+00 7.936230e+19
1.624400e+00 7.301431e+19
1.688200e+00 6.740532e+19
1.754500e+00 6.198839e+19
1.823300e+00 5.767005e+19
1.894900e+00 5.193353e+19
1.969300e+00 4.652949e+19
2.046600e+00 4.188373e+19
2.127000e+00 3.720760e+19
2.210500e+00 3.348593e+19
2.297200e+00 2.975747e+19
2.387400e+00 2.619920e+19
2.481100e+00 2.313239e+19
2.578500e+00 1.994469e+19
2.679700e+00 1.735176e+19
2.784900e+00 1.472161e+19
2.894300e+00 1.224614e+19
3.007900e+00 1.047491e+19
3.126000e+00 8.582442e+18
3.248700e+00 7.146479e+18
3.376200e+00 5.932627e+18
3.508700e+00 4.718046e+18
3.646500e+00 3.856247e+18
3.789600e+00 2.992708e+18
3.938400e+00 2.391169e+18
4.093000e+00 1.861034e+18
4.253700e+00 1.299122e+18
4.420600e+00 9.798549e+17
4.594200e+00 7.293690e+17
4.774500e+00 4.667700e+17
4.961900e+00 2.839175e+17
5.156700e+00 2.200472e+17
5.359200e+00 1.382421e+17
5.569500e+00 8.273339e+16
5.788200e+00 5.284425e+16
6.015400e+00 2.924704e+16
6.251500e+00 2.182813e+16
6.496900e+00 2.171602e+16
6.752000e+00 2.356807e+16
7.017000e+00 3.511313e+16
7.292500e+00 4.727701e+16
7.578800e+00 6.189595e+16
7.876300e+00 7.787842e+16
8.185500e+00 9.224701e+16
8.506800e+00 1.033404e+17
8.840700e+00 1.275205e+17
9.187801e+00 1.233462e+17
9.548500e+00 1.618325e+17
9.923300e+00 1.285939e+17
1.031300e+01 1.433348e+17
1.071800e+01 1.101806e+17
1.113800e+01 7.812391e+16
1.157600e+01 5.232874e+16
1.203000e+01 2.540806e+16
1.250200e+01 3.187316e+15
1.299300e+01 4.415735e+14
1.350300e+01 0.000000e+00
1.403300e+01 0.000000e+00
1.458400e+01 0.000000e+00
1.515700e+01 0.000000e+00
1.575200e+01 0.000000e+00
1.637000e+01 0.000000e+00
1.701300e+01 0.000000e+00
1.768000e+01 0.000000e+00
1.837400e+01 0.000000e+00
1.909600e+01 0.000000e+00
1.984500e+01 0.000000e+00
2.062400e+01 0.000000e+00
2.143400e+01 0.000000e+00
2.227500e+01 0.000000e+00
2.315000e+01 0.000000e+00
2.405900e+01 0.000000e+00
2.500300e+01 0.000000e+00
2.598500e+01 0.000000e+00
2.700500e+01 0.000000e+00
2.806500e+01 0.000000e+00
2.916600e+01 0.000000e+00
3.031100e+01 0.000000e+00
3.150100e+01 0.000000e+00
3.273800e+01 0.000000e+00
3.402300e+01 0.000000e+00
3.535900e+01 0.000000e+00
3.674700e+01 0.000000e+00
3.818900e+01 0.000000e+00
3.968800e+01 0.000000e+00
4.124600e+01 0.000000e+00
4.286500e+01 0.000000e+00
4.454800e+01 0.000000e+00
4.629700e+01 0.000000e+00
4.811400e+01 0.000000e+00
5.000300e+01 0.000000e+00
5.196600e+01 0.000000e+00
5.400600e+01 0.000000e+00
5.612600e+01 0.000000e+00
5.832900e+01 0.000000e+00
6.061900e+01 0.000000e+00
6.299900e+01 0.000000e+00
6.547200e+01 0.000000e+00
6.804200e+01 0.000000e+00
7.071300e+01 0.000000e+00
7.348900e+01 0.000000e+00
7.637400e+01 0.000000e+00
7.937200e+01 0.000000e+00
8.248700e+01 0.000000e+00
8.572600e+01 0.000000e+00
8.909100e+01 0.000000e+00
9.258800e+01 0.000000e+00
9.622300e+01 0.000000e+00
