1.000000e-03 0.000000e+00
1.039300e-03 0.000000e+00
1.080100e-03 0.000000e+00
1.122500e-03 0.000000e+00
1.166500e-03 0.000000e+00
1.212300e-03 0.000000e+00
1.259900e-03 0.000000e+00
1.309400e-03 0.000000e+00
1.360800e-03 0.000000e+00
1.414200e-03 0.000000e+00
1.469700e-03 0.000000e+00
1.527400e-03 2.247307e+18
1.587300e-03 0.000000e+00
1.649600e-03 0.000000e+00
1.714400e-03 0.000000e+00
1.781700e-03 0.000000e+00
1.851600e-03 0.000000e+00
1.924300e-03 0.000000e+00
1.999900e-03 1.716437e+18
2.078400e-03 0.000000e+00
2.160000e-03 0.000000e+00
2.244800e-03 0.000000e+00
2.332900e-03 0.000000e+00
2.424500e-03 0.000000e+00
2.519600e-03 0.000000e+00
2.618500e-03 0.000000e+00
2.721300e-03 0.000000e+00
2.828200e-03 0.000000e+00
2.939200e-03 0.000000e+00
3.054600e-03 0.000000e+00
3.174500e-03 0.000000e+00
3.299100e-03 0.000000e+00
3.428600e-03 0.000000e+00
3.563200e-03 0.000000e+00
3.703100e-03 0.000000e+00
3.848400e-03 0.000000e+00
3.999500e-03 0.000000e+00
4.156500e-03 0.000000e+00
4.319700e-03 0.000000e+00
4.489300e-03 0.000000e+00
4.665500e-03 0.000000e+00
4.848600e-03 7.071946e+17
5.039000e-03 0.000000e+00
5.236800e-03 1.308692e+18
5.442300e-03 0.000000e+00
5.656000e-03 0.000000e+00
5.878000e-03 5.818967e+17
6.108800e-03 5.610552e+17
6.348600e-03 0.000000e+00
6.597800e-03 5.205201e+17
6.856800e-03 9.996046e+17
7.126000e-03 0.000000e+00
7.405700e-03 0.000000e+00
7.696400e-03 4.451512e+17
7.998500e-03 4.281836e+17
8.312500e-03 1.650471e+18
8.638800e-03 0.000000e+00
8.978000e-03 7.636379e+17
9.330400e-03 1.101802e+18
9.696700e-03 7.073815e+17
1.007700e-02 6.798283e+17
1.047300e-02 1.636247e+18
1.088400e-02 1.259843e+18
1.131100e-02 9.093629e+17
1.175500e-02 1.456451e+18
1.221700e-02 8.431668e+17
1.269600e-02 1.617564e+18
1.319500e-02 1.817277e+18
1.371300e-02 1.500692e+18
1.425100e-02 1.444304e+18
1.481000e-02 1.619385e+18
1.539200e-02 1.558855e+18
1.599600e-02 3.427761e+18
1.662400e-02 2.472620e+18
1.727700e-02 2.776402e+18
1.795500e-02 2.481798e+18
1.866000e-02 3.491626e+18
1.939200e-02 3.712824e+18
2.015300e-02 2.549129e+18
2.094500e-02 4.419598e+18
2.176700e-02 3.624305e+18
2.262100e-02 2.424082e+18
2.350900e-02 2.914892e+18
2.443200e-02 4.762819e+18
2.539100e-02 6.071518e+18
2.638800e-02 5.713175e+18
2.742400e-02 5.493971e+18
2.850000e-02 5.413681e+18
2.961900e-02 5.906310e+18
3.078200e-02 7.566720e+18
3.199000e-02 7.926325e+18
3.324600e-02 8.558847e+18
3.455100e-02 1.002178e+19
3.590700e-02 1.011688e+19
3.731700e-02 1.029064e+19
3.878200e-02 1.052076e+19
4.030400e-02 7.314626e+18
4.188600e-02 8.834397e+18
4.353100e-02 1.062525e+19
4.524000e-02 1.016101e+19
4.701500e-02 1.013076e+19
4.886100e-02 1.059550e+19
5.077900e-02 1.187474e+19
5.277300e-02 1.351583e+19
5.484400e-02 1.124830e+19
5.699700e-02 1.286661e+19
5.923500e-02 1.296368e+19
6.156000e-02 1.565165e+19
6.397600e-02 1.478122e+19
6.648800e-02 1.541120e+19
6.909800e-02 1.518496e+19
7.181000e-02 1.727906e+19
7.462900e-02 1.901258e+19
7.755900e-02 1.807302e+19
8.060400e-02 1.892087e+19
8.376801e-02 2.095560e+19
8.705600e-02 2.082430e+19
9.047400e-02 1.955368e+19
9.402500e-02 2.179955e+19
9.771600e-02 2.151232e+19
1.015500e-01 2.411043e+19
1.055400e-01 2.317351e+19
1.096800e-01 2.603699e+19
1.139900e-01 2.697123e+19
1.184600e-01 2.829846e+19
1.231100e-01 3.007845e+19
1.279500e-01 2.993603e+19
1.329700e-01 3.082802e+19
1.381900e-01 3.306641e+19
1.436100e-01 3.344776e+19
1.492500e-01 3.554302e+19
1.551100e-01 3.755849e+19
1.612000e-01 3.955861e+19
1.675300e-01 4.220460e+19
1.741000e-01 4.366761e+19
1.809400e-01 4.479307e+19
1.880400e-01 4.712703e+19
1.954200e-01 4.922766e+19
2.030900e-01 5.123716e+19
2.110600e-01 5.287563e+19
2.193500e-01 5.558456e+19
2.279600e-01 5.664736e+19
2.369100e-01 6.010354e+19
2.462100e-01 5.999431e+19
2.558700e-01 6.347025e+19
2.659200e-01 6.571391e+19
2.763600e-01 6.700495e+19
2.872100e-01 6.965352e+19
2.984800e-01 7.176356e+19
3.102000e-01 7.261166e+19
3.223700e-01 7.396723e+19
3.350300e-01 7.653514e+19
3.481800e-01 7.622920e+19
3.618500e-01 8.027028e+19
3.760500e-01 8.327694e+19
3.908200e-01 8.260520e+19
4.061600e-01 8.291051e+19
4.221000e-01 8.411469e+19
4.386700e-01 8.463388e+19
4.558900e-01 8.621177e+19
4.737900e-01 8.423844e+19
4.923900e-01 8.655441e+19
5.117200e-01 8.587957e+19
5.318100e-01 8.434546e+19
5.526800e-01 8.447112e+19
5.743800e-01 8.457831e+19
5.969200e-01 8.377671e+19
6.203600e-01 8.337982e+19
6.447100e-01 8.151520e+19
6.700200e-01 7.995779e+19
6.963200e-01 7.792014e+19
7.236600e-01 7.644270e+19
7.520600e-01 7.457892e+19
7.815900e-01 7.339959e+19
8.122700e-01 7.104466e+19
8.441500e-01 6.783592e+19
8.772900e-01 6.548469e+19
9.117300e-01 6.298801e+19
9.475200e-01 6.032829e+19
9.847200e-01 5.820074e+19
1.023400e+00 5.558381e+19
1.063500e+00 5.247646e+19
1.105300e+00 4.957797e+19
1.148700e+00 4.616762e+19
1.193800e+00 4.419727e+19
1.240600e+00 4.118929e+19
1.289300e+00 3.782193e+19
1.340000e+00 3.494407e+19
1.392600e+00 3.255887e+19
1.447200e+00 2.991566e+19
1.504000e+00 2.743054e+19
1.563100e+00 2.485929e+19
1.624400e+00 2.250684e+19
1.688200e+00 2.030469e+19
1.754500e+00 1.808642e+19
1.823300e+00 1.581459e+19
1.894900e+00 1.424942e+19
1.969300e+00 1.248847e+19
2.046600e+00 1.101999e+19
2.127000e+00 9.324705e+18
2.210500e+00 8.214400e+18
2.297200e+00 7.093773e+18
2.387400e+00 6.109848e+18
2.481100e+00 5.014739e+18
2.578500e+00 4.106627e+18
2.679700e+00 3.505819e+18
2.784900e+00 2.794280e+18
2.894300e+00 2.262179e+18
3.007900e+00 1.859013e+18
3.126000e+00 1.443619e+18
3.248700e+00 1.138987e+18
3.376200e+00 8.543864e+17
3.508700e+00 6.906286e+17
3.646500e+00 4.976573e+17
3.789600e+00 3.378990e+17
3.938400e+00 2.329415e+17
4.093000e+00 1.622563e+17
4.253700e+00 7.663427e+16
4.420600e+00 4.257297e+16
4.594200e+00 2.875296e+16
4.774500e+00 2.382233e+16
4.961900e+00 1.409922e+16
5.156700e+00 1.878934e+16
5.359200e+00 1.329942e+16
5.569500e+00 1.605342e+16
5.788200e+00 2.638062e+16
6.015400e+00 2.035481e+16
6.251500e+00 3.358013e+16
6.496900e+00 3.579465e+16
6.752000e+00 4.691543e+16
7.017000e+00 5.532287e+16
7.292500e+00 6.791045e+16
7.578800e+00 7.508681e+16
7.876300e+00 7.922705e+16
8.185500e+00 8.203167e+16
8.506800e+00 6.754025e+16
8.840700e+00 5.287382e+16
9.187801e+00 3.978010e+16
9.548500e+00 1.989546e+16
9.923300e+00 6.137423e+15
1.031300e+01 3.622465e+14
1.071800e+01 0.000000e+00
1.113800e+01 0.000000e+00
1.157600e+01 0.000000e+00
1.203000e+01 0.000000e+00
1.250200e+01 0.000000e+00
1.299300e+01 0.000000e+00
1.350300e+01 0.000000e+00
1.403300e+01 0.000000e+00
1.458400e+01 0.000000e+00
1.515700e+01 0.000000e+00
1.575200e+01 0.000000e+00
1.637000e+01 0.000000e+00
1.701300e+01 0.000000e+00
1.768000e+01 0.000000e+00
1.837400e+01 0.000000e+00
1.909600e+01 0.000000e+00
1.984500e+01 0.000000e+00
2.062400e+01 0.000000e+00
2.143400e+01 0.000000e+00
2.227500e+01 0.000000e+00
2.315000e+01 0.000000e+00
2.405900e+01 0.000000e+00
2.500300e+01 0.000000e+00
2.598500e+01 0.000000e+00
2.700500e+01 0.000000e+00
2.806500e+01 0.000000e+00
2.916600e+01 0.000000e+00
3.031100e+01 0.000000e+00
3.150100e+01 0.000000e+00
3.273800e+01 0.000000e+00
3.402300e+01 0.000000e+00
3.535900e+01 0.000000e+00
3.674700e+01 0.000000e+00
3.818900e+01 0.000000e+00
3.968800e+01 0.000000e+00
4.124600e+01 0.000000e+00
4.286500e+01 0.000000e+00
4.454800e+01 0.000000e+00
4.629700e+01 0.000000e+00
4.811400e+01 0.000000e+00
5.000300e+01 0.000000e+00
5.196600e+01 0.000000e+00
5.400600e+01 0.000000e+00
5.612600e+01 0.000000e+00
5.832900e+01 0.000000e+00
6.061900e+01 0.000000e+00
6.299900e+01 0.000000e+00
6.547200e+01 0.000000e+00
6.804200e+01 0.000000e+00
7.071300e+01 0.000000e+00
7.348900e+01 0.000000e+00
7.637400e+01 0.000000e+00
7.937200e+01 0.000000e+00
8.248700e+01 0.000000e+00
8.572600e+01 0.000000e+00
8.909100e+01 0.000000e+00
9.258800e+01 0.000000e+00
9.622300e+01 0.000000e+00
