1.000000e-03 0.000000e+00
1.039300e-03 0.000000e+00
1.080100e-03 0.000000e+00
1.122500e-03 0.000000e+00
1.166500e-03 0.000000e+00
1.212300e-03 0.000000e+00
1.259900e-03 0.000000e+00
1.309400e-03 0.000000e+00
1.360800e-03 0.000000e+00
1.414200e-03 0.000000e+00
1.469700e-03 0.000000e+00
1.527400e-03 0.000000e+00
1.587300e-03 0.000000e+00
1.649600e-03 0.000000e+00
1.714400e-03 0.000000e+00
1.781700e-03 0.000000e+00
1.851600e-03 0.000000e+00
1.924300e-03 0.000000e+00
1.999900e-03 0.000000e+00
2.078400e-03 0.000000e+00
2.160000e-03 0.000000e+00
2.244800e-03 0.000000e+00
2.332900e-03 0.000000e+00
2.424500e-03 1.892973e+18
2.519600e-03 0.000000e+00
2.618500e-03 0.000000e+00
2.721300e-03 0.000000e+00
2.828200e-03 0.000000e+00
2.939200e-03 0.000000e+00
3.054600e-03 0.000000e+00
3.174500e-03 0.000000e+00
3.299100e-03 0.000000e+00
3.428600e-03 0.000000e+00
3.563200e-03 0.000000e+00
3.703100e-03 -1.238044e+18
3.848400e-03 0.000000e+00
3.999500e-03 0.000000e+00
4.156500e-03 0.000000e+00
4.319700e-03 0.000000e+00
4.489300e-03 0.000000e+00
4.665500e-03 0.000000e+00
4.848600e-03 0.000000e+00
5.039000e-03 9.087546e+17
5.236800e-03 0.000000e+00
5.442300e-03 8.437330e+17
5.656000e-03 8.113686e+17
5.878000e-03 0.000000e+00
6.108800e-03 0.000000e+00
6.348600e-03 0.000000e+00
6.597800e-03 0.000000e+00
6.856800e-03 0.000000e+00
7.126000e-03 6.438983e+17
7.405700e-03 6.186973e+17
7.696400e-03 0.000000e+00
7.998500e-03 1.146447e+18
8.312500e-03 1.657167e+18
8.638800e-03 1.061878e+18
8.978000e-03 0.000000e+00
9.330400e-03 4.907403e+17
9.696700e-03 9.453730e+17
1.007700e-02 0.000000e+00
1.047300e-02 4.380855e+17
1.088400e-02 2.106681e+18
1.131100e-02 8.111565e+17
1.175500e-02 1.167588e+18
1.221700e-02 3.761141e+17
1.269600e-02 7.222422e+17
1.319500e-02 2.083955e+18
1.371300e-02 2.675723e+18
1.425100e-02 9.652593e+17
1.481000e-02 1.856305e+18
1.539200e-02 2.083721e+18
1.599600e-02 3.152256e+18
1.662400e-02 1.377696e+18
1.727700e-02 2.387623e+18
1.795500e-02 1.527709e+18
1.866000e-02 1.966983e+18
1.939200e-02 2.830864e+18
2.015300e-02 3.862707e+18
2.094500e-02 2.627147e+18
2.176700e-02 4.209914e+18
2.262100e-02 3.241420e+18
2.350900e-02 4.289372e+18
2.443200e-02 5.067408e+18
2.539100e-02 6.135635e+18
2.638800e-02 5.906341e+18
2.742400e-02 5.518074e+18
2.850000e-02 5.627752e+18
2.961900e-02 7.273258e+18
3.078200e-02 6.555305e+18
3.199000e-02 7.591859e+18
3.324600e-02 8.554345e+18
3.455100e-02 7.164079e+18
3.590700e-02 7.785071e+18
3.731700e-02 1.032120e+19
3.878200e-02 8.395733e+18
4.030400e-02 7.733898e+18
4.188600e-02 8.207401e+18
4.353100e-02 1.033359e+19
4.524000e-02 8.626780e+18
4.701500e-02 1.033212e+19
4.886100e-02 1.107014e+19
5.077900e-02 1.046849e+19
5.277300e-02 1.138226e+19
5.484400e-02 1.102615e+19
5.699700e-02 1.254583e+19
5.923500e-02 1.068019e+19
6.156000e-02 1.399864e+19
6.397600e-02 1.468645e+19
6.648800e-02 1.648057e+19
6.909800e-02 1.420183e+19
7.181000e-02 1.602743e+19
7.462900e-02 1.762670e+19
7.755900e-02 1.666721e+19
8.060400e-02 1.990670e+19
8.376801e-02 1.866382e+19
8.705600e-02 1.979715e+19
9.047400e-02 2.179117e+19
9.402500e-02 2.218562e+19
9.771600e-02 2.333211e+19
1.015500e-01 2.413161e+19
1.055400e-01 2.351371e+19
1.096800e-01 2.463579e+19
1.139900e-01 2.480094e+19
1.184600e-01 2.670134e+19
1.231100e-01 2.955889e+19
1.279500e-01 3.086479e+19
1.329700e-01 3.116202e+19
1.381900e-01 3.377006e+19
1.436100e-01 3.502859e+19
1.492500e-01 3.633084e+19
1.551100e-01 3.805585e+19
1.612000e-01 4.011332e+19
1.675300e-01 4.248416e+19
1.741000e-01 4.251855e+19
1.809400e-01 4.645935e+19
1.880400e-01 4.791900e+19
1.954200e-01 5.032481e+19
2.030900e-01 5.064307e+19
2.110600e-01 5.546708e+19
2.193500e-01 5.738932e+19
2.279600e-01 5.897820e+19
2.369100e-01 6.196145e+19
2.462100e-01 6.410908e+19
2.558700e-01 6.357660e+19
2.659200e-01 6.839137e+19
2.763600e-01 6.962511e+19
2.872100e-01 7.139705e+19
2.984800e-01 7.430327e+19
3.102000e-01 7.530507e+19
3.223700e-01 7.734317e+19
3.350300e-01 7.637884e+19
3.481800e-01 7.954404e+19
3.618500e-01 7.706163e+19
3.760500e-01 8.084542e+19
3.908200e-01 8.360331e+19
4.061600e-01 8.354682e+19
4.221000e-01 8.481511e+19
4.386700e-01 8.524021e+19
4.558900e-01 8.691887e+19
4.737900e-01 8.684373e+19
4.923900e-01 8.600637e+19
5.117200e-01 8.682325e+19
5.318100e-01 8.495140e+19
5.526800e-01 8.513228e+19
5.743800e-01 8.505675e+19
5.969200e-01 8.428919e+19
6.203600e-01 8.384814e+19
6.447100e-01 8.226070e+19
6.700200e-01 8.140288e+19
6.963200e-01 8.006533e+19
7.236600e-01 7.932340e+19
7.520600e-01 7.622113e+19
7.815900e-01 7.373486e+19
8.122700e-01 7.100155e+19
8.441500e-01 6.877736e+19
8.772900e-01 6.605795e+19
9.117300e-01 6.308781e+19
9.475200e-01 6.047775e+19
9.847200e-01 5.743858e+19
1.023400e+00 5.471927e+19
1.063500e+00 5.222126e+19
1.105300e+00 4.977260e+19
1.148700e+00 4.623304e+19
1.193800e+00 4.458796e+19
1.240600e+00 4.165150e+19
1.289300e+00 3.718960e+19
1.340000e+00 3.500636e+19
1.392600e+00 3.215685e+19
1.447200e+00 2.924177e+19
1.504000e+00 2.660080e+19
1.563100e+00 2.419019e+19
1.624400e+00 2.197557e+19
1.688200e+00 1.920493e+19
1.754500e+00 1.698082e+19
1.823300e+00 1.536815e+19
1.894900e+00 1.328755e+19
1.969300e+00 1.184062e+19
2.046600e+00 1.011416e+19
2.127000e+00 8.776921e+18
2.210500e+00 7.068235e+18
2.297200e+00 6.225646e+18
2.387400e+00 5.212939e+18
2.481100e+00 4.519938e+18
2.578500e+00 3.362259e+18
2.679700e+00 2.887097e+18
2.784900e+00 2.344171e+18
2.894300e+00 1.891311e+18
3.007900e+00 1.469207e+18
3.126000e+00 1.103003e+18
3.248700e+00 8.411849e+17
3.376200e+00 7.171669e+17
3.508700e+00 5.055432e+17
3.646500e+00 3.475894e+17
3.789600e+00 2.623529e+17
3.938400e+00 1.336803e+17
4.093000e+00 9.913794e+16
4.253700e+00 6.237501e+16
4.420600e+00 2.886226e+16
4.594200e+00 2.637811e+16
4.774500e+00 1.460163e+16
4.961900e+00 1.377861e+16
5.156700e+00 9.442508e+15
5.359200e+00 1.001053e+16
5.569500e+00 1.293109e+16
5.788200e+00 2.524523e+16
6.015400e+00 2.590987e+16
6.251500e+00 3.258601e+16
6.496900e+00 4.696289e+16
6.752000e+00 4.896851e+16
7.017000e+00 5.703634e+16
7.292500e+00 7.148430e+16
7.578800e+00 7.280600e+16
7.876300e+00 7.698714e+16
8.185500e+00 7.903193e+16
8.506800e+00 6.375158e+16
8.840700e+00 4.225654e+16
9.187801e+00 2.524074e+16
9.548500e+00 1.357244e+16
9.923300e+00 1.897124e+15
1.031300e+01 1.315388e+15
1.071800e+01 0.000000e+00
1.113800e+01 0.000000e+00
1.157600e+01 0.000000e+00
1.203000e+01 0.000000e+00
1.250200e+01 0.000000e+00
1.299300e+01 0.000000e+00
1.350300e+01 0.000000e+00
1.403300e+01 0.000000e+00
1.458400e+01 0.000000e+00
1.515700e+01 0.000000e+00
1.575200e+01 0.000000e+00
1.637000e+01 0.000000e+00
1.701300e+01 0.000000e+00
1.768000e+01 0.000000e+00
1.837400e+01 0.000000e+00
1.909600e+01 0.000000e+00
1.984500e+01 0.000000e+00
2.062400e+01 0.000000e+00
2.143400e+01 0.000000e+00
2.227500e+01 0.000000e+00
2.315000e+01 0.000000e+00
2.405900e+01 0.000000e+00
2.500300e+01 0.000000e+00
2.598500e+01 0.000000e+00
2.700500e+01 0.000000e+00
2.806500e+01 0.000000e+00
2.916600e+01 0.000000e+00
3.031100e+01 0.000000e+00
3.150100e+01 0.000000e+00
3.273800e+01 0.000000e+00
3.402300e+01 0.000000e+00
3.535900e+01 0.000000e+00
3.674700e+01 0.000000e+00
3.818900e+01 0.000000e+00
3.968800e+01 0.000000e+00
4.124600e+01 0.000000e+00
4.286500e+01 0.000000e+00
4.454800e+01 0.000000e+00
4.629700e+01 0.000000e+00
4.811400e+01 0.000000e+00
5.000300e+01 0.000000e+00
5.196600e+01 0.000000e+00
5.400600e+01 0.000000e+00
5.612600e+01 0.000000e+00
5.832900e+01 0.000000e+00
6.061900e+01 0.000000e+00
6.299900e+01 0.000000e+00
6.547200e+01 0.000000e+00
6.804200e+01 0.000000e+00
7.071300e+01 0.000000e+00
7.348900e+01 0.000000e+00
7.637400e+01 0.000000e+00
7.937200e+01 0.000000e+00
8.248700e+01 0.000000e+00
8.572600e+01 0.000000e+00
8.909100e+01 0.000000e+00
9.258800e+01 0.000000e+00
9.622300e+01 0.000000e+00
